** Drc report for display_side.kicad_pcb **
** Created on 2026-06-02T23:07:38 **
** Report includes: Errors, Warnings **

** Found 12 DRC violations **
[drill_out_of_range]: Hole size out of range (board setup constraints min hole 0.3000 mm; actual 0.2000 mm)
    Rule: board setup constraints; warning
    @(57.1000 mm, 28.6100 mm): PTH pad 41 [GND] of MOD1
[drill_out_of_range]: Hole size out of range (board setup constraints min hole 0.3000 mm; actual 0.2000 mm)
    Rule: board setup constraints; warning
    @(57.1000 mm, 30.0100 mm): PTH pad 41 [GND] of MOD1
[drill_out_of_range]: Hole size out of range (board setup constraints min hole 0.3000 mm; actual 0.2000 mm)
    Rule: board setup constraints; warning
    @(57.8000 mm, 27.9100 mm): PTH pad 41 [GND] of MOD1
[drill_out_of_range]: Hole size out of range (board setup constraints min hole 0.3000 mm; actual 0.2000 mm)
    Rule: board setup constraints; warning
    @(57.8000 mm, 29.3100 mm): PTH pad 41 [GND] of MOD1
[drill_out_of_range]: Hole size out of range (board setup constraints min hole 0.3000 mm; actual 0.2000 mm)
    Rule: board setup constraints; warning
    @(57.8000 mm, 30.7100 mm): PTH pad 41 [GND] of MOD1
[drill_out_of_range]: Hole size out of range (board setup constraints min hole 0.3000 mm; actual 0.2000 mm)
    Rule: board setup constraints; warning
    @(58.5000 mm, 28.6100 mm): PTH pad 41 [GND] of MOD1
[drill_out_of_range]: Hole size out of range (board setup constraints min hole 0.3000 mm; actual 0.2000 mm)
    Rule: board setup constraints; warning
    @(58.5000 mm, 30.0100 mm): PTH pad 41 [GND] of MOD1
[drill_out_of_range]: Hole size out of range (board setup constraints min hole 0.3000 mm; actual 0.2000 mm)
    Rule: board setup constraints; warning
    @(59.2000 mm, 27.9100 mm): PTH pad 41 [GND] of MOD1
[drill_out_of_range]: Hole size out of range (board setup constraints min hole 0.3000 mm; actual 0.2000 mm)
    Rule: board setup constraints; warning
    @(59.2000 mm, 29.3100 mm): PTH pad 41 [GND] of MOD1
[drill_out_of_range]: Hole size out of range (board setup constraints min hole 0.3000 mm; actual 0.2000 mm)
    Rule: board setup constraints; warning
    @(59.2000 mm, 30.7100 mm): PTH pad 41 [GND] of MOD1
[drill_out_of_range]: Hole size out of range (board setup constraints min hole 0.3000 mm; actual 0.2000 mm)
    Rule: board setup constraints; warning
    @(59.9000 mm, 28.6100 mm): PTH pad 41 [GND] of MOD1
[drill_out_of_range]: Hole size out of range (board setup constraints min hole 0.3000 mm; actual 0.2000 mm)
    Rule: board setup constraints; warning
    @(59.9000 mm, 30.0100 mm): PTH pad 41 [GND] of MOD1

** Found 0 unconnected pads **

** Found 0 Footprint errors **

** Ignored checks **
    - Footprint has no courtyard defined
    - Track endpoint not centered on via
    - Tuning profile track geometries
    - Footprint doesn't match symbol's footprint filters
    - Missing connection between items
    - Footprint component type doesn't match footprint pads
    - Footprint not found in libraries
    - Footprint doesn't match copy in library

** End of Report **
