** Drc report for display_side.kicad_pcb **
** Created on 2026-05-27T09:16:06 **
** Report includes: Errors, Warnings **

** Found 38 DRC violations **
[courtyards_overlap]: Courtyards overlap
    Rule: board setup constraints courtyard; warning
    @(12.0000 mm, 52.0000 mm): Footprint U1
    @(22.0000 mm, 50.0000 mm): Footprint R5
[courtyards_overlap]: Courtyards overlap
    Rule: board setup constraints courtyard; warning
    @(28.0000 mm, 18.0000 mm): Footprint U2
    @(18.0000 mm, 14.0000 mm): Footprint F1
[drill_out_of_range]: Hole size out of range (board setup constraints min hole 0.3000 mm; actual 0.2000 mm)
    Rule: board setup constraints; warning
    @(47.1000 mm, 28.6100 mm): PTH pad 41 [GND] of MOD1
[drill_out_of_range]: Hole size out of range (board setup constraints min hole 0.3000 mm; actual 0.2000 mm)
    Rule: board setup constraints; warning
    @(47.1000 mm, 30.0100 mm): PTH pad 41 [GND] of MOD1
[drill_out_of_range]: Hole size out of range (board setup constraints min hole 0.3000 mm; actual 0.2000 mm)
    Rule: board setup constraints; warning
    @(47.8000 mm, 27.9100 mm): PTH pad 41 [GND] of MOD1
[drill_out_of_range]: Hole size out of range (board setup constraints min hole 0.3000 mm; actual 0.2000 mm)
    Rule: board setup constraints; warning
    @(47.8000 mm, 29.3100 mm): PTH pad 41 [GND] of MOD1
[drill_out_of_range]: Hole size out of range (board setup constraints min hole 0.3000 mm; actual 0.2000 mm)
    Rule: board setup constraints; warning
    @(47.8000 mm, 30.7100 mm): PTH pad 41 [GND] of MOD1
[drill_out_of_range]: Hole size out of range (board setup constraints min hole 0.3000 mm; actual 0.2000 mm)
    Rule: board setup constraints; warning
    @(48.5000 mm, 28.6100 mm): PTH pad 41 [GND] of MOD1
[drill_out_of_range]: Hole size out of range (board setup constraints min hole 0.3000 mm; actual 0.2000 mm)
    Rule: board setup constraints; warning
    @(48.5000 mm, 30.0100 mm): PTH pad 41 [GND] of MOD1
[drill_out_of_range]: Hole size out of range (board setup constraints min hole 0.3000 mm; actual 0.2000 mm)
    Rule: board setup constraints; warning
    @(49.2000 mm, 27.9100 mm): PTH pad 41 [GND] of MOD1
[drill_out_of_range]: Hole size out of range (board setup constraints min hole 0.3000 mm; actual 0.2000 mm)
    Rule: board setup constraints; warning
    @(49.2000 mm, 29.3100 mm): PTH pad 41 [GND] of MOD1
[drill_out_of_range]: Hole size out of range (board setup constraints min hole 0.3000 mm; actual 0.2000 mm)
    Rule: board setup constraints; warning
    @(49.2000 mm, 30.7100 mm): PTH pad 41 [GND] of MOD1
[drill_out_of_range]: Hole size out of range (board setup constraints min hole 0.3000 mm; actual 0.2000 mm)
    Rule: board setup constraints; warning
    @(49.9000 mm, 28.6100 mm): PTH pad 41 [GND] of MOD1
[drill_out_of_range]: Hole size out of range (board setup constraints min hole 0.3000 mm; actual 0.2000 mm)
    Rule: board setup constraints; warning
    @(49.9000 mm, 30.0100 mm): PTH pad 41 [GND] of MOD1
[silk_overlap]: Silkscreen clearance
    Rule: board setup constraints silk; warning
    @(25.9400 mm, 15.4400 mm): Segment of U2 on F.Silkscreen
    @(19.8100 mm, 12.6300 mm): Rectangle of F1 on F.Silkscreen
[silk_overlap]: Silkscreen clearance
    Rule: board setup constraints silk; warning
    @(25.9400 mm, 15.5350 mm): Segment of U2 on F.Silkscreen
    @(19.8100 mm, 12.6300 mm): Rectangle of F1 on F.Silkscreen
[silk_overlap]: Silkscreen clearance
    Rule: board setup constraints silk; warning
    @(25.4000 mm, 15.5300 mm): Polygon of U2 on F.Silkscreen
    @(19.8100 mm, 12.6300 mm): Rectangle of F1 on F.Silkscreen
[silk_overlap]: Silkscreen clearance
    Rule: board setup constraints silk; warning
    @(34.8500 mm, 12.5000 mm): Segment of J2 on F.Silkscreen
    @(42.5000 mm, 13.0000 mm): Footprint text of J2 (J2)
[silk_over_copper]: Silkscreen clipped by solder mask
    Local override; warning
    @(8.0000 mm, 48.0000 mm): Reference field of C1
    @(6.5250 mm, 48.0000 mm): Pad 1 [V12_PROT] of C1 on F.Cu
[silk_over_copper]: Silkscreen clipped by solder mask
    Local override; warning
    @(4.0000 mm, 61.0000 mm): Reference field of H3
    @(4.0000 mm, 61.0000 mm): NPTH pad of H3
[silk_over_copper]: Silkscreen clipped by solder mask
    Local override; warning
    @(8.0000 mm, 44.0000 mm): Reference field of TVS1
    @(6.0000 mm, 44.0000 mm): Pad 1 [GND] of TVS1 on F.Cu
[silk_over_copper]: Silkscreen clipped by solder mask
    Local override; warning
    @(8.0000 mm, 44.0000 mm): Reference field of TVS1
    @(10.0000 mm, 44.0000 mm): Pad 2 [V12_PROT] of TVS1 on F.Cu
[silk_over_copper]: Silkscreen clipped by solder mask
    Local override; warning
    @(8.0000 mm, 48.0000 mm): Reference field of C1
    @(9.4750 mm, 48.0000 mm): Pad 2 [GND] of C1 on F.Cu
[silk_over_copper]: Silkscreen clipped by solder mask
    Local override; warning
    @(12.0000 mm, 52.0000 mm): Reference field of U1
    @(12.0000 mm, 52.0000 mm): PTH pad 1 [V12_PROT] of U1
[silk_over_copper]: Silkscreen clipped by solder mask
    Local override; warning
    @(72.0000 mm, 12.0000 mm): Reference field of J3
    @(72.0000 mm, 12.0000 mm): PTH pad 1 [DBG_UART_TX] of J3
[silk_over_copper]: Silkscreen clipped by solder mask
    Local override; warning
    @(81.0000 mm, 4.0000 mm): Reference field of H2
    @(81.0000 mm, 4.0000 mm): NPTH pad of H2
[silk_over_copper]: Silkscreen clipped by solder mask
    Local override; warning
    @(72.0000 mm, 42.0000 mm): Reference field of J4
    @(72.0000 mm, 42.0000 mm): PTH pad 1 [USB_DP] of J4
[silk_over_copper]: Silkscreen clipped by solder mask
    Local override; warning
    @(81.0000 mm, 61.0000 mm): Reference field of H4
    @(81.0000 mm, 61.0000 mm): NPTH pad of H4
[silk_over_copper]: Silkscreen clipped by solder mask
    Local override; warning
    @(4.0000 mm, 4.0000 mm): Reference field of H1
    @(4.0000 mm, 4.0000 mm): NPTH pad of H1
[silk_over_copper]: Silkscreen clipped by solder mask
    Local override; warning
    @(18.0000 mm, 14.0000 mm): Reference field of F1
    @(18.0000 mm, 14.0000 mm): PTH pad 1 [V12_CAT5E] of F1
[silk_over_copper]: Silkscreen clipped by solder mask
    Local override; warning
    @(22.0000 mm, 25.0000 mm): Reference field of TVS2
    @(24.0000 mm, 25.0000 mm): Pad 2 [RS485_B] of TVS2 on F.Cu
[silk_over_copper]: Silkscreen clipped by solder mask
    Local override; warning
    @(22.0000 mm, 25.0000 mm): Reference field of TVS2
    @(20.0000 mm, 25.0000 mm): Pad 1 [RS485_A] of TVS2 on F.Cu
[silk_over_copper]: Silkscreen clipped by solder mask
    Local override; warning
    @(50.0000 mm, 30.0000 mm): Reference field of MOD1
    @(48.5000 mm, 29.3100 mm): Pad 41 [GND] of MOD1 on F.Cu
[silk_over_copper]: Silkscreen clipped by solder mask
    Local override; warning
    @(50.0000 mm, 30.0000 mm): Reference field of MOD1
    @(49.2000 mm, 29.3100 mm): PTH pad 41 [GND] of MOD1
[silk_over_copper]: Silkscreen clipped by solder mask
    Local override; warning
    @(50.0000 mm, 30.0000 mm): Reference field of MOD1
    @(47.8000 mm, 29.3100 mm): PTH pad 41 [GND] of MOD1
[silk_over_copper]: Silkscreen clipped by solder mask
    Local override; warning
    @(50.0000 mm, 30.0000 mm): Reference field of MOD1
    @(47.8000 mm, 30.7100 mm): PTH pad 41 [GND] of MOD1
[silk_over_copper]: Silkscreen clipped by solder mask
    Local override; warning
    @(50.0000 mm, 30.0000 mm): Reference field of MOD1
    @(48.5000 mm, 30.0100 mm): PTH pad 41 [GND] of MOD1
[silk_over_copper]: Silkscreen clipped by solder mask
    Local override; warning
    @(50.0000 mm, 30.0000 mm): Reference field of MOD1
    @(49.9000 mm, 30.0100 mm): PTH pad 41 [GND] of MOD1

** Found 0 unconnected pads **

** Found 34 Footprint errors **
[footprint_symbol_mismatch]: volthium:SW_SPST_B3S-1000 doesn't match footprint given by symbol (Button_Switch_SMD:SW_SPST_B3S-1000)
    Local override; warning
    @(24.0000 mm, 55.0000 mm): Footprint BTN1
[footprint_symbol_mismatch]: volthium:SW_SPST_B3S-1000 doesn't match footprint given by symbol (Button_Switch_SMD:SW_SPST_B3S-1000)
    Local override; warning
    @(42.0000 mm, 55.0000 mm): Footprint BTN2
[footprint_symbol_mismatch]: volthium:SW_SPST_B3S-1000 doesn't match footprint given by symbol (Button_Switch_SMD:SW_SPST_B3S-1000)
    Local override; warning
    @(60.0000 mm, 55.0000 mm): Footprint BTN3
[footprint_symbol_mismatch]: volthium:C_1210_3225Metric doesn't match footprint given by symbol (Capacitor_SMD:C_1210_3225Metric)
    Local override; warning
    @(8.0000 mm, 48.0000 mm): Footprint C1
[footprint_symbol_mismatch]: volthium:C_0805_2012Metric doesn't match footprint given by symbol (Capacitor_SMD:C_0805_2012Metric)
    Local override; warning
    @(37.0000 mm, 42.0000 mm): Footprint C2
[footprint_symbol_mismatch]: volthium:C_0805_2012Metric doesn't match footprint given by symbol (Capacitor_SMD:C_0805_2012Metric)
    Local override; warning
    @(41.0000 mm, 42.0000 mm): Footprint C3
[footprint_symbol_mismatch]: volthium:C_0402_1005Metric doesn't match footprint given by symbol (Capacitor_SMD:C_0402_1005Metric)
    Local override; warning
    @(45.0000 mm, 42.0000 mm): Footprint C4
[footprint_symbol_mismatch]: volthium:C_0603_1608Metric doesn't match footprint given by symbol (Capacitor_SMD:C_0603_1608Metric)
    Local override; warning
    @(33.0000 mm, 39.5000 mm): Footprint C5
[footprint_symbol_mismatch]: volthium:C_0603_1608Metric doesn't match footprint given by symbol (Capacitor_SMD:C_0603_1608Metric)
    Local override; warning
    @(49.0000 mm, 42.0000 mm): Footprint C6
[footprint_symbol_mismatch]: volthium:C_0603_1608Metric doesn't match footprint given by symbol (Capacitor_SMD:C_0603_1608Metric)
    Local override; warning
    @(53.0000 mm, 42.0000 mm): Footprint C7
[footprint_symbol_mismatch]: volthium:C_0603_1608Metric doesn't match footprint given by symbol (Capacitor_SMD:C_0603_1608Metric)
    Local override; warning
    @(26.0000 mm, 50.0000 mm): Footprint C8
[footprint_symbol_mismatch]: volthium:C_0603_1608Metric doesn't match footprint given by symbol (Capacitor_SMD:C_0603_1608Metric)
    Local override; warning
    @(44.0000 mm, 50.0000 mm): Footprint C9
[footprint_symbol_mismatch]: volthium:C_0603_1608Metric doesn't match footprint given by symbol (Capacitor_SMD:C_0603_1608Metric)
    Local override; warning
    @(62.0000 mm, 50.0000 mm): Footprint C10
[footprint_symbol_mismatch]: volthium:R_Axial_DIN0207_L6.3mm_D2.5mm_P10.16mm_Horizontal doesn't match footprint given by symbol (Resistor_THT:R_Axial_DIN0207_L6.3mm_D2.5mm_P10.16mm_Horizontal)
    Local override; warning
    @(18.0000 mm, 14.0000 mm): Footprint F1
[footprint_symbol_mismatch]: volthium:RJ45_Amphenol_RJHSE5380 doesn't match footprint given by symbol (Connector_RJ:RJ45_Amphenol_RJHSE5380)
    Local override; warning
    @(10.0000 mm, 32.0000 mm): Footprint J1
[footprint_symbol_mismatch]: volthium:Hirose_FH12-24S-0.5SH_1x24-1MP_P0.50mm_Horizontal doesn't match footprint given by symbol (Connector_FFC-FPC:Hirose_FH12-24S-0.5SH_1x24-1MP_P0.50mm_Horizontal)
    Local override; warning
    @(42.5000 mm, 8.0000 mm): Footprint J2
[footprint_symbol_mismatch]: volthium:PinHeader_1x04_P2.54mm_Vertical doesn't match footprint given by symbol (Connector_PinHeader_2.54mm:PinHeader_1x04_P2.54mm_Vertical)
    Local override; warning
    @(72.0000 mm, 12.0000 mm): Footprint J3
[footprint_symbol_mismatch]: volthium:PinHeader_1x04_P2.54mm_Vertical doesn't match footprint given by symbol (Connector_PinHeader_2.54mm:PinHeader_1x04_P2.54mm_Vertical)
    Local override; warning
    @(72.0000 mm, 42.0000 mm): Footprint J4
[footprint_symbol_mismatch]: volthium:ESP32-S3-WROOM-1U doesn't match footprint given by symbol (RF_Module:ESP32-S3-WROOM-1U)
    Local override; warning
    @(50.0000 mm, 30.0000 mm): Footprint MOD1
[footprint_symbol_mismatch]: volthium:R_0805_2012Metric doesn't match footprint given by symbol (Resistor_SMD:R_0805_2012Metric)
    Local override; warning
    @(33.0000 mm, 42.0000 mm): Footprint R1
[footprint_symbol_mismatch]: volthium:R_0805_2012Metric doesn't match footprint given by symbol (Resistor_SMD:R_0805_2012Metric)
    Local override; warning
    @(28.0000 mm, 22.5000 mm): Footprint R2
[footprint_symbol_mismatch]: volthium:R_0805_2012Metric doesn't match footprint given by symbol (Resistor_SMD:R_0805_2012Metric)
    Local override; warning
    @(34.0000 mm, 17.0000 mm): Footprint R3
[footprint_symbol_mismatch]: volthium:R_0805_2012Metric doesn't match footprint given by symbol (Resistor_SMD:R_0805_2012Metric)
    Local override; warning
    @(34.0000 mm, 19.0000 mm): Footprint R4
[footprint_symbol_mismatch]: volthium:R_0805_2012Metric doesn't match footprint given by symbol (Resistor_SMD:R_0805_2012Metric)
    Local override; warning
    @(22.0000 mm, 50.0000 mm): Footprint R5
[footprint_symbol_mismatch]: volthium:R_0805_2012Metric doesn't match footprint given by symbol (Resistor_SMD:R_0805_2012Metric)
    Local override; warning
    @(40.0000 mm, 50.0000 mm): Footprint R6
[footprint_symbol_mismatch]: volthium:R_0805_2012Metric doesn't match footprint given by symbol (Resistor_SMD:R_0805_2012Metric)
    Local override; warning
    @(58.0000 mm, 50.0000 mm): Footprint R7
[footprint_symbol_mismatch]: volthium:D_SMA doesn't match footprint given by symbol (Diode_SMD:D_SMA)
    Local override; warning
    @(8.0000 mm, 44.0000 mm): Footprint TVS1
[footprint_symbol_mismatch]: volthium:D_SMA doesn't match footprint given by symbol (Diode_SMD:D_SMA)
    Local override; warning
    @(22.0000 mm, 25.0000 mm): Footprint TVS2
[footprint_symbol_mismatch]: volthium:Converter_DCDC_RECOM_R-78E-0.5_THT doesn't match footprint given by symbol (Converter_DCDC:Converter_DCDC_RECOM_R-78E-0.5_THT)
    Local override; warning
    @(12.0000 mm, 52.0000 mm): Footprint U1
[footprint_symbol_mismatch]: volthium:SOIC-8_3.9x4.9mm_P1.27mm doesn't match footprint given by symbol (Package_SO:SOIC-8_3.9x4.9mm_P1.27mm)
    Local override; warning
    @(28.0000 mm, 18.0000 mm): Footprint U2
[extra_footprint]: Extra footprint
    Local override; warning
    @(81.0000 mm, 4.0000 mm): Footprint H2
[extra_footprint]: Extra footprint
    Local override; warning
    @(4.0000 mm, 61.0000 mm): Footprint H3
[extra_footprint]: Extra footprint
    Local override; warning
    @(4.0000 mm, 4.0000 mm): Footprint H1
[extra_footprint]: Extra footprint
    Local override; warning
    @(81.0000 mm, 61.0000 mm): Footprint H4

** Ignored checks **
    - Footprint has no courtyard defined
    - Track endpoint not centered on via
    - Tuning profile track geometries
    - Footprint doesn't match symbol's footprint filters
    - Missing connection between items
    - Footprint component type doesn't match footprint pads
    - Footprint not found in libraries
    - Footprint doesn't match copy in library

** End of Report **
