ERC report (2026-06-04T22:07:11, Encoding UTF8)
Report includes: Errors, Warnings

***** Sheet /
[wire_dangling]: Wires not connected to anything
    ; error
    @(52.07 mm, 243.84 mm): Horizontal Wire, length 26.67 mm
    @(78.74 mm, 243.84 mm): Horizontal Wire, length 20.32 mm
[isolated_pin_label]: Label connected to only one pin
    ; warning
    @(59.69 mm, 238.76 mm): Global Label 'BTN_OVERRIDE'
[unconnected_wire_endpoint]: Unconnected wire endpoint
    ; warning
    @(59.69 mm, 243.84 mm): Vertical Wire, length 5.08 mm
[isolated_pin_label]: Label connected to only one pin
    ; warning
    @(170.18 mm, 190.50 mm): Global Label 'BTN_OVERRIDE'

 ** ERC messages: 4  Errors 1  Warnings 3

 ** Ignored checks:
    - Global label only appears once in the schematic
    - Four connection points are joined together
    - SPICE model issue
    - Library symbol issue
    - Footprint link issue
    - Assigned footprint doesn't match footprint filters
