2026-05-17 18:09:59,898 INFO starting: csv=data/pack.csv interval=10.0s a=9058AE7F-F98B-D0F6-237D-6769894DE118 b=6EC69980-CA43-7DEF-519B-6235C8C535B7
2026-05-17 18:10:09,025 INFO n=1  26.70V  +0.00A  +0W  SOC 99-99%  state=idle  remainŌēłŌĆö
dashboard running at http://0.0.0.0:8421/  (csv=data/pack.csv)
2026-05-17 18:10:35,021 INFO starting: csv=data/pack.csv interval=10.0s a=9058AE7F-F98B-D0F6-237D-6769894DE118 b=6EC69980-CA43-7DEF-519B-6235C8C535B7
2026-05-17 18:10:38,335 INFO n=1  26.69V  +0.00A  +0W  SOC 99-99%  state=idle  remainŌēłŌĆö
----------------------------------------
Exception occurred during processing of request from ('192.168.1.100', 34598)
Traceback (most recent call last):
  File "/Library/Frameworks/Python.framework/Versions/3.14/lib/python3.14/socketserver.py", line 697, in process_request_thread
    self.finish_request(request, client_address)
    ~~~~~~~~~~~~~~~~~~~^^^^^^^^^^^^^^^^^^^^^^^^^
  File "/Library/Frameworks/Python.framework/Versions/3.14/lib/python3.14/socketserver.py", line 362, in finish_request
    self.RequestHandlerClass(request, client_address, self)
    ~~~~~~~~~~~~~~~~~~~~~~~~^^^^^^^^^^^^^^^^^^^^^^^^^^^^^^^
  File "/Library/Frameworks/Python.framework/Versions/3.14/lib/python3.14/socketserver.py", line 766, in __init__
    self.handle()
    ~~~~~~~~~~~^^
  File "/Library/Frameworks/Python.framework/Versions/3.14/lib/python3.14/http/server.py", line 496, in handle
    self.handle_one_request()
    ~~~~~~~~~~~~~~~~~~~~~~~^^
  File "/Library/Frameworks/Python.framework/Versions/3.14/lib/python3.14/http/server.py", line 484, in handle_one_request
    method()
    ~~~~~~^^
  File "/Users/gail/Desktop/kaan/volthium_reader/scripts/dashboard.py", line 323, in do_GET
    return self._send(HTTPStatus.OK, "application/json",
           ~~~~~~~~~~^^^^^^^^^^^^^^^^^^^^^^^^^^^^^^^^^^^
                      json.dumps({
                      ^^^^^^^^^^^^
    ...<2 lines>...
                          "events": events[-20:],  # last 20 only, keep payload small
                          ^^^^^^^^^^^^^^^^^^^^^^^^^^^^^^^^^^^^^^^^^^^^^^^^^^^^^^^^^^^
                      }).encode())
                      ^^^^^^^^^^^^
  File "/Users/gail/Desktop/kaan/volthium_reader/scripts/dashboard.py", line 337, in _send
    self.wfile.write(body)
    ~~~~~~~~~~~~~~~~^^^^^^
  File "/Library/Frameworks/Python.framework/Versions/3.14/lib/python3.14/socketserver.py", line 845, in write
    self._sock.sendall(b)
    ~~~~~~~~~~~~~~~~~~^^^
BrokenPipeError: [Errno 32] Broken pipe
----------------------------------------
----------------------------------------
Exception occurred during processing of request from ('192.168.1.100', 34614)
Traceback (most recent call last):
  File "/Library/Frameworks/Python.framework/Versions/3.14/lib/python3.14/socketserver.py", line 697, in process_request_thread
    self.finish_request(request, client_address)
    ~~~~~~~~~~~~~~~~~~~^^^^^^^^^^^^^^^^^^^^^^^^^
  File "/Library/Frameworks/Python.framework/Versions/3.14/lib/python3.14/socketserver.py", line 362, in finish_request
    self.RequestHandlerClass(request, client_address, self)
    ~~~~~~~~~~~~~~~~~~~~~~~~^^^^^^^^^^^^^^^^^^^^^^^^^^^^^^^
  File "/Library/Frameworks/Python.framework/Versions/3.14/lib/python3.14/socketserver.py", line 766, in __init__
    self.handle()
    ~~~~~~~~~~~^^
  File "/Library/Frameworks/Python.framework/Versions/3.14/lib/python3.14/http/server.py", line 496, in handle
    self.handle_one_request()
    ~~~~~~~~~~~~~~~~~~~~~~~^^
  File "/Library/Frameworks/Python.framework/Versions/3.14/lib/python3.14/http/server.py", line 484, in handle_one_request
    method()
    ~~~~~~^^
  File "/Users/gail/Desktop/kaan/volthium_reader/scripts/dashboard.py", line 323, in do_GET
    return self._send(HTTPStatus.OK, "application/json",
           ~~~~~~~~~~^^^^^^^^^^^^^^^^^^^^^^^^^^^^^^^^^^^
                      json.dumps({
                      ^^^^^^^^^^^^
    ...<2 lines>...
                          "events": events[-20:],  # last 20 only, keep payload small
                          ^^^^^^^^^^^^^^^^^^^^^^^^^^^^^^^^^^^^^^^^^^^^^^^^^^^^^^^^^^^
                      }).encode())
                      ^^^^^^^^^^^^
  File "/Users/gail/Desktop/kaan/volthium_reader/scripts/dashboard.py", line 337, in _send
    self.wfile.write(body)
    ~~~~~~~~~~~~~~~~^^^^^^
  File "/Library/Frameworks/Python.framework/Versions/3.14/lib/python3.14/socketserver.py", line 845, in write
    self._sock.sendall(b)
    ~~~~~~~~~~~~~~~~~~^^^
BrokenPipeError: [Errno 32] Broken pipe
----------------------------------------
2026-05-17 18:15:33,177 INFO n=30  26.67V  +0.00A  +0W  SOC 99-99%  state=idle  remainŌēłŌĆö
2026-05-17 18:20:37,856 INFO n=60  26.61V  -4.50A  -120W  SOC 99-99%  state=discharging  remainŌēł2913m
2026-05-17 18:23:43,859 WARNING read #77 failed (1 in a row): RuntimeError: battery 9058AE7F-F98B-D0F6-237D-6769894DE118 not found in scan
2026-05-17 18:23:46,792 INFO BLE recovered after 1 errors
2026-05-17 18:26:00,051 INFO n=90  26.57V  -3.30A  -88W  SOC 99-99%  state=discharging  remainŌēł2905m
2026-05-17 18:30:57,002 INFO n=120  26.57V  -1.40A  -37W  SOC 99-99%  state=discharging  remainŌēł4541m
2026-05-17 18:35:57,087 INFO n=150  26.59V  +0.00A  +0W  SOC 99-99%  state=idle  remainŌēłŌĆö
2026-05-17 18:41:11,452 INFO n=180  26.61V  +0.00A  +0W  SOC 99-99%  state=idle  remainŌēłŌĆö
2026-05-17 18:45:21,608 WARNING read #204 failed (1 in a row): RuntimeError: battery 9058AE7F-F98B-D0F6-237D-6769894DE118 not found in scan
2026-05-17 18:45:26,111 INFO BLE recovered after 1 errors
2026-05-17 18:46:31,123 INFO n=210  26.66V  -0.80A  -21W  SOC 99-99%  state=full  remainŌēłŌĆö
dashboard running at http://0.0.0.0:8421/  (csv=data/pack.csv)
2026-05-17 18:49:13,962 INFO starting: csv=data/pack.csv interval=10.0s a=9058AE7F-F98B-D0F6-237D-6769894DE118 b=6EC69980-CA43-7DEF-519B-6235C8C535B7
2026-05-17 18:49:17,774 INFO n=1  26.68V  -1.40A  -37W  SOC 99-99%  state=discharging  remainŌēł7629m
dashboard running at http://0.0.0.0:8421/  (csv=data/pack.csv)
LAN share URL: http://192.168.1.76:8421/
2026-05-17 18:54:15,301 INFO n=30  26.63V  -2.00A  -53W  SOC 99-99%  state=discharging  remainŌēł4463m
dashboard running at http://0.0.0.0:8421/  (csv=data/pack.csv)
LAN share URL: http://192.168.1.76:8421/
dashboard running at http://0.0.0.0:8421/  (csv=data/pack.csv)
LAN share URL: http://192.168.1.76:8421/
2026-05-17 18:58:00,906 INFO starting: csv=data/pack.csv interval=10.0s a=9058AE7F-F98B-D0F6-237D-6769894DE118 b=6EC69980-CA43-7DEF-519B-6235C8C535B7
dashboard running at http://0.0.0.0:8421/  (csv=data/pack.csv)
LAN share URL: http://192.168.1.76:8421/
2026-05-17 18:58:05,257 INFO n=1  26.76V  +4.60A  +123W  SOC 99-99%  state=full  remainŌēłŌĆö
2026-05-17 19:00:24,700 INFO starting: csv=data/pack.csv interval=10.0s a=9058AE7F-F98B-D0F6-237D-6769894DE118 b=6EC69980-CA43-7DEF-519B-6235C8C535B7
dashboard running at http://0.0.0.0:8421/  (csv=data/pack.csv)
LAN share URL: http://192.168.1.76:8421/
2026-05-17 19:00:26,734 INFO n=1  26.80V  +4.70A  +126W  SOC 99-99%  state=full  remainŌēłŌĆö
----------------------------------------
----------------------------------------
Exception occurred during processing of request from ('192.168.1.100', 48810)
Exception occurred during processing of request from ('192.168.1.100', 48798)
----------------------------------------
Exception occurred during processing of request from ('192.168.1.100', 48820)
Traceback (most recent call last):
  File "/Library/Frameworks/Python.framework/Versions/3.14/lib/python3.14/socketserver.py", line 697, in process_request_thread
    self.finish_request(request, client_address)
    ~~~~~~~~~~~~~~~~~~~^^^^^^^^^^^^^^^^^^^^^^^^^
  File "/Library/Frameworks/Python.framework/Versions/3.14/lib/python3.14/socketserver.py", line 362, in finish_request
    self.RequestHandlerClass(request, client_address, self)
    ~~~~~~~~~~~~~~~~~~~~~~~~^^^^^^^^^^^^^^^^^^^^^^^^^^^^^^^
  File "/Library/Frameworks/Python.framework/Versions/3.14/lib/python3.14/socketserver.py", line 766, in __init__
    self.handle()
    ~~~~~~~~~~~^^
Traceback (most recent call last):
  File "/Library/Frameworks/Python.framework/Versions/3.14/lib/python3.14/http/server.py", line 496, in handle
    self.handle_one_request()
    ~~~~~~~~~~~~~~~~~~~~~~~^^
----------------------------------------
Traceback (most recent call last):
  File "/Library/Frameworks/Python.framework/Versions/3.14/lib/python3.14/socketserver.py", line 697, in process_request_thread
    self.finish_request(request, client_address)
    ~~~~~~~~~~~~~~~~~~~^^^^^^^^^^^^^^^^^^^^^^^^^
  File "/Library/Frameworks/Python.framework/Versions/3.14/lib/python3.14/socketserver.py", line 362, in finish_request
    self.RequestHandlerClass(request, client_address, self)
    ~~~~~~~~~~~~~~~~~~~~~~~~^^^^^^^^^^^^^^^^^^^^^^^^^^^^^^^
  File "/Library/Frameworks/Python.framework/Versions/3.14/lib/python3.14/socketserver.py", line 766, in __init__
    self.handle()
    ~~~~~~~~~~~^^
  File "/Library/Frameworks/Python.framework/Versions/3.14/lib/python3.14/http/server.py", line 496, in handle
    self.handle_one_request()
    ~~~~~~~~~~~~~~~~~~~~~~~^^
Exception occurred during processing of request from ('192.168.1.100', 48824)
  File "/Library/Frameworks/Python.framework/Versions/3.14/lib/python3.14/http/server.py", line 484, in handle_one_request
    method()
    ~~~~~~^^
  File "/Library/Frameworks/Python.framework/Versions/3.14/lib/python3.14/socketserver.py", line 697, in process_request_thread
    self.finish_request(request, client_address)
    ~~~~~~~~~~~~~~~~~~~^^^^^^^^^^^^^^^^^^^^^^^^^
  File "/Library/Frameworks/Python.framework/Versions/3.14/lib/python3.14/http/server.py", line 484, in handle_one_request
    method()
    ~~~~~~^^
  File "/Library/Frameworks/Python.framework/Versions/3.14/lib/python3.14/socketserver.py", line 362, in finish_request
    self.RequestHandlerClass(request, client_address, self)
    ~~~~~~~~~~~~~~~~~~~~~~~~^^^^^^^^^^^^^^^^^^^^^^^^^^^^^^^
Traceback (most recent call last):
  File "/Users/gail/Desktop/kaan/volthium_reader/scripts/dashboard.py", line 372, in do_GET
    return self._send(HTTPStatus.OK, "application/json",
           ~~~~~~~~~~^^^^^^^^^^^^^^^^^^^^^^^^^^^^^^^^^^^
                      json.dumps({
                      ^^^^^^^^^^^^
    ...<2 lines>...
                          "events": events[-20:],  # last 20 only, keep payload small
                          ^^^^^^^^^^^^^^^^^^^^^^^^^^^^^^^^^^^^^^^^^^^^^^^^^^^^^^^^^^^
                      }).encode())
                      ^^^^^^^^^^^^
  File "/Users/gail/Desktop/kaan/volthium_reader/scripts/dashboard.py", line 386, in _send
    self.wfile.write(body)
    ~~~~~~~~~~~~~~~~^^^^^^
  File "/Library/Frameworks/Python.framework/Versions/3.14/lib/python3.14/socketserver.py", line 845, in write
    self._sock.sendall(b)
    ~~~~~~~~~~~~~~~~~~^^^
  File "/Library/Frameworks/Python.framework/Versions/3.14/lib/python3.14/socketserver.py", line 766, in __init__
    self.handle()
    ~~~~~~~~~~~^^
  File "/Library/Frameworks/Python.framework/Versions/3.14/lib/python3.14/socketserver.py", line 697, in process_request_thread
    self.finish_request(request, client_address)
    ~~~~~~~~~~~~~~~~~~~^^^^^^^^^^^^^^^^^^^^^^^^^
  File "/Users/gail/Desktop/kaan/volthium_reader/scripts/dashboard.py", line 372, in do_GET
    return self._send(HTTPStatus.OK, "application/json",
           ~~~~~~~~~~^^^^^^^^^^^^^^^^^^^^^^^^^^^^^^^^^^^
                      json.dumps({
                      ^^^^^^^^^^^^
    ...<2 lines>...
                          "events": events[-20:],  # last 20 only, keep payload small
                          ^^^^^^^^^^^^^^^^^^^^^^^^^^^^^^^^^^^^^^^^^^^^^^^^^^^^^^^^^^^
                      }).encode())
                      ^^^^^^^^^^^^
BrokenPipeError: [Errno 32] Broken pipe
  File "/Library/Frameworks/Python.framework/Versions/3.14/lib/python3.14/http/server.py", line 496, in handle
    self.handle_one_request()
    ~~~~~~~~~~~~~~~~~~~~~~~^^
  File "/Library/Frameworks/Python.framework/Versions/3.14/lib/python3.14/socketserver.py", line 362, in finish_request
    self.RequestHandlerClass(request, client_address, self)
    ~~~~~~~~~~~~~~~~~~~~~~~~^^^^^^^^^^^^^^^^^^^^^^^^^^^^^^^
  File "/Users/gail/Desktop/kaan/volthium_reader/scripts/dashboard.py", line 386, in _send
    self.wfile.write(body)
    ~~~~~~~~~~~~~~~~^^^^^^
----------------------------------------
  File "/Library/Frameworks/Python.framework/Versions/3.14/lib/python3.14/http/server.py", line 484, in handle_one_request
    method()
    ~~~~~~^^
  File "/Library/Frameworks/Python.framework/Versions/3.14/lib/python3.14/socketserver.py", line 845, in write
    self._sock.sendall(b)
    ~~~~~~~~~~~~~~~~~~^^^
  File "/Users/gail/Desktop/kaan/volthium_reader/scripts/dashboard.py", line 372, in do_GET
    return self._send(HTTPStatus.OK, "application/json",
           ~~~~~~~~~~^^^^^^^^^^^^^^^^^^^^^^^^^^^^^^^^^^^
                      json.dumps({
                      ^^^^^^^^^^^^
    ...<2 lines>...
                          "events": events[-20:],  # last 20 only, keep payload small
                          ^^^^^^^^^^^^^^^^^^^^^^^^^^^^^^^^^^^^^^^^^^^^^^^^^^^^^^^^^^^
                      }).encode())
                      ^^^^^^^^^^^^
BrokenPipeError: [Errno 32] Broken pipe
  File "/Users/gail/Desktop/kaan/volthium_reader/scripts/dashboard.py", line 386, in _send
    self.wfile.write(body)
    ~~~~~~~~~~~~~~~~^^^^^^
----------------------------------------
  File "/Library/Frameworks/Python.framework/Versions/3.14/lib/python3.14/socketserver.py", line 845, in write
    self._sock.sendall(b)
    ~~~~~~~~~~~~~~~~~~^^^
  File "/Library/Frameworks/Python.framework/Versions/3.14/lib/python3.14/socketserver.py", line 766, in __init__
    self.handle()
    ~~~~~~~~~~~^^
BrokenPipeError: [Errno 32] Broken pipe
  File "/Library/Frameworks/Python.framework/Versions/3.14/lib/python3.14/http/server.py", line 496, in handle
    self.handle_one_request()
    ~~~~~~~~~~~~~~~~~~~~~~~^^
----------------------------------------
  File "/Library/Frameworks/Python.framework/Versions/3.14/lib/python3.14/http/server.py", line 484, in handle_one_request
    method()
    ~~~~~~^^
  File "/Users/gail/Desktop/kaan/volthium_reader/scripts/dashboard.py", line 372, in do_GET
    return self._send(HTTPStatus.OK, "application/json",
           ~~~~~~~~~~^^^^^^^^^^^^^^^^^^^^^^^^^^^^^^^^^^^
                      json.dumps({
                      ^^^^^^^^^^^^
    ...<2 lines>...
                          "events": events[-20:],  # last 20 only, keep payload small
                          ^^^^^^^^^^^^^^^^^^^^^^^^^^^^^^^^^^^^^^^^^^^^^^^^^^^^^^^^^^^
                      }).encode())
                      ^^^^^^^^^^^^
  File "/Users/gail/Desktop/kaan/volthium_reader/scripts/dashboard.py", line 386, in _send
    self.wfile.write(body)
    ~~~~~~~~~~~~~~~~^^^^^^
  File "/Library/Frameworks/Python.framework/Versions/3.14/lib/python3.14/socketserver.py", line 845, in write
    self._sock.sendall(b)
    ~~~~~~~~~~~~~~~~~~^^^
BrokenPipeError: [Errno 32] Broken pipe
----------------------------------------
2026-05-17 19:05:16,794 INFO n=30  26.91V  +6.60A  +178W  SOC 99-100%  state=full  remainŌēłŌĆö
----------------------------------------
----------------------------------------
Exception occurred during processing of request from ('192.168.1.100', 59992)
Exception occurred during processing of request from ('192.168.1.100', 59998)
Traceback (most recent call last):
Traceback (most recent call last):
  File "/Library/Frameworks/Python.framework/Versions/3.14/lib/python3.14/socketserver.py", line 697, in process_request_thread
    self.finish_request(request, client_address)
    ~~~~~~~~~~~~~~~~~~~^^^^^^^^^^^^^^^^^^^^^^^^^
  File "/Library/Frameworks/Python.framework/Versions/3.14/lib/python3.14/socketserver.py", line 697, in process_request_thread
    self.finish_request(request, client_address)
    ~~~~~~~~~~~~~~~~~~~^^^^^^^^^^^^^^^^^^^^^^^^^
  File "/Library/Frameworks/Python.framework/Versions/3.14/lib/python3.14/socketserver.py", line 362, in finish_request
    self.RequestHandlerClass(request, client_address, self)
    ~~~~~~~~~~~~~~~~~~~~~~~~^^^^^^^^^^^^^^^^^^^^^^^^^^^^^^^
  File "/Library/Frameworks/Python.framework/Versions/3.14/lib/python3.14/socketserver.py", line 362, in finish_request
    self.RequestHandlerClass(request, client_address, self)
    ~~~~~~~~~~~~~~~~~~~~~~~~^^^^^^^^^^^^^^^^^^^^^^^^^^^^^^^
  File "/Library/Frameworks/Python.framework/Versions/3.14/lib/python3.14/socketserver.py", line 766, in __init__
    self.handle()
    ~~~~~~~~~~~^^
  File "/Library/Frameworks/Python.framework/Versions/3.14/lib/python3.14/socketserver.py", line 766, in __init__
    self.handle()
    ~~~~~~~~~~~^^
  File "/Library/Frameworks/Python.framework/Versions/3.14/lib/python3.14/http/server.py", line 496, in handle
    self.handle_one_request()
    ~~~~~~~~~~~~~~~~~~~~~~~^^
  File "/Library/Frameworks/Python.framework/Versions/3.14/lib/python3.14/http/server.py", line 496, in handle
    self.handle_one_request()
    ~~~~~~~~~~~~~~~~~~~~~~~^^
  File "/Library/Frameworks/Python.framework/Versions/3.14/lib/python3.14/http/server.py", line 464, in handle_one_request
    self.raw_requestline = self.rfile.readline(65537)
                           ~~~~~~~~~~~~~~~~~~~^^^^^^^
  File "/Library/Frameworks/Python.framework/Versions/3.14/lib/python3.14/http/server.py", line 464, in handle_one_request
    self.raw_requestline = self.rfile.readline(65537)
                           ~~~~~~~~~~~~~~~~~~~^^^^^^^
  File "/Library/Frameworks/Python.framework/Versions/3.14/lib/python3.14/socket.py", line 729, in readinto
    return self._sock.recv_into(b)
           ~~~~~~~~~~~~~~~~~~~~^^^
  File "/Library/Frameworks/Python.framework/Versions/3.14/lib/python3.14/socket.py", line 729, in readinto
    return self._sock.recv_into(b)
           ~~~~~~~~~~~~~~~~~~~~^^^
ConnectionResetError: [Errno 54] Connection reset by peer
ConnectionResetError: [Errno 54] Connection reset by peer
----------------------------------------
----------------------------------------
2026-05-17 19:10:18,265 INFO n=60  27.01V  +5.90A  +159W  SOC 100-100%  state=full  remainŌēłŌĆö
2026-05-17 19:15:18,038 INFO n=90  27.15V  +3.70A  +100W  SOC 100-100%  state=full  remainŌēłŌĆö
2026-05-17 19:20:20,818 INFO n=120  27.32V  +4.50A  +123W  SOC 100-100%  state=full  remainŌēłŌĆö
2026-05-17 19:25:18,534 INFO n=150  27.47V  +0.00A  +0W  SOC 100-100%  state=full  remainŌēłŌĆö
2026-05-17 19:30:32,574 INFO n=180  27.42V  +0.00A  +0W  SOC 100-100%  state=idle  remainŌēłŌĆö
2026-05-17 19:35:37,821 INFO n=210  27.38V  +0.00A  +0W  SOC 100-100%  state=idle  remainŌēłŌĆö
2026-05-17 19:40:42,969 INFO n=240  27.59V  +1.70A  +47W  SOC 100-100%  state=full  remainŌēłŌĆö
2026-05-17 19:45:38,987 INFO n=270  27.78V  +0.00A  +0W  SOC 100-100%  state=full  remainŌēłŌĆö
2026-05-17 19:50:45,532 INFO n=300  28.00V  +0.00A  +0W  SOC 100-100%  state=idle  remainŌēłŌĆö
2026-05-17 19:55:52,823 INFO n=330  27.57V  -2.90A  -80W  SOC 100-100%  state=discharging  remainŌēł4204m
2026-05-17 20:00:57,743 INFO n=360  27.00V  -6.20A  -167W  SOC 100-100%  state=discharging  remainŌēł1940m
2026-05-17 20:02:23,398 WARNING read #367 failed (1 in a row): RuntimeError: battery 6EC69980-CA43-7DEF-519B-6235C8C535B7 not found in scan
2026-05-17 20:02:33,272 INFO BLE recovered after 1 errors
2026-05-17 20:06:27,793 INFO n=390  26.71V  -3.50A  -93W  SOC 100-100%  state=discharging  remainŌēł2663m
2026-05-17 20:11:27,587 INFO n=420  26.63V  -3.50A  -93W  SOC 100-100%  state=discharging  remainŌēł3108m
2026-05-17 20:16:29,079 INFO n=450  26.58V  -3.50A  -93W  SOC 100-100%  state=discharging  remainŌēł3020m
----------------------------------------
Exception occurred during processing of request from ('192.168.1.44', 50442)
Traceback (most recent call last):
  File "/Library/Frameworks/Python.framework/Versions/3.14/lib/python3.14/socketserver.py", line 697, in process_request_thread
    self.finish_request(request, client_address)
    ~~~~~~~~~~~~~~~~~~~^^^^^^^^^^^^^^^^^^^^^^^^^
  File "/Library/Frameworks/Python.framework/Versions/3.14/lib/python3.14/socketserver.py", line 362, in finish_request
    self.RequestHandlerClass(request, client_address, self)
    ~~~~~~~~~~~~~~~~~~~~~~~~^^^^^^^^^^^^^^^^^^^^^^^^^^^^^^^
  File "/Library/Frameworks/Python.framework/Versions/3.14/lib/python3.14/socketserver.py", line 766, in __init__
    self.handle()
    ~~~~~~~~~~~^^
  File "/Library/Frameworks/Python.framework/Versions/3.14/lib/python3.14/http/server.py", line 496, in handle
    self.handle_one_request()
    ~~~~~~~~~~~~~~~~~~~~~~~^^
  File "/Library/Frameworks/Python.framework/Versions/3.14/lib/python3.14/http/server.py", line 484, in handle_one_request
    method()
    ~~~~~~^^
  File "/Users/gail/Desktop/kaan/volthium_reader/scripts/dashboard.py", line 372, in do_GET
    return self._send(HTTPStatus.OK, "application/json",
           ~~~~~~~~~~^^^^^^^^^^^^^^^^^^^^^^^^^^^^^^^^^^^
                      json.dumps({
                      ^^^^^^^^^^^^
    ...<2 lines>...
                          "events": events[-20:],  # last 20 only, keep payload small
                          ^^^^^^^^^^^^^^^^^^^^^^^^^^^^^^^^^^^^^^^^^^^^^^^^^^^^^^^^^^^
                      }).encode())
                      ^^^^^^^^^^^^
  File "/Users/gail/Desktop/kaan/volthium_reader/scripts/dashboard.py", line 386, in _send
    self.wfile.write(body)
    ~~~~~~~~~~~~~~~~^^^^^^
  File "/Library/Frameworks/Python.framework/Versions/3.14/lib/python3.14/socketserver.py", line 845, in write
    self._sock.sendall(b)
    ~~~~~~~~~~~~~~~~~~^^^
BrokenPipeError: [Errno 32] Broken pipe
----------------------------------------
2026-05-17 20:21:31,700 INFO n=480  26.56V  -3.30A  -88W  SOC 100-100%  state=discharging  remainŌēł3244m
2026-05-17 20:26:30,113 INFO n=510  26.50V  -6.70A  -178W  SOC 99-99%  state=discharging  remainŌēł1928m
2026-05-17 20:31:39,258 INFO n=540  26.49V  -6.10A  -162W  SOC 99-99%  state=discharging  remainŌēł1744m
2026-05-17 20:36:43,847 INFO n=570  26.49V  -5.50A  -146W  SOC 99-99%  state=discharging  remainŌēł1885m
2026-05-17 20:41:41,538 INFO n=600  26.52V  -3.10A  -82W  SOC 99-99%  state=discharging  remainŌēł3388m
2026-05-17 20:47:05,082 INFO n=630  26.52V  -3.20A  -85W  SOC 98-98%  state=discharging  remainŌēł3179m
2026-05-17 20:52:11,246 INFO n=660  26.52V  -3.40A  -90W  SOC 98-98%  state=discharging  remainŌēł2907m
2026-05-17 20:57:04,137 INFO n=690  26.51V  -4.00A  -106W  SOC 98-98%  state=discharging  remainŌēł2607m
2026-05-17 21:02:28,315 INFO n=720  26.48V  -6.90A  -183W  SOC 98-98%  state=discharging  remainŌēł1522m
2026-05-17 21:07:24,193 INFO n=750  26.49V  -5.80A  -154W  SOC 97-98%  state=discharging  remainŌēł1759m
2026-05-17 21:12:37,476 INFO n=780  26.51V  -3.70A  -98W  SOC 97-97%  state=discharging  remainŌēł2801m
2026-05-17 21:17:38,666 INFO n=810  26.52V  -3.00A  -80W  SOC 97-97%  state=discharging  remainŌēł3259m
2026-05-17 21:22:43,447 INFO n=840  26.53V  -3.10A  -82W  SOC 97-97%  state=discharging  remainŌēł3458m
2026-05-17 21:27:48,575 INFO n=870  26.53V  -3.20A  -85W  SOC 97-97%  state=discharging  remainŌēł3386m
2026-05-17 21:33:00,704 INFO n=900  26.52V  -4.90A  -130W  SOC 97-97%  state=discharging  remainŌēł3283m
dashboard running at http://0.0.0.0:8421/  (csv=data/pack.csv)
LAN share URL: http://192.168.1.76:8421/
2026-05-17 21:37:57,499 INFO n=930  26.49V  -5.90A  -156W  SOC 96-97%  state=discharging  remainŌēł1756m
2026-05-17 21:42:58,588 INFO n=960  26.49V  -5.50A  -146W  SOC 96-96%  state=discharging  remainŌēł1859m
2026-05-17 21:47:58,421 INFO n=990  26.52V  -3.10A  -82W  SOC 96-96%  state=discharging  remainŌēł3336m
2026-05-17 21:52:59,625 INFO n=1020  26.52V  -3.70A  -98W  SOC 96-96%  state=discharging  remainŌēł2832m
2026-05-17 21:58:03,079 INFO n=1050  26.52V  -3.70A  -98W  SOC 96-96%  state=discharging  remainŌēł2866m
2026-05-17 22:03:16,110 INFO n=1080  26.50V  -5.00A  -133W  SOC 95-96%  state=discharging  remainŌēł2056m
2026-05-17 22:08:24,402 INFO n=1110  26.47V  -8.30A  -220W  SOC 95-96%  state=discharging  remainŌēł1461m
2026-05-17 22:13:29,775 INFO n=1140  26.46V  -7.50A  -198W  SOC 95-95%  state=discharging  remainŌēł1353m
2026-05-17 22:18:32,451 INFO n=1170  26.47V  -5.90A  -156W  SOC 95-95%  state=discharging  remainŌēł1445m
2026-05-17 22:23:33,869 INFO n=1200  26.49V  -4.50A  -119W  SOC 94-95%  state=discharging  remainŌēł2207m
2026-05-17 22:28:36,809 INFO n=1230  26.49V  -4.60A  -122W  SOC 94-95%  state=discharging  remainŌēł2184m
2026-05-17 22:33:43,335 INFO n=1260  26.49V  -4.60A  -122W  SOC 94-94%  state=discharging  remainŌēł2190m
2026-05-17 22:38:46,770 INFO n=1290  26.50V  -4.70A  -125W  SOC 94-94%  state=discharging  remainŌēł2173m
2026-05-17 22:43:47,941 INFO n=1320  26.46V  -7.90A  -209W  SOC 93-94%  state=discharging  remainŌēł1346m
2026-05-17 22:48:52,000 INFO n=1350  26.46V  -7.30A  -193W  SOC 93-94%  state=discharging  remainŌēł1357m
2026-05-17 22:53:52,969 INFO n=1380  26.48V  -4.50A  -119W  SOC 93-93%  state=discharging  remainŌēł1814m
2026-05-17 22:59:16,365 INFO n=1410  26.49V  -4.50A  -119W  SOC 93-93%  state=discharging  remainŌēł2183m
2026-05-17 23:04:25,474 INFO n=1440  26.49V  -4.60A  -122W  SOC 92-93%  state=discharging  remainŌēł2172m
2026-05-17 23:09:24,240 INFO n=1470  26.49V  -4.60A  -122W  SOC 92-93%  state=discharging  remainŌēł2166m
2026-05-17 23:14:43,037 INFO n=1500  26.49V  -4.50A  -119W  SOC 92-92%  state=discharging  remainŌēł2196m
2026-05-17 23:19:47,405 INFO n=1530  26.46V  -7.50A  -198W  SOC 92-92%  state=discharging  remainŌēł1297m
2026-05-17 23:24:44,093 INFO n=1560  26.45V  -7.00A  -185W  SOC 91-92%  state=discharging  remainŌēł1362m
2026-05-17 23:29:49,026 INFO n=1590  26.48V  -4.30A  -114W  SOC 91-92%  state=discharging  remainŌēł2082m
2026-05-17 23:34:52,726 INFO n=1620  26.49V  -4.30A  -114W  SOC 91-91%  state=discharging  remainŌēł2186m
2026-05-17 23:39:58,585 INFO n=1650  26.49V  -4.40A  -117W  SOC 91-91%  state=discharging  remainŌēł2189m
2026-05-17 23:44:52,960 INFO n=1680  26.49V  -4.30A  -114W  SOC 91-91%  state=discharging  remainŌēł2180m
2026-05-17 23:50:06,817 INFO n=1710  26.49V  -4.50A  -119W  SOC 90-91%  state=discharging  remainŌēł2186m
2026-05-17 23:55:02,788 INFO n=1740  26.45V  -7.30A  -193W  SOC 90-91%  state=discharging  remainŌēł1304m
2026-05-18 00:00:06,221 INFO n=1770  26.45V  -7.10A  -188W  SOC 90-90%  state=discharging  remainŌēł1345m
2026-05-18 00:05:20,549 INFO n=1800  26.48V  -4.50A  -119W  SOC 89-90%  state=discharging  remainŌēł2092m
2026-05-18 00:10:18,573 INFO n=1830  26.48V  -4.60A  -122W  SOC 89-90%  state=discharging  remainŌēł2118m
2026-05-18 00:15:26,736 INFO n=1860  26.49V  -4.60A  -122W  SOC 89-90%  state=discharging  remainŌēł2120m
2026-05-18 00:20:21,165 INFO n=1890  26.49V  -4.50A  -119W  SOC 89-90%  state=discharging  remainŌēł2144m
2026-05-18 00:25:22,603 INFO n=1920  26.47V  -6.70A  -177W  SOC 89-89%  state=discharging  remainŌēł1882m
2026-05-18 00:30:27,175 INFO n=1950  26.45V  -6.90A  -182W  SOC 88-89%  state=discharging  remainŌēł1291m
2026-05-18 00:35:40,664 INFO n=1980  26.45V  -6.90A  -182W  SOC 88-89%  state=discharging  remainŌēł1308m
2026-05-18 00:40:46,721 INFO n=2010  26.48V  -4.60A  -122W  SOC 88-88%  state=discharging  remainŌēł2065m
2026-05-18 00:45:47,705 INFO n=2040  26.48V  -4.30A  -114W  SOC 88-88%  state=discharging  remainŌēł2067m
2026-05-18 00:50:54,422 INFO n=2070  26.48V  -4.10A  -109W  SOC 87-88%  state=discharging  remainŌēł2113m
2026-05-18 00:55:56,520 INFO n=2100  26.48V  -4.50A  -119W  SOC 87-88%  state=discharging  remainŌēł2035m
2026-05-18 01:00:59,984 INFO n=2130  26.44V  -7.90A  -209W  SOC 87-88%  state=discharging  remainŌēł1230m
2026-05-18 01:01:36,090 WARNING read #2132 failed (1 in a row): RuntimeError: battery 9058AE7F-F98B-D0F6-237D-6769894DE118 not found in scan
2026-05-18 01:01:42,562 INFO BLE recovered after 1 errors
2026-05-18 01:06:18,312 INFO n=2160  26.44V  -7.20A  -190W  SOC 87-87%  state=discharging  remainŌēł1272m
2026-05-18 01:11:23,966 INFO n=2190  26.46V  -4.50A  -119W  SOC 86-87%  state=discharging  remainŌēł1871m
2026-05-18 01:16:26,821 INFO n=2220  26.47V  -5.10A  -135W  SOC 86-87%  state=discharging  remainŌēł1958m
2026-05-18 01:21:29,594 INFO n=2250  26.48V  -4.70A  -124W  SOC 86-87%  state=discharging  remainŌēł2002m
2026-05-18 01:26:51,186 INFO n=2280  26.47V  -4.40A  -116W  SOC 86-86%  state=discharging  remainŌēł2035m
dashboard running at http://0.0.0.0:8421/  (csv=data/pack.csv)
LAN share URL: http://192.168.1.76:8421/
2026-05-18 01:31:56,236 INFO n=2310  26.48V  -4.40A  -116W  SOC 85-86%  state=discharging  remainŌēł2019m
2026-05-18 01:36:55,140 INFO n=2340  26.44V  -7.40A  -196W  SOC 85-86%  state=discharging  remainŌēł1219m
2026-05-18 01:42:00,666 INFO n=2370  26.43V  -7.30A  -193W  SOC 85-86%  state=discharging  remainŌēł1240m
2026-05-18 01:47:03,365 INFO n=2400  26.46V  -4.80A  -127W  SOC 85-85%  state=discharging  remainŌēł1940m
2026-05-18 01:52:09,649 INFO n=2430  26.47V  -4.50A  -119W  SOC 84-85%  state=discharging  remainŌēł2033m
2026-05-18 01:54:56,816 WARNING read #2445 failed (1 in a row): RuntimeError: battery 6EC69980-CA43-7DEF-519B-6235C8C535B7 not found in scan
2026-05-18 01:55:00,104 INFO BLE recovered after 1 errors
2026-05-18 01:57:46,212 INFO n=2460  26.47V  -4.40A  -116W  SOC 84-85%  state=discharging  remainŌēł2021m
2026-05-18 02:02:46,335 WARNING read #2489 failed (1 in a row): RuntimeError: battery 6EC69980-CA43-7DEF-519B-6235C8C535B7 not found in scan
2026-05-18 02:02:51,756 INFO BLE recovered after 1 errors
2026-05-18 02:03:04,910 INFO n=2490  26.47V  -4.60A  -122W  SOC 84-85%  state=discharging  remainŌēł2005m
2026-05-18 02:08:18,982 INFO n=2520  26.44V  -7.90A  -209W  SOC 84-85%  state=discharging  remainŌēł1437m
2026-05-18 02:13:26,759 INFO n=2550  26.42V  -7.30A  -193W  SOC 83-84%  state=discharging  remainŌēł1191m
2026-05-18 02:18:26,804 INFO n=2580  26.43V  -6.90A  -182W  SOC 83-84%  state=discharging  remainŌēł1255m
2026-05-18 02:23:28,862 INFO n=2610  26.46V  -4.40A  -116W  SOC 83-84%  state=discharging  remainŌēł1954m
2026-05-18 02:28:46,070 INFO n=2640  26.46V  -4.40A  -116W  SOC 83-84%  state=discharging  remainŌēł2009m
2026-05-18 02:33:44,083 INFO n=2670  26.46V  -4.30A  -114W  SOC 82-83%  state=discharging  remainŌēł1968m
dashboard running at http://0.0.0.0:8421/  (csv=data/pack.csv)
LAN share URL: http://192.168.1.76:8421/
2026-05-18 02:38:47,950 INFO n=2700  26.47V  -4.30A  -114W  SOC 82-83%  state=discharging  remainŌēł1954m
2026-05-18 02:43:48,479 INFO n=2730  26.43V  -7.90A  -209W  SOC 82-83%  state=discharging  remainŌēł1318m
2026-05-18 02:48:49,291 INFO n=2760  26.42V  -7.10A  -188W  SOC 82-83%  state=discharging  remainŌēł1188m
2026-05-18 02:53:55,765 INFO n=2790  26.44V  -4.40A  -116W  SOC 81-82%  state=discharging  remainŌēł1484m
2026-05-18 02:58:58,553 INFO n=2820  26.45V  -4.60A  -122W  SOC 81-82%  state=discharging  remainŌēł1870m
2026-05-18 03:04:13,518 INFO n=2850  26.46V  -4.10A  -108W  SOC 81-82%  state=discharging  remainŌēł1920m
2026-05-18 03:09:13,543 INFO n=2880  26.46V  -4.40A  -116W  SOC 81-82%  state=discharging  remainŌēł1960m
dashboard running at http://0.0.0.0:8421/  (csv=data/pack.csv)
LAN share URL: http://192.168.1.76:8421/
2026-05-18 03:14:27,425 INFO n=2910  26.46V  -4.50A  -119W  SOC 81-82%  state=discharging  remainŌēł1913m
2026-05-18 03:19:32,168 INFO n=2940  26.42V  -7.90A  -209W  SOC 80-81%  state=discharging  remainŌēł1157m
2026-05-18 03:24:33,163 INFO n=2970  26.41V  -7.30A  -193W  SOC 80-81%  state=discharging  remainŌēł1162m
2026-05-18 03:29:36,585 INFO n=3000  26.43V  -4.50A  -119W  SOC 80-81%  state=discharging  remainŌēł1670m
2026-05-18 03:34:33,673 INFO n=3030  26.44V  -4.50A  -119W  SOC 80-81%  state=discharging  remainŌēł1859m
2026-05-18 03:39:39,248 INFO n=3060  26.45V  -4.50A  -119W  SOC 79-81%  state=discharging  remainŌēł1862m
2026-05-18 03:45:03,931 INFO n=3090  26.45V  -4.40A  -116W  SOC 79-80%  state=discharging  remainŌēł1881m
2026-05-18 03:49:58,468 INFO n=3120  26.45V  -4.50A  -119W  SOC 79-80%  state=discharging  remainŌēł1881m
2026-05-18 03:54:24,113 WARNING read #3145 failed (1 in a row): RuntimeError: battery 9058AE7F-F98B-D0F6-237D-6769894DE118 not found in scan
2026-05-18 03:54:25,972 INFO BLE recovered after 1 errors
2026-05-18 03:55:18,123 INFO n=3150  26.40V  -7.50A  -198W  SOC 79-80%  state=discharging  remainŌēł1125m
2026-05-18 04:00:24,953 INFO n=3180  26.39V  -7.10A  -187W  SOC 78-80%  state=discharging  remainŌēł1130m
2026-05-18 04:05:23,559 INFO n=3210  26.42V  -4.50A  -119W  SOC 78-79%  state=discharging  remainŌēł1778m
2026-05-18 04:10:42,212 INFO n=3240  26.43V  -4.50A  -119W  SOC 78-79%  state=discharging  remainŌēł1823m
2026-05-18 04:15:39,354 INFO n=3270  26.43V  -4.30A  -114W  SOC 78-79%  state=discharging  remainŌēł1840m
2026-05-18 04:20:42,983 INFO n=3300  26.43V  -4.30A  -114W  SOC 77-79%  state=discharging  remainŌēł1825m
2026-05-18 04:25:42,663 INFO n=3330  26.42V  -4.50A  -119W  SOC 77-79%  state=discharging  remainŌēł1798m
2026-05-18 04:30:55,804 INFO n=3360  26.38V  -7.30A  -193W  SOC 77-78%  state=discharging  remainŌēł1087m
2026-05-18 04:36:02,736 INFO n=3390  26.36V  -7.30A  -192W  SOC 77-78%  state=discharging  remainŌēł1100m
2026-05-18 04:41:14,722 INFO n=3420  26.40V  -4.40A  -116W  SOC 76-78%  state=discharging  remainŌēł1743m
2026-05-18 04:46:23,067 INFO n=3450  26.40V  -4.60A  -121W  SOC 76-78%  state=discharging  remainŌēł1781m
2026-05-18 04:51:20,769 INFO n=3480  26.39V  -4.50A  -119W  SOC 76-77%  state=discharging  remainŌēł1780m
2026-05-18 04:56:34,020 INFO n=3510  26.39V  -4.70A  -124W  SOC 76-77%  state=discharging  remainŌēł1755m
2026-05-18 05:01:34,136 INFO n=3540  26.38V  -4.60A  -121W  SOC 76-77%  state=discharging  remainŌēł1762m
2026-05-18 05:06:37,535 INFO n=3570  26.33V  -7.40A  -195W  SOC 75-77%  state=discharging  remainŌēł1054m
2026-05-18 05:11:36,897 INFO n=3600  26.31V  -7.00A  -184W  SOC 75-76%  state=discharging  remainŌēł1089m
2026-05-18 05:16:47,075 INFO n=3630  26.34V  -4.50A  -119W  SOC 75-76%  state=discharging  remainŌēł1728m
----------------------------------------
Exception occurred during processing of request from ('192.168.1.100', 34408)
Traceback (most recent call last):
  File "/Library/Frameworks/Python.framework/Versions/3.14/lib/python3.14/socketserver.py", line 697, in process_request_thread
    self.finish_request(request, client_address)
    ~~~~~~~~~~~~~~~~~~~^^^^^^^^^^^^^^^^^^^^^^^^^
  File "/Library/Frameworks/Python.framework/Versions/3.14/lib/python3.14/socketserver.py", line 362, in finish_request
    self.RequestHandlerClass(request, client_address, self)
    ~~~~~~~~~~~~~~~~~~~~~~~~^^^^^^^^^^^^^^^^^^^^^^^^^^^^^^^
  File "/Library/Frameworks/Python.framework/Versions/3.14/lib/python3.14/socketserver.py", line 766, in __init__
    self.handle()
    ~~~~~~~~~~~^^
  File "/Library/Frameworks/Python.framework/Versions/3.14/lib/python3.14/http/server.py", line 496, in handle
    self.handle_one_request()
    ~~~~~~~~~~~~~~~~~~~~~~~^^
  File "/Library/Frameworks/Python.framework/Versions/3.14/lib/python3.14/http/server.py", line 484, in handle_one_request
    method()
    ~~~~~~^^
  File "/Users/gail/Desktop/kaan/volthium_reader/scripts/dashboard.py", line 640, in do_GET
    return self._send(HTTPStatus.OK, "application/json",
           ~~~~~~~~~~^^^^^^^^^^^^^^^^^^^^^^^^^^^^^^^^^^^
                      json.dumps({
                      ^^^^^^^^^^^^
    ...<4 lines>...
                          "recommendation": recommendation,
                          ^^^^^^^^^^^^^^^^^^^^^^^^^^^^^^^^^
                      }).encode())
                      ^^^^^^^^^^^^
  File "/Users/gail/Desktop/kaan/volthium_reader/scripts/dashboard.py", line 656, in _send
    self.wfile.write(body)
    ~~~~~~~~~~~~~~~~^^^^^^
  File "/Library/Frameworks/Python.framework/Versions/3.14/lib/python3.14/socketserver.py", line 845, in write
    self._sock.sendall(b)
    ~~~~~~~~~~~~~~~~~~^^^
BrokenPipeError: [Errno 32] Broken pipe
----------------------------------------
2026-05-18 05:21:49,423 INFO n=3660  26.34V  -4.60A  -121W  SOC 75-76%  state=discharging  remainŌēł1761m
dashboard running at http://0.0.0.0:8421/  (csv=data/pack.csv)
LAN share URL: http://192.168.1.76:8421/
2026-05-18 05:27:02,825 INFO n=3690  26.34V  -4.00A  -105W  SOC 74-76%  state=discharging  remainŌēł1864m
2026-05-18 05:32:30,274 INFO n=3720  26.34V  -3.90A  -103W  SOC 74-76%  state=discharging  remainŌēł1984m
2026-05-18 05:37:42,444 INFO n=3750  26.33V  -3.70A  -97W  SOC 74-75%  state=discharging  remainŌēł2098m
2026-05-18 05:42:42,339 INFO n=3780  26.28V  -6.50A  -171W  SOC 74-75%  state=discharging  remainŌēł1164m
dashboard running at http://0.0.0.0:8421/  (csv=data/pack.csv)
LAN share URL: http://192.168.1.76:8421/
2026-05-18 05:47:54,244 INFO n=3810  26.27V  -5.90A  -155W  SOC 73-75%  state=discharging  remainŌēł1265m
2026-05-18 05:52:56,525 INFO n=3840  26.30V  -3.00A  -79W  SOC 73-75%  state=discharging  remainŌēł2477m
2026-05-18 05:57:59,944 INFO n=3870  26.31V  -2.90A  -76W  SOC 73-75%  state=discharging  remainŌēł2695m
2026-05-18 06:02:58,420 INFO n=3900  26.31V  -2.60A  -68W  SOC 73-75%  state=discharging  remainŌēł2794m
2026-05-18 06:08:00,256 INFO n=3930  26.30V  -2.60A  -68W  SOC 73-74%  state=discharging  remainŌēł3024m
2026-05-18 06:12:14,916 WARNING read #3953 failed (1 in a row): RuntimeError: battery 6EC69980-CA43-7DEF-519B-6235C8C535B7 not found in scan
2026-05-18 06:12:17,495 INFO BLE recovered after 1 errors
2026-05-18 06:13:26,553 INFO n=3960  26.30V  -2.50A  -66W  SOC 73-74%  state=discharging  remainŌēł2990m
2026-05-18 06:18:29,682 INFO n=3990  26.25V  -5.00A  -131W  SOC 73-74%  state=discharging  remainŌēł1430m
2026-05-18 06:23:34,672 INFO n=4020  26.25V  -2.50A  -66W  SOC 72-74%  state=discharging  remainŌēł1840m
2026-05-18 06:28:43,378 INFO n=4050  26.27V  -2.50A  -66W  SOC 72-74%  state=discharging  remainŌēł3100m
2026-05-18 06:33:45,695 INFO n=4080  26.27V  -2.80A  -74W  SOC 72-74%  state=discharging  remainŌēł2910m
2026-05-18 06:38:54,554 INFO n=4110  26.29V  +0.00A  +0W  SOC 72-74%  state=discharging  remainŌēł10599m
2026-05-18 06:43:56,515 INFO n=4140  26.29V  +0.00A  +0W  SOC 72-74%  state=discharging  remainŌēł12397m
2026-05-18 06:48:53,168 INFO n=4170  26.26V  -4.90A  -129W  SOC 72-74%  state=discharging  remainŌēł2943m
2026-05-18 06:53:52,178 INFO n=4200  26.24V  -3.60A  -94W  SOC 72-73%  state=discharging  remainŌēł1952m
2026-05-18 06:58:54,909 INFO n=4230  26.26V  +0.00A  +0W  SOC 72-73%  state=discharging  remainŌēł7386m
2026-05-18 07:02:13,928 WARNING read #4248 failed (1 in a row): RuntimeError: battery 6EC69980-CA43-7DEF-519B-6235C8C535B7 not found in scan
2026-05-18 07:02:16,871 INFO BLE recovered after 1 errors
2026-05-18 07:04:16,917 INFO n=4260  26.28V  +0.00A  +0W  SOC 72-73%  state=idle  remainŌēłŌĆö
2026-05-18 07:09:18,282 INFO n=4290  26.28V  +0.00A  +0W  SOC 71-73%  state=idle  remainŌēłŌĆö
2026-05-18 07:14:36,547 INFO n=4320  26.28V  -0.60A  -16W  SOC 71-73%  state=idle  remainŌēłŌĆö
2026-05-18 07:19:35,235 INFO n=4350  26.29V  +0.00A  +0W  SOC 71-73%  state=idle  remainŌēłŌĆö
2026-05-18 07:24:35,041 INFO n=4380  26.26V  -4.30A  -113W  SOC 71-73%  state=discharging  remainŌēł2998m
2026-05-18 07:29:49,182 INFO n=4410  26.23V  -3.30A  -87W  SOC 71-73%  state=discharging  remainŌēł2147m
2026-05-18 07:34:49,843 INFO n=4440  26.27V  +0.00A  +0W  SOC 71-73%  state=discharging  remainŌēł13886m
2026-05-18 07:39:56,256 INFO n=4470  26.29V  +0.00A  +0W  SOC 71-73%  state=idle  remainŌēłŌĆö
dashboard running at http://0.0.0.0:8421/  (csv=data/pack.csv)
LAN share URL: http://192.168.1.76:8421/
2026-05-18 07:45:03,914 INFO n=4500  26.30V  +0.00A  +0W  SOC 71-73%  state=idle  remainŌēłŌĆö
2026-05-18 07:50:09,829 INFO n=4530  26.30V  +0.00A  +0W  SOC 71-73%  state=idle  remainŌēłŌĆö
2026-05-18 07:55:12,628 INFO n=4560  26.31V  +0.00A  +0W  SOC 71-73%  state=idle  remainŌēłŌĆö
2026-05-18 08:00:16,167 INFO n=4590  26.27V  -2.20A  -58W  SOC 71-73%  state=discharging  remainŌēł3135m
dashboard running at http://0.0.0.0:8421/  (csv=data/pack.csv)
LAN share URL: http://192.168.1.76:8421/
2026-05-18 08:05:12,327 INFO n=4620  26.26V  -1.80A  -47W  SOC 71-73%  state=discharging  remainŌēł3817m
2026-05-18 08:10:14,674 INFO n=4650  26.26V  -1.60A  -42W  SOC 71-72%  state=discharging  remainŌēł4612m
2026-05-18 08:15:30,157 INFO n=4680  26.27V  +0.00A  +0W  SOC 71-72%  state=idle  remainŌēłŌĆö
2026-05-18 08:20:28,518 INFO n=4710  26.28V  +0.00A  +0W  SOC 71-72%  state=idle  remainŌēłŌĆö
2026-05-18 08:25:33,360 INFO n=4740  26.28V  -0.70A  -18W  SOC 71-72%  state=idle  remainŌēłŌĆö
2026-05-18 08:30:44,319 INFO n=4770  26.27V  -1.30A  -34W  SOC 71-72%  state=discharging  remainŌēł7398m
2026-05-18 08:35:56,074 INFO n=4800  26.27V  +0.00A  +0W  SOC 71-72%  state=idle  remainŌēłŌĆö
2026-05-18 08:40:56,693 INFO n=4830  26.27V  +0.00A  +0W  SOC 71-72%  state=idle  remainŌēłŌĆö
2026-05-18 08:46:02,529 INFO n=4860  26.26V  -1.80A  -47W  SOC 70-72%  state=discharging  remainŌēł4695m
2026-05-18 08:51:06,598 INFO n=4890  26.28V  +0.00A  +0W  SOC 70-72%  state=idle  remainŌēłŌĆö
2026-05-18 08:56:12,111 INFO n=4920  26.30V  +0.00A  +0W  SOC 70-72%  state=idle  remainŌēłŌĆö
2026-05-18 09:01:13,940 INFO n=4950  26.30V  +0.00A  +0W  SOC 70-72%  state=idle  remainŌēłŌĆö
2026-05-18 09:06:17,531 INFO n=4980  26.30V  +0.00A  +0W  SOC 70-72%  state=idle  remainŌēłŌĆö
2026-05-18 09:11:21,286 INFO n=5010  26.32V  +0.00A  +0W  SOC 70-72%  state=idle  remainŌēłŌĆö
2026-05-18 09:16:34,923 INFO n=5040  26.34V  +0.00A  +0W  SOC 70-72%  state=idle  remainŌēłŌĆö
2026-05-18 09:21:39,024 INFO n=5070  26.27V  -1.80A  -47W  SOC 70-72%  state=discharging  remainŌēł4561m
2026-05-18 09:26:42,798 INFO n=5100  26.27V  -1.40A  -37W  SOC 70-72%  state=discharging  remainŌēł4310m
2026-05-18 09:31:46,726 INFO n=5130  26.30V  +1.40A  +37W  SOC 70-72%  state=charging  remainŌēł4204m
2026-05-18 09:36:40,529 INFO n=5160  26.34V  +1.20A  +32W  SOC 70-72%  state=charging  remainŌēł2332m
2026-05-18 09:41:41,778 INFO n=5190  26.36V  +2.20A  +58W  SOC 70-72%  state=charging  remainŌēł1496m
2026-05-18 09:46:39,720 INFO n=5220  26.40V  +0.60A  +16W  SOC 71-72%  state=charging  remainŌēł987m
2026-05-18 09:51:46,569 INFO n=5250  26.41V  +3.30A  +87W  SOC 71-72%  state=charging  remainŌēł1084m
2026-05-18 09:56:48,686 INFO n=5280  26.44V  +3.20A  +85W  SOC 71-72%  state=charging  remainŌēł901m
2026-05-18 10:01:49,453 INFO n=5310  26.54V  +6.90A  +183W  SOC 71-73%  state=charging  remainŌēł388m
2026-05-18 10:06:58,100 INFO n=5340  26.60V  +9.00A  +239W  SOC 71-73%  state=charging  remainŌēł317m
2026-05-18 10:12:01,054 INFO n=5370  26.62V  +6.30A  +168W  SOC 72-73%  state=charging  remainŌēł371m
2026-05-18 10:17:05,178 INFO n=5400  26.63V  +6.50A  +173W  SOC 72-74%  state=charging  remainŌēł392m
2026-05-18 10:22:03,395 INFO n=5430  26.61V  +4.90A  +130W  SOC 72-74%  state=charging  remainŌēł527m
2026-05-18 10:27:04,105 INFO n=5460  26.65V  +6.50A  +173W  SOC 72-74%  state=charging  remainŌēł406m
2026-05-18 10:32:11,778 INFO n=5490  26.71V  +8.30A  +222W  SOC 73-74%  state=charging  remainŌēł293m
2026-05-18 10:37:05,349 INFO n=5520  26.74V  +8.70A  +233W  SOC 73-75%  state=charging  remainŌēł281m
2026-05-18 10:42:11,681 INFO n=5550  26.73V  +5.50A  +147W  SOC 74-75%  state=charging  remainŌēł364m
2026-05-18 10:44:50,604 WARNING read #5564 failed (1 in a row): RuntimeError: battery 9058AE7F-F98B-D0F6-237D-6769894DE118 not found in scan
2026-05-18 10:44:57,183 INFO BLE recovered after 1 errors
2026-05-18 10:47:36,681 INFO n=5580  26.77V  +8.10A  +217W  SOC 74-75%  state=charging  remainŌēł306m
2026-05-18 10:52:37,994 INFO n=5610  26.77V  +7.00A  +187W  SOC 74-76%  state=charging  remainŌēł332m
2026-05-18 10:57:45,929 INFO n=5640  26.77V  +5.50A  +147W  SOC 75-76%  state=charging  remainŌēł363m
2026-05-18 11:03:00,095 INFO n=5670  26.82V  +9.00A  +241W  SOC 75-76%  state=charging  remainŌēł260m
2026-05-18 11:07:59,954 INFO n=5700  26.85V  +9.80A  +263W  SOC 75-77%  state=charging  remainŌēł219m
2026-05-18 11:13:01,590 INFO n=5730  26.87V  +10.20A  +274W  SOC 76-77%  state=charging  remainŌēł214m
2026-05-18 11:18:05,461 INFO n=5760  26.84V  +6.20A  +166W  SOC 76-78%  state=charging  remainŌēł291m
2026-05-18 11:23:11,817 INFO n=5790  26.88V  +9.40A  +253W  SOC 76-78%  state=charging  remainŌēł198m
2026-05-18 11:28:11,068 INFO n=5820  26.87V  +8.80A  +236W  SOC 77-78%  state=charging  remainŌēł231m
2026-05-18 11:33:34,302 INFO n=5850  26.90V  +10.50A  +282W  SOC 77-79%  state=charging  remainŌēł171m
2026-05-18 11:38:28,315 INFO n=5880  26.89V  +9.20A  +247W  SOC 78-79%  state=charging  remainŌēł168m
2026-05-18 11:43:39,115 WARNING read #5909 failed (1 in a row): RuntimeError: battery 6EC69980-CA43-7DEF-519B-6235C8C535B7 not found in scan
2026-05-18 11:43:43,279 INFO BLE recovered after 1 errors
2026-05-18 11:43:51,603 INFO n=5910  26.82V  +4.40A  +118W  SOC 78-79%  state=charging  remainŌēł403m
2026-05-18 11:48:53,599 INFO n=5940  26.81V  +3.60A  +97W  SOC 78-80%  state=charging  remainŌēł465m
2026-05-18 11:53:58,785 INFO n=5970  26.80V  +3.80A  +102W  SOC 79-80%  state=charging  remainŌēł504m
2026-05-18 11:59:04,959 INFO n=6000  26.83V  +6.80A  +182W  SOC 79-80%  state=charging  remainŌēł324m
2026-05-18 12:01:04,227 WARNING read #6010 failed (1 in a row): RuntimeError: battery 9058AE7F-F98B-D0F6-237D-6769894DE118 not found in scan
2026-05-18 12:01:06,459 INFO BLE recovered after 1 errors
2026-05-18 12:03:19,811 WARNING read #6021 failed (1 in a row): RuntimeError: battery 6EC69980-CA43-7DEF-519B-6235C8C535B7 not found in scan
2026-05-18 12:03:23,332 INFO BLE recovered after 1 errors
2026-05-18 12:05:01,217 INFO n=6030  26.79V  +2.10A  +56W  SOC 79-80%  state=charging  remainŌēł643m
2026-05-18 12:10:00,444 INFO n=6060  26.79V  +3.50A  +94W  SOC 79-80%  state=charging  remainŌēł513m
2026-05-18 12:15:00,684 INFO n=6090  26.79V  +2.90A  +78W  SOC 79-80%  state=charging  remainŌēł567m
2026-05-18 12:20:01,460 INFO n=6120  26.84V  +6.00A  +161W  SOC 79-81%  state=charging  remainŌēł252m
2026-05-18 12:25:00,915 INFO n=6150  26.84V  +5.40A  +145W  SOC 80-81%  state=charging  remainŌēł284m
2026-05-18 12:30:13,028 INFO n=6180  26.83V  +5.30A  +142W  SOC 80-81%  state=charging  remainŌēł342m
2026-05-18 12:35:13,505 INFO n=6210  26.84V  +6.50A  +174W  SOC 80-81%  state=charging  remainŌēł285m
2026-05-18 12:40:12,787 INFO n=6240  26.88V  +8.20A  +220W  SOC 81-82%  state=charging  remainŌēł176m
2026-05-18 12:45:30,938 INFO n=6270  26.82V  +3.30A  +89W  SOC 81-82%  state=charging  remainŌēł371m
2026-05-18 12:50:30,866 INFO n=6300  26.79V  +3.00A  +80W  SOC 81-82%  state=charging  remainŌēł567m
2026-05-18 12:55:40,169 INFO n=6330  26.76V  +0.00A  +0W  SOC 81-82%  state=charging  remainŌēł1182m
2026-05-18 13:00:48,251 INFO n=6360  26.70V  -0.60A  -16W  SOC 81-82%  state=discharging  remainŌēł8499m
2026-05-18 13:05:52,303 INFO n=6390  26.72V  +0.00A  +0W  SOC 81-82%  state=idle  remainŌēłŌĆö
2026-05-18 13:11:05,369 INFO n=6420  26.80V  +4.90A  +131W  SOC 81-82%  state=charging  remainŌēł364m
2026-05-18 13:16:05,026 INFO n=6450  26.88V  +9.10A  +245W  SOC 81-83%  state=charging  remainŌēł175m
2026-05-18 13:21:03,645 INFO n=6480  26.92V  +10.90A  +293W  SOC 82-83%  state=charging  remainŌēł134m
2026-05-18 13:26:16,003 INFO n=6510  26.88V  +7.20A  +194W  SOC 82-83%  state=charging  remainŌēł182m
2026-05-18 13:31:23,032 INFO n=6540  26.80V  +1.90A  +51W  SOC 82-84%  state=charging  remainŌēł560m
2026-05-18 13:36:27,765 INFO n=6570  26.82V  +5.30A  +142W  SOC 83-84%  state=charging  remainŌēł338m
2026-05-18 13:41:25,207 INFO n=6600  26.86V  +7.50A  +201W  SOC 83-84%  state=charging  remainŌēł198m
2026-05-18 13:46:41,716 INFO n=6630  26.93V  +11.90A  +321W  SOC 83-84%  state=charging  remainŌēł112m
2026-05-18 13:51:41,053 INFO n=6660  26.96V  +14.30A  +385W  SOC 84-85%  state=charging  remainŌēł86m
2026-05-18 13:56:47,488 INFO n=6690  26.88V  +7.70A  +207W  SOC 84-85%  state=charging  remainŌēł158m
2026-05-18 14:01:54,000 INFO n=6720  26.88V  +7.20A  +194W  SOC 85-86%  state=charging  remainŌēł135m
2026-05-18 14:06:55,394 INFO n=6750  27.00V  +19.90A  +537W  SOC 85-86%  state=charging  remainŌēł61m
2026-05-18 14:12:08,716 INFO n=6780  26.95V  +14.50A  +391W  SOC 86-87%  state=charging  remainŌēł65m
2026-05-18 14:17:13,400 INFO n=6810  26.91V  +11.60A  +312W  SOC 86-87%  state=charging  remainŌēł92m
2026-05-18 14:22:13,026 INFO n=6840  26.91V  +11.00A  +296W  SOC 87-88%  state=charging  remainŌēł74m
2026-05-18 14:27:19,347 INFO n=6870  26.84V  +7.70A  +207W  SOC 87-88%  state=charging  remainŌēł183m
2026-05-18 14:32:27,541 INFO n=6900  26.96V  +15.20A  +410W  SOC 88-89%  state=charging  remainŌēł47m
2026-05-18 14:37:31,566 INFO n=6930  26.89V  +9.70A  +261W  SOC 88-89%  state=charging  remainŌēł79m
2026-05-18 14:42:36,380 INFO n=6960  26.86V  +6.90A  +185W  SOC 89-90%  state=charging  remainŌēł94m
2026-05-18 14:47:32,603 INFO n=6990  26.85V  +4.90A  +132W  SOC 89-90%  state=charging  remainŌēł95m
2026-05-18 14:52:51,265 INFO n=7020  26.84V  +5.80A  +156W  SOC 89-90%  state=charging  remainŌēł114m
2026-05-18 14:57:04,803 WARNING read #7044 failed (1 in a row): RuntimeError: battery 6EC69980-CA43-7DEF-519B-6235C8C535B7 not found in scan
2026-05-18 14:57:10,676 INFO BLE recovered after 1 errors
2026-05-18 14:58:11,474 INFO n=7050  26.79V  +2.50A  +67W  SOC 90-90%  state=charging  remainŌēł256m
2026-05-18 15:03:22,014 INFO n=7080  26.79V  +2.90A  +78W  SOC 90-90%  state=charging  remainŌēł198m
2026-05-18 15:08:22,719 INFO n=7110  26.84V  +5.90A  +158W  SOC 90-91%  state=charging  remainŌēł87m
2026-05-18 15:13:33,295 INFO n=7140  26.85V  +6.00A  +161W  SOC 90-91%  state=charging  remainŌēł82m
2026-05-18 15:18:28,044 INFO n=7170  26.89V  +7.50A  +202W  SOC 91-91%  state=charging  remainŌēł54m
2026-05-18 15:23:25,735 INFO n=7200  26.86V  +3.60A  +97W  SOC 91-92%  state=charging  remainŌēł55m
2026-05-18 15:28:27,312 INFO n=7230  26.86V  +2.60A  +70W  SOC 91-92%  state=charging  remainŌēł63m
2026-05-18 15:32:15,127 WARNING read #7251 failed (1 in a row): RuntimeError: battery 6EC69980-CA43-7DEF-519B-6235C8C535B7 not found in scan
2026-05-18 15:32:18,291 INFO BLE recovered after 1 errors
2026-05-18 15:33:52,734 INFO n=7260  26.81V  +4.30A  +115W  SOC 91-92%  state=charging  remainŌēł105m
2026-05-18 15:39:03,370 INFO n=7290  26.87V  +6.90A  +185W  SOC 92-92%  state=charging  remainŌēł56m
2026-05-18 15:43:57,630 INFO n=7320  26.91V  +7.40A  +199W  SOC 92-93%  state=charging  remainŌēł27m
2026-05-18 15:48:57,399 INFO n=7350  26.88V  +6.70A  +180W  SOC 92-93%  state=charging  remainŌēł38m
2026-05-18 15:53:57,416 INFO n=7380  26.91V  +9.60A  +258W  SOC 93-93%  state=charging  remainŌēł30m
2026-05-18 15:59:15,500 INFO n=7410  26.76V  +0.00A  +0W  SOC 93-93%  state=idle  remainŌēłŌĆö
2026-05-18 16:00:35,586 WARNING read #7417 failed (1 in a row): RuntimeError: battery 6EC69980-CA43-7DEF-519B-6235C8C535B7 not found in scan
2026-05-18 16:00:36,854 INFO BLE recovered after 1 errors
2026-05-18 16:04:36,871 INFO n=7440  26.76V  +2.00A  +54W  SOC 93-93%  state=charging  remainŌēł195m
2026-05-18 16:09:33,260 INFO n=7470  26.78V  +2.30A  +62W  SOC 93-93%  state=charging  remainŌēł112m
2026-05-18 16:14:35,027 INFO n=7500  26.78V  +1.40A  +37W  SOC 93-94%  state=charging  remainŌēł63m
2026-05-18 16:19:36,279 INFO n=7530  26.76V  +0.00A  +0W  SOC 93-94%  state=idle  remainŌēłŌĆö
2026-05-18 16:22:00,830 WARNING read #7542 failed (1 in a row): RuntimeError: battery 9058AE7F-F98B-D0F6-237D-6769894DE118 not found in scan
2026-05-18 16:22:03,661 INFO BLE recovered after 1 errors
2026-05-18 16:25:02,929 INFO n=7560  26.69V  -2.30A  -61W  SOC 93-94%  state=discharging  remainŌēł4944m
2026-05-18 16:30:19,682 INFO n=7590  26.67V  -1.50A  -40W  SOC 93-93%  state=discharging  remainŌēł6124m
2026-05-18 16:35:30,458 WARNING read #7619 failed (1 in a row): RuntimeError: battery 6EC69980-CA43-7DEF-519B-6235C8C535B7 not found in scan
2026-05-18 16:35:38,169 INFO BLE recovered after 1 errors
2026-05-18 16:35:42,354 INFO n=7620  26.71V  +2.20A  +59W  SOC 93-93%  state=charging  remainŌēł180m
2026-05-18 16:41:00,704 INFO n=7650  26.77V  +3.10A  +83W  SOC 93-94%  state=charging  remainŌēł41m
2026-05-18 16:45:56,526 INFO n=7680  26.79V  +3.20A  +86W  SOC 93-94%  state=charging  remainŌēł38m
2026-05-18 16:51:05,569 INFO n=7710  26.78V  +1.80A  +48W  SOC 93-94%  state=charging  remainŌēł68m
2026-05-18 16:56:05,325 INFO n=7740  26.69V  -1.80A  -48W  SOC 93-94%  state=discharging  remainŌēł5997m
2026-05-18 17:00:13,070 ERROR V-12V200AH-0667|535B7: TX BLE request error (BleakError)
2026-05-18 17:00:13,072 ERROR V-12V200AH-0667|535B7: TX BLE request error (BleakError)
2026-05-18 17:00:13,073 WARNING read #7764 failed (1 in a row): TimeoutError: 
2026-05-18 17:01:07,576 WARNING read #7764 failed (2 in a row): BleakConnectionError: 9058AE7F-F98B-D0F6-237D-6769894DE118 - 9058AE7F-F98B-D0F6-237D-6769894DE118: Failed to connect after 4 attempt(s): disconnected
2026-05-18 17:02:32,042 WARNING read #7764 failed (3 in a row): BleakNotFoundError: 9058AE7F-F98B-D0F6-237D-6769894DE118 - 9058AE7F-F98B-D0F6-237D-6769894DE118: Failed to connect after 4 attempt(s): TimeoutError
2026-05-18 17:04:00,442 WARNING read #7764 failed (4 in a row): BleakNotFoundError: 9058AE7F-F98B-D0F6-237D-6769894DE118 - 9058AE7F-F98B-D0F6-237D-6769894DE118: Failed to connect after 4 attempt(s): TimeoutError
2026-05-18 17:05:47,991 WARNING read #7764 failed (5 in a row): BleakNotFoundError: 9058AE7F-F98B-D0F6-237D-6769894DE118 - 9058AE7F-F98B-D0F6-237D-6769894DE118: Failed to connect after 4 attempt(s): TimeoutError
2026-05-18 17:07:35,038 WARNING read #7764 failed (6 in a row): BleakNotFoundError: 9058AE7F-F98B-D0F6-237D-6769894DE118 - 9058AE7F-F98B-D0F6-237D-6769894DE118: Failed to connect after 4 attempt(s): TimeoutError
2026-05-18 17:08:57,588 WARNING read #7764 failed (7 in a row): BleakConnectionError: 6EC69980-CA43-7DEF-519B-6235C8C535B7 - 6EC69980-CA43-7DEF-519B-6235C8C535B7: Failed to connect after 4 attempt(s): disconnected
2026-05-18 17:09:43,739 ERROR V-12V200AH-0667|535B7: TX BLE request error (BleakError)
2026-05-18 17:09:43,745 ERROR V-12V200AH-0667|535B7: TX BLE request error (BleakError)
2026-05-18 17:09:43,746 WARNING read #7764 failed (8 in a row): TimeoutError: 
2026-05-18 17:11:01,096 WARNING read #7764 failed (9 in a row): BleakConnectionError: 6EC69980-CA43-7DEF-519B-6235C8C535B7 - 6EC69980-CA43-7DEF-519B-6235C8C535B7: Failed to connect after 4 attempt(s): disconnected
2026-05-18 17:12:17,823 ERROR V-12V200AH-0667|535B7: TX BLE request error (BleakError)
2026-05-18 17:12:17,825 ERROR V-12V200AH-0667|535B7: TX BLE request error (BleakError)
2026-05-18 17:12:17,826 WARNING read #7764 failed (10 in a row): TimeoutError: 
2026-05-18 17:13:27,896 WARNING read #7764 failed (11 in a row): RuntimeError: battery 9058AE7F-F98B-D0F6-237D-6769894DE118 not found in scan
2026-05-18 17:15:14,929 ERROR V-12V200AH-0533|DE118: TX BLE request error (BleakError)
2026-05-18 17:15:14,931 ERROR V-12V200AH-0533|DE118: TX BLE request error (BleakError)
2026-05-18 17:15:14,932 WARNING read #7764 failed (12 in a row): TimeoutError: 
2026-05-18 17:15:23,447 ERROR V-12V200AH-0667|535B7: TX BLE request error (BleakError)
2026-05-18 17:15:23,447 ERROR V-12V200AH-0667|535B7: TX BLE request error (BleakError)
2026-05-18 17:16:17,132 ERROR V-12V200AH-0667|535B7: TX BLE request error (BleakError)
2026-05-18 17:16:17,133 ERROR V-12V200AH-0667|535B7: TX BLE request error (BleakError)
2026-05-18 17:16:17,134 WARNING read #7764 failed (13 in a row): TimeoutError: 
2026-05-18 17:16:17,575 ERROR V-12V200AH-0533|DE118: TX BLE request error (BleakError)
2026-05-18 17:16:17,576 ERROR V-12V200AH-0533|DE118: TX BLE request error (BleakError)
2026-05-18 17:17:22,187 INFO BLE recovered after 13 errors
2026-05-18 17:18:18,784 INFO n=7770  26.70V  +0.00A  +0W  SOC 93-94%  state=idle  remainŌēłŌĆö
2026-05-18 17:23:23,287 INFO n=7800  26.66V  -2.60A  -69W  SOC 93-94%  state=discharging  remainŌēł5140m
2026-05-18 17:28:24,242 INFO n=7830  26.63V  -2.20A  -59W  SOC 93-94%  state=discharging  remainŌēł4703m
2026-05-18 17:33:24,481 INFO n=7860  26.61V  -2.60A  -69W  SOC 93-94%  state=discharging  remainŌēł3843m
2026-05-18 17:38:27,666 INFO n=7890  26.64V  +0.00A  +0W  SOC 93-93%  state=idle  remainŌēłŌĆö
2026-05-18 17:43:28,441 INFO n=7920  26.63V  +0.00A  +0W  SOC 93-93%  state=idle  remainŌēłŌĆö
2026-05-18 17:48:28,232 INFO n=7950  26.63V  +0.00A  +0W  SOC 93-93%  state=idle  remainŌēłŌĆö
2026-05-18 17:53:43,854 INFO n=7980  26.59V  -3.50A  -93W  SOC 93-93%  state=discharging  remainŌēł3322m
2026-05-18 17:58:39,013 INFO n=8010  26.57V  -3.20A  -85W  SOC 93-93%  state=discharging  remainŌēł2925m
2026-05-18 18:03:43,536 INFO n=8040  26.59V  +0.00A  +0W  SOC 93-93%  state=discharging  remainŌēł8598m
2026-05-18 18:08:51,376 INFO n=8070  26.63V  +0.00A  +0W  SOC 93-93%  state=idle  remainŌēłŌĆö
2026-05-18 18:10:53,021 WARNING read #8081 failed (1 in a row): RuntimeError: battery 9058AE7F-F98B-D0F6-237D-6769894DE118 not found in scan
2026-05-18 18:10:58,659 INFO BLE recovered after 1 errors
2026-05-18 18:14:18,786 INFO n=8100  26.64V  +0.00A  +0W  SOC 93-93%  state=idle  remainŌēłŌĆö
2026-05-18 18:19:20,778 INFO n=8130  26.66V  +0.00A  +0W  SOC 93-93%  state=idle  remainŌēłŌĆö
2026-05-18 18:24:29,564 INFO n=8160  26.65V  +0.00A  +0W  SOC 93-93%  state=idle  remainŌēłŌĆö
2026-05-18 18:29:41,475 INFO n=8190  26.77V  +7.30A  +195W  SOC 93-93%  state=charging  remainŌēł46m
2026-05-18 18:34:42,558 INFO n=8220  26.93V  +9.90A  +267W  SOC 93-94%  state=charging  remainŌēł12m
2026-05-18 18:39:41,680 INFO n=8250  26.80V  +0.00A  +0W  SOC 93-94%  state=charging  remainŌēł222m
2026-05-18 18:45:01,378 INFO n=8280  26.72V  +0.00A  +0W  SOC 93-94%  state=idle  remainŌēłŌĆö
2026-05-18 18:49:59,924 INFO n=8310  26.62V  -4.40A  -117W  SOC 93-94%  state=discharging  remainŌēł2387m
2026-05-18 18:55:12,757 INFO n=8340  26.58V  -3.80A  -101W  SOC 93-93%  state=discharging  remainŌēł2529m
2026-05-18 19:00:07,115 INFO n=8370  26.56V  -4.00A  -106W  SOC 93-93%  state=discharging  remainŌēł2612m
2026-05-18 19:05:09,524 INFO n=8400  26.59V  -1.80A  -48W  SOC 93-93%  state=discharging  remainŌēł7565m
2026-05-18 19:10:15,082 INFO n=8430  26.58V  -1.90A  -50W  SOC 93-93%  state=discharging  remainŌēł4942m
2026-05-18 19:15:29,225 INFO n=8460  26.57V  -2.30A  -61W  SOC 92-93%  state=discharging  remainŌēł4439m
2026-05-18 19:20:30,348 INFO n=8490  26.51V  -6.10A  -162W  SOC 92-93%  state=discharging  remainŌēł1718m
2026-05-18 19:25:29,389 INFO n=8520  26.48V  -6.90A  -183W  SOC 92-93%  state=discharging  remainŌēł1462m
2026-05-18 19:30:32,191 INFO n=8550  26.50V  -4.10A  -109W  SOC 92-92%  state=discharging  remainŌēł2178m
2026-05-18 19:35:44,689 INFO n=8580  26.52V  -3.20A  -85W  SOC 92-92%  state=discharging  remainŌēł2753m
2026-05-18 19:40:41,644 INFO n=8610  26.52V  -3.40A  -90W  SOC 91-92%  state=discharging  remainŌēł2732m
2026-05-18 19:45:52,333 INFO n=8640  26.50V  -7.00A  -185W  SOC 91-92%  state=discharging  remainŌēł2018m
2026-05-18 19:50:50,649 INFO n=8670  26.48V  -5.80A  -154W  SOC 91-92%  state=discharging  remainŌēł1596m
2026-05-18 19:55:56,010 INFO n=8700  26.48V  -5.90A  -156W  SOC 91-91%  state=discharging  remainŌēł1605m
2026-05-18 20:00:56,442 INFO n=8730  26.51V  -3.60A  -95W  SOC 91-91%  state=discharging  remainŌēł2767m
2026-05-18 20:05:58,291 INFO n=8760  26.51V  -3.50A  -93W  SOC 90-91%  state=discharging  remainŌēł2591m
2026-05-18 20:11:06,923 INFO n=8790  26.51V  -3.60A  -95W  SOC 90-91%  state=discharging  remainŌēł2607m
2026-05-18 20:16:19,420 INFO n=8820  26.47V  -6.50A  -172W  SOC 90-91%  state=discharging  remainŌēł1477m
2026-05-18 20:21:13,771 INFO n=8850  26.47V  -6.00A  -159W  SOC 90-90%  state=discharging  remainŌēł1552m
2026-05-18 20:23:11,992 WARNING read #8860 failed (1 in a row): RuntimeError: battery 9058AE7F-F98B-D0F6-237D-6769894DE118 not found in scan
2026-05-18 20:23:15,684 INFO BLE recovered after 1 errors
2026-05-18 20:26:39,692 INFO n=8880  26.48V  -3.90A  -103W  SOC 89-90%  state=discharging  remainŌēł1644m
2026-05-18 20:31:42,361 INFO n=8910  26.50V  -4.10A  -109W  SOC 89-90%  state=discharging  remainŌēł2402m
2026-05-18 20:32:32,839 WARNING read #8913 failed (1 in a row): RuntimeError: battery 9058AE7F-F98B-D0F6-237D-6769894DE118 not found in scan
2026-05-18 20:32:37,501 INFO BLE recovered after 1 errors
2026-05-18 20:37:19,232 INFO n=8940  26.50V  -4.00A  -106W  SOC 89-90%  state=discharging  remainŌēł2424m
2026-05-18 20:42:24,355 INFO n=8970  26.50V  -3.80A  -101W  SOC 89-90%  state=discharging  remainŌēł2493m
2026-05-18 20:47:20,133 INFO n=9000  26.46V  -6.70A  -177W  SOC 89-89%  state=discharging  remainŌēł1397m
2026-05-18 20:52:41,089 INFO n=9030  26.44V  -8.80A  -233W  SOC 88-89%  state=discharging  remainŌēł1197m
2026-05-18 20:57:48,047 INFO n=9060  26.46V  -5.70A  -151W  SOC 88-89%  state=discharging  remainŌēł1406m
2026-05-18 21:02:48,141 INFO n=9090  26.48V  -4.60A  -122W  SOC 88-89%  state=discharging  remainŌēł1984m
2026-05-18 21:07:54,500 INFO n=9120  26.48V  -4.90A  -130W  SOC 87-88%  state=discharging  remainŌēł1941m
2026-05-18 21:12:49,212 INFO n=9150  26.48V  -4.70A  -124W  SOC 87-88%  state=discharging  remainŌēł2000m
2026-05-18 21:17:53,548 INFO n=9180  26.45V  -7.50A  -198W  SOC 87-88%  state=discharging  remainŌēł1251m
2026-05-18 21:22:57,136 INFO n=9210  26.45V  -7.30A  -193W  SOC 87-88%  state=discharging  remainŌēł1281m
2026-05-18 21:27:58,962 INFO n=9240  26.46V  -4.30A  -114W  SOC 86-87%  state=discharging  remainŌēł1525m
2026-05-18 21:33:02,320 INFO n=9270  26.48V  -4.40A  -116W  SOC 86-87%  state=discharging  remainŌēł2041m
2026-05-18 21:38:00,857 INFO n=9300  26.48V  -4.20A  -111W  SOC 86-87%  state=discharging  remainŌēł2102m
2026-05-18 21:43:10,826 INFO n=9330  26.48V  -4.60A  -122W  SOC 86-87%  state=discharging  remainŌēł2032m
2026-05-18 21:48:11,044 INFO n=9360  26.45V  -7.90A  -209W  SOC 86-87%  state=discharging  remainŌēł1338m
2026-05-18 21:53:16,948 INFO n=9390  26.44V  -7.40A  -196W  SOC 85-86%  state=discharging  remainŌēł1223m
2026-05-18 21:58:21,309 INFO n=9420  26.45V  -6.80A  -180W  SOC 85-86%  state=discharging  remainŌēł1283m
2026-05-18 22:03:21,653 INFO n=9450  26.47V  -4.30A  -114W  SOC 85-86%  state=discharging  remainŌēł2047m
2026-05-18 22:08:22,874 INFO n=9480  26.48V  -4.10A  -109W  SOC 85-86%  state=discharging  remainŌēł2043m
2026-05-18 22:13:24,838 INFO n=9510  26.47V  -4.40A  -116W  SOC 84-85%  state=discharging  remainŌēł1968m
2026-05-18 22:18:25,759 INFO n=9540  26.45V  -7.60A  -201W  SOC 84-85%  state=discharging  remainŌēł1565m
2026-05-18 22:23:25,924 INFO n=9570  26.43V  -7.40A  -196W  SOC 84-85%  state=discharging  remainŌēł1224m
2026-05-18 22:28:24,650 INFO n=9600  26.43V  -7.10A  -188W  SOC 83-85%  state=discharging  remainŌēł1238m
2026-05-18 22:33:28,744 INFO n=9630  26.46V  -4.40A  -116W  SOC 83-84%  state=discharging  remainŌēł1957m
2026-05-18 22:38:27,539 INFO n=9660  26.47V  -4.30A  -114W  SOC 83-84%  state=discharging  remainŌēł2021m
2026-05-18 22:43:28,483 INFO n=9690  26.47V  -4.40A  -116W  SOC 83-84%  state=discharging  remainŌēł1995m
2026-05-18 22:48:35,668 INFO n=9720  26.47V  -4.70A  -124W  SOC 83-84%  state=discharging  remainŌēł1940m
2026-05-18 22:50:44,180 WARNING read #9731 failed (1 in a row): RuntimeError: battery 9058AE7F-F98B-D0F6-237D-6769894DE118 not found in scan
2026-05-18 22:50:47,434 INFO BLE recovered after 1 errors
2026-05-18 22:54:10,420 INFO n=9750  26.43V  -7.10A  -188W  SOC 82-83%  state=discharging  remainŌēł1189m
2026-05-18 22:59:23,789 INFO n=9780  26.42V  -6.90A  -182W  SOC 82-83%  state=discharging  remainŌēł1226m
2026-05-18 23:04:32,203 INFO n=9810  26.46V  -4.50A  -119W  SOC 82-83%  state=discharging  remainŌēł1937m
2026-05-18 23:09:37,257 INFO n=9840  26.46V  -4.60A  -122W  SOC 82-83%  state=discharging  remainŌēł1992m
2026-05-18 23:14:39,836 INFO n=9870  26.46V  -4.50A  -119W  SOC 81-83%  state=discharging  remainŌēł1913m
2026-05-18 23:19:46,777 INFO n=9900  26.46V  -4.40A  -116W  SOC 81-82%  state=discharging  remainŌēł1954m
2026-05-18 23:24:54,562 INFO n=9930  26.42V  -7.50A  -198W  SOC 81-82%  state=discharging  remainŌēł1148m
2026-05-18 23:29:57,656 INFO n=9960  26.42V  -6.90A  -182W  SOC 81-82%  state=discharging  remainŌēł1213m
2026-05-18 23:34:57,871 INFO n=9990  26.45V  -4.20A  -111W  SOC 80-82%  state=discharging  remainŌēł1846m
2026-05-18 23:40:13,980 INFO n=10020  26.45V  -4.30A  -114W  SOC 80-81%  state=discharging  remainŌēł1905m
2026-05-18 23:45:17,637 INFO n=10050  26.45V  -4.20A  -111W  SOC 80-81%  state=discharging  remainŌēł1924m
2026-05-18 23:50:20,219 INFO n=10080  26.45V  -4.40A  -116W  SOC 80-81%  state=discharging  remainŌēł1956m
2026-05-18 23:55:23,917 INFO n=10110  26.42V  -7.50A  -198W  SOC 79-81%  state=discharging  remainŌēł1155m
2026-05-19 00:00:36,726 INFO n=10140  26.41V  -6.90A  -182W  SOC 79-80%  state=discharging  remainŌēł1164m
2026-05-19 00:05:39,659 INFO n=10170  26.43V  -4.20A  -111W  SOC 79-80%  state=discharging  remainŌēł1601m
2026-05-19 00:10:53,505 INFO n=10200  26.44V  -4.40A  -116W  SOC 79-80%  state=discharging  remainŌēł1899m
2026-05-19 00:15:47,509 INFO n=10230  26.44V  -4.50A  -119W  SOC 78-80%  state=discharging  remainŌēł1862m
2026-05-19 00:20:49,240 INFO n=10260  26.44V  -4.30A  -114W  SOC 78-80%  state=discharging  remainŌēł1871m
2026-05-19 00:25:53,105 INFO n=10290  26.41V  -7.70A  -203W  SOC 78-79%  state=discharging  remainŌēł1314m
2026-05-19 00:31:07,379 INFO n=10320  26.39V  -6.90A  -182W  SOC 78-79%  state=discharging  remainŌēł1130m
