2026-05-17 14:49:18,598 INFO starting: csv=data/pack.csv interval=10.0s a=9058AE7F-F98B-D0F6-237D-6769894DE118 b=6EC69980-CA43-7DEF-519B-6235C8C535B7
2026-05-17 14:49:22,170 INFO n=1  26.69V  +16.30A  +435W  SOC 66-68%  state=charging  remainтЙИ236m
2026-05-17 14:54:21,405 INFO n=30  26.71V  +16.70A  +446W  SOC 67-69%  state=charging  remainтЙИ228m
2026-05-17 14:59:28,486 INFO n=60  26.73V  +17.50A  +468W  SOC 68-70%  state=charging  remainтЙИ223m
2026-05-17 15:04:31,792 INFO n=90  26.57V  -2.00A  -53W  SOC 68-70%  state=charging  remainтЙИ792m
2026-05-17 15:09:33,084 INFO n=120  26.46V  -3.20A  -85W  SOC 68-70%  state=discharging  remainтЙИ2398m
2026-05-17 15:12:57,551 INFO starting: csv=data/pack.csv interval=10.0s a=9058AE7F-F98B-D0F6-237D-6769894DE118 b=6EC69980-CA43-7DEF-519B-6235C8C535B7
2026-05-17 15:13:00,396 INFO n=1  26.43V  -3.10A  -82W  SOC 68-70%  state=discharging  remainтЙИ2245m
2026-05-17 15:17:52,052 INFO n=30  26.40V  -3.70A  -98W  SOC 68-70%  state=discharging  remainтЙИ2157m
2026-05-17 15:22:57,511 INFO n=60  26.37V  -3.20A  -84W  SOC 68-70%  state=discharging  remainтЙИ2265m
2026-05-17 15:28:07,897 INFO n=90  26.33V  -6.00A  -158W  SOC 68-69%  state=discharging  remainтЙИ1605m
2026-05-17 15:33:15,360 INFO n=120  26.31V  -3.80A  -100W  SOC 67-69%  state=discharging  remainтЙИ1697m
2026-05-17 15:38:11,753 INFO n=150  27.06V  +60.10A  +1626W  SOC 69-71%  state=charging  remainтЙИ49m
2026-05-17 15:43:08,560 INFO n=180  27.12V  +60.10A  +1630W  SOC 72-73%  state=charging  remainтЙИ44m
2026-05-17 15:48:10,748 INFO n=210  27.07V  +49.00A  +1326W  SOC 74-76%  state=charging  remainтЙИ44m
2026-05-17 15:53:12,399 INFO n=240  27.05V  +44.40A  +1201W  SOC 76-78%  state=charging  remainтЙИ46m
2026-05-17 15:58:21,516 INFO n=270  27.05V  +44.90A  +1215W  SOC 78-80%  state=charging  remainтЙИ40m
2026-05-17 16:03:24,316 INFO n=300  27.15V  +61.00A  +1656W  SOC 81-82%  state=charging  remainтЙИ25m
2026-05-17 16:08:25,863 INFO n=330  27.17V  +61.70A  +1676W  SOC 83-84%  state=charging  remainтЙИ22m
2026-05-17 16:13:26,801 INFO n=360  27.18V  +60.70A  +1650W  SOC 86-87%  state=charging  remainтЙИ16m
2026-05-17 16:18:29,309 INFO n=390  27.21V  +60.70A  +1651W  SOC 89-89%  state=charging  remainтЙИ12m
2026-05-17 16:23:35,564 INFO n=420  26.86V  +11.20A  +301W  SOC 90-91%  state=charging  remainтЙИ27m
2026-05-17 16:28:34,466 INFO n=450  26.84V  +12.00A  +322W  SOC 91-92%  state=charging  remainтЙИ29m
2026-05-17 16:33:37,813 INFO n=480  26.85V  +12.40A  +333W  SOC 92-92%  state=charging  remainтЙИ29m
2026-05-17 16:38:44,730 INFO n=510  26.86V  +12.00A  +322W  SOC 92-93%  state=charging  remainтЙИ20m
2026-05-17 16:43:49,912 INFO n=540  26.87V  +12.20A  +328W  SOC 93-93%  state=charging  remainтЙИ19m
2026-05-17 16:49:03,474 INFO n=570  26.91V  +14.90A  +401W  SOC 93-94%  state=charging  remainтЙИ8m
2026-05-17 16:54:00,365 INFO n=600  26.91V  +14.40A  +388W  SOC 94-94%  state=charging  remainтЙИ8m
2026-05-17 16:59:07,154 INFO n=630  26.92V  +14.40A  +388W  SOC 95-95%  state=full  remainтЙИтАФ
2026-05-17 17:04:10,117 INFO n=660  26.94V  +14.10A  +380W  SOC 95-96%  state=full  remainтЙИтАФ
2026-05-17 17:09:09,416 INFO n=690  26.91V  +11.20A  +301W  SOC 96-96%  state=full  remainтЙИтАФ
2026-05-17 17:14:25,519 INFO n=720  26.92V  +10.60A  +285W  SOC 96-96%  state=full  remainтЙИтАФ
2026-05-17 17:19:30,355 INFO n=750  26.94V  +10.90A  +294W  SOC 97-97%  state=full  remainтЙИтАФ
2026-05-17 17:23:45,573 WARNING read #774 failed (1 in a row): RuntimeError: battery 9058AE7F-F98B-D0F6-237D-6769894DE118 not found in scan
2026-05-17 17:23:50,375 INFO BLE recovered after 1 errors
2026-05-17 17:24:48,786 INFO n=780  27.00V  +13.00A  +351W  SOC 97-97%  state=full  remainтЙИтАФ
2026-05-17 17:29:53,670 INFO n=810  27.02V  +12.40A  +335W  SOC 98-98%  state=full  remainтЙИтАФ
2026-05-17 17:34:55,429 INFO n=840  27.04V  +12.10A  +327W  SOC 98-99%  state=full  remainтЙИтАФ
2026-05-17 17:40:01,591 INFO n=870  27.06V  +11.00A  +298W  SOC 99-99%  state=full  remainтЙИтАФ
2026-05-17 17:45:08,162 INFO n=900  27.08V  +10.00A  +271W  SOC 99-99%  state=full  remainтЙИтАФ
2026-05-17 17:50:09,325 INFO n=930  26.95V  -2.90A  -78W  SOC 100-100%  state=full  remainтЙИтАФ
2026-05-17 17:55:14,477 INFO n=960  26.71V  -2.60A  -69W  SOC 99-100%  state=discharging  remainтЙИ3756m
2026-05-17 17:59:49,271 INFO starting: csv=data/pack.csv interval=10.0s a=9058AE7F-F98B-D0F6-237D-6769894DE118 b=6EC69980-CA43-7DEF-519B-6235C8C535B7
2026-05-17 18:00:02,179 INFO n=1  26.70V  +0.00A  +0W  SOC 99-99%  state=idle  remainтЙИтАФ
2026-05-17 18:04:02,255 WARNING read #24 failed (1 in a row): RuntimeError: battery 6EC69980-CA43-7DEF-519B-6235C8C535B7 not found in scan
2026-05-17 18:04:08,473 INFO BLE recovered after 1 errors
2026-05-17 18:05:06,635 INFO n=30  26.69V  +0.00A  +0W  SOC 99-99%  state=idle  remainтЙИтАФ
2026-05-17 18:07:23,141 INFO starting: csv=data/pack.csv interval=10.0s a=9058AE7F-F98B-D0F6-237D-6769894DE118 b=6EC69980-CA43-7DEF-519B-6235C8C535B7
2026-05-17 18:07:25,716 INFO n=1  26.71V  +5.00A  +134W  SOC 99-99%  state=full  remainтЙИтАФ
2026-05-17 18:09:29,864 INFO starting: csv=data/pack.csv interval=10.0s a=9058AE7F-F98B-D0F6-237D-6769894DE118 b=6EC69980-CA43-7DEF-519B-6235C8C535B7
2026-05-17 18:09:38,009 INFO n=1  26.70V  +0.00A  +0W  SOC 99-99%  state=idle  remainтЙИтАФ
2026-05-17 18:09:59,898 INFO starting: csv=data/pack.csv interval=10.0s a=9058AE7F-F98B-D0F6-237D-6769894DE118 b=6EC69980-CA43-7DEF-519B-6235C8C535B7
2026-05-17 18:10:09,025 INFO n=1  26.70V  +0.00A  +0W  SOC 99-99%  state=idle  remainтЙИтАФ
2026-05-17 18:10:35,021 INFO starting: csv=data/pack.csv interval=10.0s a=9058AE7F-F98B-D0F6-237D-6769894DE118 b=6EC69980-CA43-7DEF-519B-6235C8C535B7
2026-05-17 18:10:38,335 INFO n=1  26.69V  +0.00A  +0W  SOC 99-99%  state=idle  remainтЙИтАФ
2026-05-17 18:15:33,177 INFO n=30  26.67V  +0.00A  +0W  SOC 99-99%  state=idle  remainтЙИтАФ
2026-05-17 18:20:37,856 INFO n=60  26.61V  -4.50A  -120W  SOC 99-99%  state=discharging  remainтЙИ2913m
2026-05-17 18:23:43,859 WARNING read #77 failed (1 in a row): RuntimeError: battery 9058AE7F-F98B-D0F6-237D-6769894DE118 not found in scan
2026-05-17 18:23:46,792 INFO BLE recovered after 1 errors
2026-05-17 18:26:00,051 INFO n=90  26.57V  -3.30A  -88W  SOC 99-99%  state=discharging  remainтЙИ2905m
2026-05-17 18:30:57,002 INFO n=120  26.57V  -1.40A  -37W  SOC 99-99%  state=discharging  remainтЙИ4541m
2026-05-17 18:35:57,087 INFO n=150  26.59V  +0.00A  +0W  SOC 99-99%  state=idle  remainтЙИтАФ
2026-05-17 18:41:11,452 INFO n=180  26.61V  +0.00A  +0W  SOC 99-99%  state=idle  remainтЙИтАФ
2026-05-17 18:45:21,608 WARNING read #204 failed (1 in a row): RuntimeError: battery 9058AE7F-F98B-D0F6-237D-6769894DE118 not found in scan
2026-05-17 18:45:26,111 INFO BLE recovered after 1 errors
2026-05-17 18:46:31,123 INFO n=210  26.66V  -0.80A  -21W  SOC 99-99%  state=full  remainтЙИтАФ
2026-05-17 18:49:13,962 INFO starting: csv=data/pack.csv interval=10.0s a=9058AE7F-F98B-D0F6-237D-6769894DE118 b=6EC69980-CA43-7DEF-519B-6235C8C535B7
2026-05-17 18:49:17,774 INFO n=1  26.68V  -1.40A  -37W  SOC 99-99%  state=discharging  remainтЙИ7629m
2026-05-17 18:54:15,301 INFO n=30  26.63V  -2.00A  -53W  SOC 99-99%  state=discharging  remainтЙИ4463m
2026-05-17 18:58:00,906 INFO starting: csv=data/pack.csv interval=10.0s a=9058AE7F-F98B-D0F6-237D-6769894DE118 b=6EC69980-CA43-7DEF-519B-6235C8C535B7
2026-05-17 18:58:05,257 INFO n=1  26.76V  +4.60A  +123W  SOC 99-99%  state=full  remainтЙИтАФ
2026-05-17 19:00:24,700 INFO starting: csv=data/pack.csv interval=10.0s a=9058AE7F-F98B-D0F6-237D-6769894DE118 b=6EC69980-CA43-7DEF-519B-6235C8C535B7
2026-05-17 19:00:26,734 INFO n=1  26.80V  +4.70A  +126W  SOC 99-99%  state=full  remainтЙИтАФ
2026-05-17 19:05:16,794 INFO n=30  26.91V  +6.60A  +178W  SOC 99-100%  state=full  remainтЙИтАФ
2026-05-17 19:10:18,265 INFO n=60  27.01V  +5.90A  +159W  SOC 100-100%  state=full  remainтЙИтАФ
2026-05-17 19:15:18,038 INFO n=90  27.15V  +3.70A  +100W  SOC 100-100%  state=full  remainтЙИтАФ
2026-05-17 19:20:20,818 INFO n=120  27.32V  +4.50A  +123W  SOC 100-100%  state=full  remainтЙИтАФ
2026-05-17 19:25:18,534 INFO n=150  27.47V  +0.00A  +0W  SOC 100-100%  state=full  remainтЙИтАФ
2026-05-17 19:30:32,574 INFO n=180  27.42V  +0.00A  +0W  SOC 100-100%  state=idle  remainтЙИтАФ
2026-05-17 19:35:37,821 INFO n=210  27.38V  +0.00A  +0W  SOC 100-100%  state=idle  remainтЙИтАФ
2026-05-17 19:40:42,969 INFO n=240  27.59V  +1.70A  +47W  SOC 100-100%  state=full  remainтЙИтАФ
2026-05-17 19:45:38,987 INFO n=270  27.78V  +0.00A  +0W  SOC 100-100%  state=full  remainтЙИтАФ
2026-05-17 19:50:45,532 INFO n=300  28.00V  +0.00A  +0W  SOC 100-100%  state=idle  remainтЙИтАФ
2026-05-17 19:55:52,823 INFO n=330  27.57V  -2.90A  -80W  SOC 100-100%  state=discharging  remainтЙИ4204m
2026-05-17 20:00:57,743 INFO n=360  27.00V  -6.20A  -167W  SOC 100-100%  state=discharging  remainтЙИ1940m
2026-05-17 20:02:23,398 WARNING read #367 failed (1 in a row): RuntimeError: battery 6EC69980-CA43-7DEF-519B-6235C8C535B7 not found in scan
2026-05-17 20:02:33,272 INFO BLE recovered after 1 errors
2026-05-17 20:06:27,793 INFO n=390  26.71V  -3.50A  -93W  SOC 100-100%  state=discharging  remainтЙИ2663m
2026-05-17 20:11:27,587 INFO n=420  26.63V  -3.50A  -93W  SOC 100-100%  state=discharging  remainтЙИ3108m
2026-05-17 20:16:29,079 INFO n=450  26.58V  -3.50A  -93W  SOC 100-100%  state=discharging  remainтЙИ3020m
2026-05-17 20:21:31,700 INFO n=480  26.56V  -3.30A  -88W  SOC 100-100%  state=discharging  remainтЙИ3244m
2026-05-17 20:26:30,113 INFO n=510  26.50V  -6.70A  -178W  SOC 99-99%  state=discharging  remainтЙИ1928m
2026-05-17 20:31:39,258 INFO n=540  26.49V  -6.10A  -162W  SOC 99-99%  state=discharging  remainтЙИ1744m
2026-05-17 20:36:43,847 INFO n=570  26.49V  -5.50A  -146W  SOC 99-99%  state=discharging  remainтЙИ1885m
2026-05-17 20:41:41,538 INFO n=600  26.52V  -3.10A  -82W  SOC 99-99%  state=discharging  remainтЙИ3388m
2026-05-17 20:47:05,082 INFO n=630  26.52V  -3.20A  -85W  SOC 98-98%  state=discharging  remainтЙИ3179m
2026-05-17 20:52:11,246 INFO n=660  26.52V  -3.40A  -90W  SOC 98-98%  state=discharging  remainтЙИ2907m
2026-05-17 20:57:04,137 INFO n=690  26.51V  -4.00A  -106W  SOC 98-98%  state=discharging  remainтЙИ2607m
2026-05-17 21:02:28,315 INFO n=720  26.48V  -6.90A  -183W  SOC 98-98%  state=discharging  remainтЙИ1522m
2026-05-17 21:07:24,193 INFO n=750  26.49V  -5.80A  -154W  SOC 97-98%  state=discharging  remainтЙИ1759m
2026-05-17 21:12:37,476 INFO n=780  26.51V  -3.70A  -98W  SOC 97-97%  state=discharging  remainтЙИ2801m
2026-05-17 21:17:38,666 INFO n=810  26.52V  -3.00A  -80W  SOC 97-97%  state=discharging  remainтЙИ3259m
2026-05-17 21:22:43,447 INFO n=840  26.53V  -3.10A  -82W  SOC 97-97%  state=discharging  remainтЙИ3458m
2026-05-17 21:27:48,575 INFO n=870  26.53V  -3.20A  -85W  SOC 97-97%  state=discharging  remainтЙИ3386m
2026-05-17 21:33:00,704 INFO n=900  26.52V  -4.90A  -130W  SOC 97-97%  state=discharging  remainтЙИ3283m
2026-05-17 21:37:57,499 INFO n=930  26.49V  -5.90A  -156W  SOC 96-97%  state=discharging  remainтЙИ1756m
2026-05-17 21:42:58,588 INFO n=960  26.49V  -5.50A  -146W  SOC 96-96%  state=discharging  remainтЙИ1859m
2026-05-17 21:47:58,421 INFO n=990  26.52V  -3.10A  -82W  SOC 96-96%  state=discharging  remainтЙИ3336m
2026-05-17 21:52:59,625 INFO n=1020  26.52V  -3.70A  -98W  SOC 96-96%  state=discharging  remainтЙИ2832m
2026-05-17 21:58:03,079 INFO n=1050  26.52V  -3.70A  -98W  SOC 96-96%  state=discharging  remainтЙИ2866m
2026-05-17 22:03:16,110 INFO n=1080  26.50V  -5.00A  -133W  SOC 95-96%  state=discharging  remainтЙИ2056m
2026-05-17 22:08:24,402 INFO n=1110  26.47V  -8.30A  -220W  SOC 95-96%  state=discharging  remainтЙИ1461m
2026-05-17 22:13:29,775 INFO n=1140  26.46V  -7.50A  -198W  SOC 95-95%  state=discharging  remainтЙИ1353m
2026-05-17 22:18:32,451 INFO n=1170  26.47V  -5.90A  -156W  SOC 95-95%  state=discharging  remainтЙИ1445m
2026-05-17 22:23:33,869 INFO n=1200  26.49V  -4.50A  -119W  SOC 94-95%  state=discharging  remainтЙИ2207m
2026-05-17 22:28:36,809 INFO n=1230  26.49V  -4.60A  -122W  SOC 94-95%  state=discharging  remainтЙИ2184m
2026-05-17 22:33:43,335 INFO n=1260  26.49V  -4.60A  -122W  SOC 94-94%  state=discharging  remainтЙИ2190m
2026-05-17 22:38:46,770 INFO n=1290  26.50V  -4.70A  -125W  SOC 94-94%  state=discharging  remainтЙИ2173m
2026-05-17 22:43:47,941 INFO n=1320  26.46V  -7.90A  -209W  SOC 93-94%  state=discharging  remainтЙИ1346m
2026-05-17 22:48:52,000 INFO n=1350  26.46V  -7.30A  -193W  SOC 93-94%  state=discharging  remainтЙИ1357m
2026-05-17 22:53:52,969 INFO n=1380  26.48V  -4.50A  -119W  SOC 93-93%  state=discharging  remainтЙИ1814m
2026-05-17 22:59:16,365 INFO n=1410  26.49V  -4.50A  -119W  SOC 93-93%  state=discharging  remainтЙИ2183m
2026-05-17 23:04:25,474 INFO n=1440  26.49V  -4.60A  -122W  SOC 92-93%  state=discharging  remainтЙИ2172m
2026-05-17 23:09:24,240 INFO n=1470  26.49V  -4.60A  -122W  SOC 92-93%  state=discharging  remainтЙИ2166m
2026-05-17 23:14:43,037 INFO n=1500  26.49V  -4.50A  -119W  SOC 92-92%  state=discharging  remainтЙИ2196m
2026-05-17 23:19:47,405 INFO n=1530  26.46V  -7.50A  -198W  SOC 92-92%  state=discharging  remainтЙИ1297m
2026-05-17 23:24:44,093 INFO n=1560  26.45V  -7.00A  -185W  SOC 91-92%  state=discharging  remainтЙИ1362m
2026-05-17 23:29:49,026 INFO n=1590  26.48V  -4.30A  -114W  SOC 91-92%  state=discharging  remainтЙИ2082m
2026-05-17 23:34:52,726 INFO n=1620  26.49V  -4.30A  -114W  SOC 91-91%  state=discharging  remainтЙИ2186m
2026-05-17 23:39:58,585 INFO n=1650  26.49V  -4.40A  -117W  SOC 91-91%  state=discharging  remainтЙИ2189m
2026-05-17 23:44:52,960 INFO n=1680  26.49V  -4.30A  -114W  SOC 91-91%  state=discharging  remainтЙИ2180m
2026-05-17 23:50:06,817 INFO n=1710  26.49V  -4.50A  -119W  SOC 90-91%  state=discharging  remainтЙИ2186m
2026-05-17 23:55:02,788 INFO n=1740  26.45V  -7.30A  -193W  SOC 90-91%  state=discharging  remainтЙИ1304m
2026-05-18 00:00:06,221 INFO n=1770  26.45V  -7.10A  -188W  SOC 90-90%  state=discharging  remainтЙИ1345m
2026-05-18 00:05:20,549 INFO n=1800  26.48V  -4.50A  -119W  SOC 89-90%  state=discharging  remainтЙИ2092m
2026-05-18 00:10:18,573 INFO n=1830  26.48V  -4.60A  -122W  SOC 89-90%  state=discharging  remainтЙИ2118m
2026-05-18 00:15:26,736 INFO n=1860  26.49V  -4.60A  -122W  SOC 89-90%  state=discharging  remainтЙИ2120m
2026-05-18 00:20:21,165 INFO n=1890  26.49V  -4.50A  -119W  SOC 89-90%  state=discharging  remainтЙИ2144m
2026-05-18 00:25:22,603 INFO n=1920  26.47V  -6.70A  -177W  SOC 89-89%  state=discharging  remainтЙИ1882m
2026-05-18 00:30:27,175 INFO n=1950  26.45V  -6.90A  -182W  SOC 88-89%  state=discharging  remainтЙИ1291m
2026-05-18 00:35:40,664 INFO n=1980  26.45V  -6.90A  -182W  SOC 88-89%  state=discharging  remainтЙИ1308m
2026-05-18 00:40:46,721 INFO n=2010  26.48V  -4.60A  -122W  SOC 88-88%  state=discharging  remainтЙИ2065m
2026-05-18 00:45:47,705 INFO n=2040  26.48V  -4.30A  -114W  SOC 88-88%  state=discharging  remainтЙИ2067m
2026-05-18 00:50:54,422 INFO n=2070  26.48V  -4.10A  -109W  SOC 87-88%  state=discharging  remainтЙИ2113m
2026-05-18 00:55:56,520 INFO n=2100  26.48V  -4.50A  -119W  SOC 87-88%  state=discharging  remainтЙИ2035m
2026-05-18 01:00:59,984 INFO n=2130  26.44V  -7.90A  -209W  SOC 87-88%  state=discharging  remainтЙИ1230m
2026-05-18 01:01:36,090 WARNING read #2132 failed (1 in a row): RuntimeError: battery 9058AE7F-F98B-D0F6-237D-6769894DE118 not found in scan
2026-05-18 01:01:42,562 INFO BLE recovered after 1 errors
2026-05-18 01:06:18,312 INFO n=2160  26.44V  -7.20A  -190W  SOC 87-87%  state=discharging  remainтЙИ1272m
2026-05-18 01:11:23,966 INFO n=2190  26.46V  -4.50A  -119W  SOC 86-87%  state=discharging  remainтЙИ1871m
2026-05-18 01:16:26,821 INFO n=2220  26.47V  -5.10A  -135W  SOC 86-87%  state=discharging  remainтЙИ1958m
2026-05-18 01:21:29,594 INFO n=2250  26.48V  -4.70A  -124W  SOC 86-87%  state=discharging  remainтЙИ2002m
2026-05-18 01:26:51,186 INFO n=2280  26.47V  -4.40A  -116W  SOC 86-86%  state=discharging  remainтЙИ2035m
2026-05-18 01:31:56,236 INFO n=2310  26.48V  -4.40A  -116W  SOC 85-86%  state=discharging  remainтЙИ2019m
2026-05-18 01:36:55,140 INFO n=2340  26.44V  -7.40A  -196W  SOC 85-86%  state=discharging  remainтЙИ1219m
2026-05-18 01:42:00,666 INFO n=2370  26.43V  -7.30A  -193W  SOC 85-86%  state=discharging  remainтЙИ1240m
2026-05-18 01:47:03,365 INFO n=2400  26.46V  -4.80A  -127W  SOC 85-85%  state=discharging  remainтЙИ1940m
2026-05-18 01:52:09,649 INFO n=2430  26.47V  -4.50A  -119W  SOC 84-85%  state=discharging  remainтЙИ2033m
2026-05-18 01:54:56,816 WARNING read #2445 failed (1 in a row): RuntimeError: battery 6EC69980-CA43-7DEF-519B-6235C8C535B7 not found in scan
2026-05-18 01:55:00,104 INFO BLE recovered after 1 errors
2026-05-18 01:57:46,212 INFO n=2460  26.47V  -4.40A  -116W  SOC 84-85%  state=discharging  remainтЙИ2021m
2026-05-18 02:02:46,335 WARNING read #2489 failed (1 in a row): RuntimeError: battery 6EC69980-CA43-7DEF-519B-6235C8C535B7 not found in scan
2026-05-18 02:02:51,756 INFO BLE recovered after 1 errors
2026-05-18 02:03:04,910 INFO n=2490  26.47V  -4.60A  -122W  SOC 84-85%  state=discharging  remainтЙИ2005m
2026-05-18 02:08:18,982 INFO n=2520  26.44V  -7.90A  -209W  SOC 84-85%  state=discharging  remainтЙИ1437m
2026-05-18 02:13:26,759 INFO n=2550  26.42V  -7.30A  -193W  SOC 83-84%  state=discharging  remainтЙИ1191m
2026-05-18 02:18:26,804 INFO n=2580  26.43V  -6.90A  -182W  SOC 83-84%  state=discharging  remainтЙИ1255m
2026-05-18 02:23:28,862 INFO n=2610  26.46V  -4.40A  -116W  SOC 83-84%  state=discharging  remainтЙИ1954m
2026-05-18 02:28:46,070 INFO n=2640  26.46V  -4.40A  -116W  SOC 83-84%  state=discharging  remainтЙИ2009m
2026-05-18 02:33:44,083 INFO n=2670  26.46V  -4.30A  -114W  SOC 82-83%  state=discharging  remainтЙИ1968m
2026-05-18 02:38:47,950 INFO n=2700  26.47V  -4.30A  -114W  SOC 82-83%  state=discharging  remainтЙИ1954m
2026-05-18 02:43:48,479 INFO n=2730  26.43V  -7.90A  -209W  SOC 82-83%  state=discharging  remainтЙИ1318m
2026-05-18 02:48:49,291 INFO n=2760  26.42V  -7.10A  -188W  SOC 82-83%  state=discharging  remainтЙИ1188m
2026-05-18 02:53:55,765 INFO n=2790  26.44V  -4.40A  -116W  SOC 81-82%  state=discharging  remainтЙИ1484m
2026-05-18 02:58:58,553 INFO n=2820  26.45V  -4.60A  -122W  SOC 81-82%  state=discharging  remainтЙИ1870m
2026-05-18 03:04:13,518 INFO n=2850  26.46V  -4.10A  -108W  SOC 81-82%  state=discharging  remainтЙИ1920m
2026-05-18 03:09:13,543 INFO n=2880  26.46V  -4.40A  -116W  SOC 81-82%  state=discharging  remainтЙИ1960m
2026-05-18 03:14:27,425 INFO n=2910  26.46V  -4.50A  -119W  SOC 81-82%  state=discharging  remainтЙИ1913m
2026-05-18 03:19:32,168 INFO n=2940  26.42V  -7.90A  -209W  SOC 80-81%  state=discharging  remainтЙИ1157m
2026-05-18 03:24:33,163 INFO n=2970  26.41V  -7.30A  -193W  SOC 80-81%  state=discharging  remainтЙИ1162m
2026-05-18 03:29:36,585 INFO n=3000  26.43V  -4.50A  -119W  SOC 80-81%  state=discharging  remainтЙИ1670m
2026-05-18 03:34:33,673 INFO n=3030  26.44V  -4.50A  -119W  SOC 80-81%  state=discharging  remainтЙИ1859m
2026-05-18 03:39:39,248 INFO n=3060  26.45V  -4.50A  -119W  SOC 79-81%  state=discharging  remainтЙИ1862m
2026-05-18 03:45:03,931 INFO n=3090  26.45V  -4.40A  -116W  SOC 79-80%  state=discharging  remainтЙИ1881m
2026-05-18 03:49:58,468 INFO n=3120  26.45V  -4.50A  -119W  SOC 79-80%  state=discharging  remainтЙИ1881m
2026-05-18 03:54:24,113 WARNING read #3145 failed (1 in a row): RuntimeError: battery 9058AE7F-F98B-D0F6-237D-6769894DE118 not found in scan
2026-05-18 03:54:25,972 INFO BLE recovered after 1 errors
2026-05-18 03:55:18,123 INFO n=3150  26.40V  -7.50A  -198W  SOC 79-80%  state=discharging  remainтЙИ1125m
2026-05-18 04:00:24,953 INFO n=3180  26.39V  -7.10A  -187W  SOC 78-80%  state=discharging  remainтЙИ1130m
2026-05-18 04:05:23,559 INFO n=3210  26.42V  -4.50A  -119W  SOC 78-79%  state=discharging  remainтЙИ1778m
2026-05-18 04:10:42,212 INFO n=3240  26.43V  -4.50A  -119W  SOC 78-79%  state=discharging  remainтЙИ1823m
2026-05-18 04:15:39,354 INFO n=3270  26.43V  -4.30A  -114W  SOC 78-79%  state=discharging  remainтЙИ1840m
2026-05-18 04:20:42,983 INFO n=3300  26.43V  -4.30A  -114W  SOC 77-79%  state=discharging  remainтЙИ1825m
2026-05-18 04:25:42,663 INFO n=3330  26.42V  -4.50A  -119W  SOC 77-79%  state=discharging  remainтЙИ1798m
2026-05-18 04:30:55,804 INFO n=3360  26.38V  -7.30A  -193W  SOC 77-78%  state=discharging  remainтЙИ1087m
2026-05-18 04:36:02,736 INFO n=3390  26.36V  -7.30A  -192W  SOC 77-78%  state=discharging  remainтЙИ1100m
2026-05-18 04:41:14,722 INFO n=3420  26.40V  -4.40A  -116W  SOC 76-78%  state=discharging  remainтЙИ1743m
2026-05-18 04:46:23,067 INFO n=3450  26.40V  -4.60A  -121W  SOC 76-78%  state=discharging  remainтЙИ1781m
2026-05-18 04:51:20,769 INFO n=3480  26.39V  -4.50A  -119W  SOC 76-77%  state=discharging  remainтЙИ1780m
2026-05-18 04:56:34,020 INFO n=3510  26.39V  -4.70A  -124W  SOC 76-77%  state=discharging  remainтЙИ1755m
2026-05-18 05:01:34,136 INFO n=3540  26.38V  -4.60A  -121W  SOC 76-77%  state=discharging  remainтЙИ1762m
2026-05-18 05:06:37,535 INFO n=3570  26.33V  -7.40A  -195W  SOC 75-77%  state=discharging  remainтЙИ1054m
2026-05-18 05:11:36,897 INFO n=3600  26.31V  -7.00A  -184W  SOC 75-76%  state=discharging  remainтЙИ1089m
2026-05-18 05:16:47,075 INFO n=3630  26.34V  -4.50A  -119W  SOC 75-76%  state=discharging  remainтЙИ1728m
2026-05-18 05:21:49,423 INFO n=3660  26.34V  -4.60A  -121W  SOC 75-76%  state=discharging  remainтЙИ1761m
2026-05-18 05:27:02,825 INFO n=3690  26.34V  -4.00A  -105W  SOC 74-76%  state=discharging  remainтЙИ1864m
2026-05-18 05:32:30,274 INFO n=3720  26.34V  -3.90A  -103W  SOC 74-76%  state=discharging  remainтЙИ1984m
2026-05-18 05:37:42,444 INFO n=3750  26.33V  -3.70A  -97W  SOC 74-75%  state=discharging  remainтЙИ2098m
2026-05-18 05:42:42,339 INFO n=3780  26.28V  -6.50A  -171W  SOC 74-75%  state=discharging  remainтЙИ1164m
2026-05-18 05:47:54,244 INFO n=3810  26.27V  -5.90A  -155W  SOC 73-75%  state=discharging  remainтЙИ1265m
2026-05-18 05:52:56,525 INFO n=3840  26.30V  -3.00A  -79W  SOC 73-75%  state=discharging  remainтЙИ2477m
2026-05-18 05:57:59,944 INFO n=3870  26.31V  -2.90A  -76W  SOC 73-75%  state=discharging  remainтЙИ2695m
2026-05-18 06:02:58,420 INFO n=3900  26.31V  -2.60A  -68W  SOC 73-75%  state=discharging  remainтЙИ2794m
2026-05-18 06:08:00,256 INFO n=3930  26.30V  -2.60A  -68W  SOC 73-74%  state=discharging  remainтЙИ3024m
2026-05-18 06:12:14,916 WARNING read #3953 failed (1 in a row): RuntimeError: battery 6EC69980-CA43-7DEF-519B-6235C8C535B7 not found in scan
2026-05-18 06:12:17,495 INFO BLE recovered after 1 errors
2026-05-18 06:13:26,553 INFO n=3960  26.30V  -2.50A  -66W  SOC 73-74%  state=discharging  remainтЙИ2990m
2026-05-18 06:18:29,682 INFO n=3990  26.25V  -5.00A  -131W  SOC 73-74%  state=discharging  remainтЙИ1430m
2026-05-18 06:23:34,672 INFO n=4020  26.25V  -2.50A  -66W  SOC 72-74%  state=discharging  remainтЙИ1840m
2026-05-18 06:28:43,378 INFO n=4050  26.27V  -2.50A  -66W  SOC 72-74%  state=discharging  remainтЙИ3100m
2026-05-18 06:33:45,695 INFO n=4080  26.27V  -2.80A  -74W  SOC 72-74%  state=discharging  remainтЙИ2910m
2026-05-18 06:38:54,554 INFO n=4110  26.29V  +0.00A  +0W  SOC 72-74%  state=discharging  remainтЙИ10599m
2026-05-18 06:43:56,515 INFO n=4140  26.29V  +0.00A  +0W  SOC 72-74%  state=discharging  remainтЙИ12397m
2026-05-18 06:48:53,168 INFO n=4170  26.26V  -4.90A  -129W  SOC 72-74%  state=discharging  remainтЙИ2943m
2026-05-18 06:53:52,178 INFO n=4200  26.24V  -3.60A  -94W  SOC 72-73%  state=discharging  remainтЙИ1952m
2026-05-18 06:58:54,909 INFO n=4230  26.26V  +0.00A  +0W  SOC 72-73%  state=discharging  remainтЙИ7386m
2026-05-18 07:02:13,928 WARNING read #4248 failed (1 in a row): RuntimeError: battery 6EC69980-CA43-7DEF-519B-6235C8C535B7 not found in scan
2026-05-18 07:02:16,871 INFO BLE recovered after 1 errors
2026-05-18 07:04:16,917 INFO n=4260  26.28V  +0.00A  +0W  SOC 72-73%  state=idle  remainтЙИтАФ
2026-05-18 07:09:18,282 INFO n=4290  26.28V  +0.00A  +0W  SOC 71-73%  state=idle  remainтЙИтАФ
2026-05-18 07:14:36,547 INFO n=4320  26.28V  -0.60A  -16W  SOC 71-73%  state=idle  remainтЙИтАФ
2026-05-18 07:19:35,235 INFO n=4350  26.29V  +0.00A  +0W  SOC 71-73%  state=idle  remainтЙИтАФ
2026-05-18 07:24:35,041 INFO n=4380  26.26V  -4.30A  -113W  SOC 71-73%  state=discharging  remainтЙИ2998m
2026-05-18 07:29:49,182 INFO n=4410  26.23V  -3.30A  -87W  SOC 71-73%  state=discharging  remainтЙИ2147m
2026-05-18 07:34:49,843 INFO n=4440  26.27V  +0.00A  +0W  SOC 71-73%  state=discharging  remainтЙИ13886m
2026-05-18 07:39:56,256 INFO n=4470  26.29V  +0.00A  +0W  SOC 71-73%  state=idle  remainтЙИтАФ
2026-05-18 07:45:03,914 INFO n=4500  26.30V  +0.00A  +0W  SOC 71-73%  state=idle  remainтЙИтАФ
2026-05-18 07:50:09,829 INFO n=4530  26.30V  +0.00A  +0W  SOC 71-73%  state=idle  remainтЙИтАФ
2026-05-18 07:55:12,628 INFO n=4560  26.31V  +0.00A  +0W  SOC 71-73%  state=idle  remainтЙИтАФ
2026-05-18 08:00:16,167 INFO n=4590  26.27V  -2.20A  -58W  SOC 71-73%  state=discharging  remainтЙИ3135m
2026-05-18 08:05:12,327 INFO n=4620  26.26V  -1.80A  -47W  SOC 71-73%  state=discharging  remainтЙИ3817m
2026-05-18 08:10:14,674 INFO n=4650  26.26V  -1.60A  -42W  SOC 71-72%  state=discharging  remainтЙИ4612m
2026-05-18 08:15:30,157 INFO n=4680  26.27V  +0.00A  +0W  SOC 71-72%  state=idle  remainтЙИтАФ
2026-05-18 08:20:28,518 INFO n=4710  26.28V  +0.00A  +0W  SOC 71-72%  state=idle  remainтЙИтАФ
2026-05-18 08:25:33,360 INFO n=4740  26.28V  -0.70A  -18W  SOC 71-72%  state=idle  remainтЙИтАФ
2026-05-18 08:30:44,319 INFO n=4770  26.27V  -1.30A  -34W  SOC 71-72%  state=discharging  remainтЙИ7398m
2026-05-18 08:35:56,074 INFO n=4800  26.27V  +0.00A  +0W  SOC 71-72%  state=idle  remainтЙИтАФ
2026-05-18 08:40:56,693 INFO n=4830  26.27V  +0.00A  +0W  SOC 71-72%  state=idle  remainтЙИтАФ
2026-05-18 08:46:02,529 INFO n=4860  26.26V  -1.80A  -47W  SOC 70-72%  state=discharging  remainтЙИ4695m
2026-05-18 08:51:06,598 INFO n=4890  26.28V  +0.00A  +0W  SOC 70-72%  state=idle  remainтЙИтАФ
2026-05-18 08:56:12,111 INFO n=4920  26.30V  +0.00A  +0W  SOC 70-72%  state=idle  remainтЙИтАФ
2026-05-18 09:01:13,940 INFO n=4950  26.30V  +0.00A  +0W  SOC 70-72%  state=idle  remainтЙИтАФ
2026-05-18 09:06:17,531 INFO n=4980  26.30V  +0.00A  +0W  SOC 70-72%  state=idle  remainтЙИтАФ
2026-05-18 09:11:21,286 INFO n=5010  26.32V  +0.00A  +0W  SOC 70-72%  state=idle  remainтЙИтАФ
2026-05-18 09:16:34,923 INFO n=5040  26.34V  +0.00A  +0W  SOC 70-72%  state=idle  remainтЙИтАФ
2026-05-18 09:21:39,024 INFO n=5070  26.27V  -1.80A  -47W  SOC 70-72%  state=discharging  remainтЙИ4561m
2026-05-18 09:26:42,798 INFO n=5100  26.27V  -1.40A  -37W  SOC 70-72%  state=discharging  remainтЙИ4310m
2026-05-18 09:31:46,726 INFO n=5130  26.30V  +1.40A  +37W  SOC 70-72%  state=charging  remainтЙИ4204m
2026-05-18 09:36:40,529 INFO n=5160  26.34V  +1.20A  +32W  SOC 70-72%  state=charging  remainтЙИ2332m
2026-05-18 09:41:41,778 INFO n=5190  26.36V  +2.20A  +58W  SOC 70-72%  state=charging  remainтЙИ1496m
2026-05-18 09:46:39,720 INFO n=5220  26.40V  +0.60A  +16W  SOC 71-72%  state=charging  remainтЙИ987m
2026-05-18 09:51:46,569 INFO n=5250  26.41V  +3.30A  +87W  SOC 71-72%  state=charging  remainтЙИ1084m
2026-05-18 09:56:48,686 INFO n=5280  26.44V  +3.20A  +85W  SOC 71-72%  state=charging  remainтЙИ901m
2026-05-18 10:01:49,453 INFO n=5310  26.54V  +6.90A  +183W  SOC 71-73%  state=charging  remainтЙИ388m
2026-05-18 10:06:58,100 INFO n=5340  26.60V  +9.00A  +239W  SOC 71-73%  state=charging  remainтЙИ317m
2026-05-18 10:12:01,054 INFO n=5370  26.62V  +6.30A  +168W  SOC 72-73%  state=charging  remainтЙИ371m
2026-05-18 10:17:05,178 INFO n=5400  26.63V  +6.50A  +173W  SOC 72-74%  state=charging  remainтЙИ392m
2026-05-18 10:22:03,395 INFO n=5430  26.61V  +4.90A  +130W  SOC 72-74%  state=charging  remainтЙИ527m
2026-05-18 10:27:04,105 INFO n=5460  26.65V  +6.50A  +173W  SOC 72-74%  state=charging  remainтЙИ406m
2026-05-18 10:32:11,778 INFO n=5490  26.71V  +8.30A  +222W  SOC 73-74%  state=charging  remainтЙИ293m
2026-05-18 10:37:05,349 INFO n=5520  26.74V  +8.70A  +233W  SOC 73-75%  state=charging  remainтЙИ281m
2026-05-18 10:42:11,681 INFO n=5550  26.73V  +5.50A  +147W  SOC 74-75%  state=charging  remainтЙИ364m
2026-05-18 10:44:50,604 WARNING read #5564 failed (1 in a row): RuntimeError: battery 9058AE7F-F98B-D0F6-237D-6769894DE118 not found in scan
2026-05-18 10:44:57,183 INFO BLE recovered after 1 errors
2026-05-18 10:47:36,681 INFO n=5580  26.77V  +8.10A  +217W  SOC 74-75%  state=charging  remainтЙИ306m
2026-05-18 10:52:37,994 INFO n=5610  26.77V  +7.00A  +187W  SOC 74-76%  state=charging  remainтЙИ332m
2026-05-18 10:57:45,929 INFO n=5640  26.77V  +5.50A  +147W  SOC 75-76%  state=charging  remainтЙИ363m
2026-05-18 11:03:00,095 INFO n=5670  26.82V  +9.00A  +241W  SOC 75-76%  state=charging  remainтЙИ260m
2026-05-18 11:07:59,954 INFO n=5700  26.85V  +9.80A  +263W  SOC 75-77%  state=charging  remainтЙИ219m
2026-05-18 11:13:01,590 INFO n=5730  26.87V  +10.20A  +274W  SOC 76-77%  state=charging  remainтЙИ214m
2026-05-18 11:18:05,461 INFO n=5760  26.84V  +6.20A  +166W  SOC 76-78%  state=charging  remainтЙИ291m
2026-05-18 11:23:11,817 INFO n=5790  26.88V  +9.40A  +253W  SOC 76-78%  state=charging  remainтЙИ198m
2026-05-18 11:28:11,068 INFO n=5820  26.87V  +8.80A  +236W  SOC 77-78%  state=charging  remainтЙИ231m
2026-05-18 11:33:34,302 INFO n=5850  26.90V  +10.50A  +282W  SOC 77-79%  state=charging  remainтЙИ171m
2026-05-18 11:38:28,315 INFO n=5880  26.89V  +9.20A  +247W  SOC 78-79%  state=charging  remainтЙИ168m
2026-05-18 11:43:39,115 WARNING read #5909 failed (1 in a row): RuntimeError: battery 6EC69980-CA43-7DEF-519B-6235C8C535B7 not found in scan
2026-05-18 11:43:43,279 INFO BLE recovered after 1 errors
2026-05-18 11:43:51,603 INFO n=5910  26.82V  +4.40A  +118W  SOC 78-79%  state=charging  remainтЙИ403m
2026-05-18 11:48:53,599 INFO n=5940  26.81V  +3.60A  +97W  SOC 78-80%  state=charging  remainтЙИ465m
2026-05-18 11:53:58,785 INFO n=5970  26.80V  +3.80A  +102W  SOC 79-80%  state=charging  remainтЙИ504m
2026-05-18 11:59:04,959 INFO n=6000  26.83V  +6.80A  +182W  SOC 79-80%  state=charging  remainтЙИ324m
2026-05-18 12:01:04,227 WARNING read #6010 failed (1 in a row): RuntimeError: battery 9058AE7F-F98B-D0F6-237D-6769894DE118 not found in scan
2026-05-18 12:01:06,459 INFO BLE recovered after 1 errors
2026-05-18 12:03:19,811 WARNING read #6021 failed (1 in a row): RuntimeError: battery 6EC69980-CA43-7DEF-519B-6235C8C535B7 not found in scan
2026-05-18 12:03:23,332 INFO BLE recovered after 1 errors
2026-05-18 12:05:01,217 INFO n=6030  26.79V  +2.10A  +56W  SOC 79-80%  state=charging  remainтЙИ643m
2026-05-18 12:10:00,444 INFO n=6060  26.79V  +3.50A  +94W  SOC 79-80%  state=charging  remainтЙИ513m
2026-05-18 12:15:00,684 INFO n=6090  26.79V  +2.90A  +78W  SOC 79-80%  state=charging  remainтЙИ567m
2026-05-18 12:20:01,460 INFO n=6120  26.84V  +6.00A  +161W  SOC 79-81%  state=charging  remainтЙИ252m
2026-05-18 12:25:00,915 INFO n=6150  26.84V  +5.40A  +145W  SOC 80-81%  state=charging  remainтЙИ284m
2026-05-18 12:30:13,028 INFO n=6180  26.83V  +5.30A  +142W  SOC 80-81%  state=charging  remainтЙИ342m
2026-05-18 12:35:13,505 INFO n=6210  26.84V  +6.50A  +174W  SOC 80-81%  state=charging  remainтЙИ285m
2026-05-18 12:40:12,787 INFO n=6240  26.88V  +8.20A  +220W  SOC 81-82%  state=charging  remainтЙИ176m
2026-05-18 12:45:30,938 INFO n=6270  26.82V  +3.30A  +89W  SOC 81-82%  state=charging  remainтЙИ371m
2026-05-18 12:50:30,866 INFO n=6300  26.79V  +3.00A  +80W  SOC 81-82%  state=charging  remainтЙИ567m
2026-05-18 12:55:40,169 INFO n=6330  26.76V  +0.00A  +0W  SOC 81-82%  state=charging  remainтЙИ1182m
2026-05-18 13:00:48,251 INFO n=6360  26.70V  -0.60A  -16W  SOC 81-82%  state=discharging  remainтЙИ8499m
2026-05-18 13:05:52,303 INFO n=6390  26.72V  +0.00A  +0W  SOC 81-82%  state=idle  remainтЙИтАФ
2026-05-18 13:11:05,369 INFO n=6420  26.80V  +4.90A  +131W  SOC 81-82%  state=charging  remainтЙИ364m
2026-05-18 13:16:05,026 INFO n=6450  26.88V  +9.10A  +245W  SOC 81-83%  state=charging  remainтЙИ175m
2026-05-18 13:21:03,645 INFO n=6480  26.92V  +10.90A  +293W  SOC 82-83%  state=charging  remainтЙИ134m
2026-05-18 13:26:16,003 INFO n=6510  26.88V  +7.20A  +194W  SOC 82-83%  state=charging  remainтЙИ182m
2026-05-18 13:31:23,032 INFO n=6540  26.80V  +1.90A  +51W  SOC 82-84%  state=charging  remainтЙИ560m
2026-05-18 13:36:27,765 INFO n=6570  26.82V  +5.30A  +142W  SOC 83-84%  state=charging  remainтЙИ338m
2026-05-18 13:41:25,207 INFO n=6600  26.86V  +7.50A  +201W  SOC 83-84%  state=charging  remainтЙИ198m
2026-05-18 13:46:41,716 INFO n=6630  26.93V  +11.90A  +321W  SOC 83-84%  state=charging  remainтЙИ112m
2026-05-18 13:51:41,053 INFO n=6660  26.96V  +14.30A  +385W  SOC 84-85%  state=charging  remainтЙИ86m
2026-05-18 13:56:47,488 INFO n=6690  26.88V  +7.70A  +207W  SOC 84-85%  state=charging  remainтЙИ158m
2026-05-18 14:01:54,000 INFO n=6720  26.88V  +7.20A  +194W  SOC 85-86%  state=charging  remainтЙИ135m
2026-05-18 14:06:55,394 INFO n=6750  27.00V  +19.90A  +537W  SOC 85-86%  state=charging  remainтЙИ61m
2026-05-18 14:12:08,716 INFO n=6780  26.95V  +14.50A  +391W  SOC 86-87%  state=charging  remainтЙИ65m
2026-05-18 14:17:13,400 INFO n=6810  26.91V  +11.60A  +312W  SOC 86-87%  state=charging  remainтЙИ92m
2026-05-18 14:22:13,026 INFO n=6840  26.91V  +11.00A  +296W  SOC 87-88%  state=charging  remainтЙИ74m
2026-05-18 14:27:19,347 INFO n=6870  26.84V  +7.70A  +207W  SOC 87-88%  state=charging  remainтЙИ183m
2026-05-18 14:32:27,541 INFO n=6900  26.96V  +15.20A  +410W  SOC 88-89%  state=charging  remainтЙИ47m
2026-05-18 14:37:31,566 INFO n=6930  26.89V  +9.70A  +261W  SOC 88-89%  state=charging  remainтЙИ79m
2026-05-18 14:42:36,380 INFO n=6960  26.86V  +6.90A  +185W  SOC 89-90%  state=charging  remainтЙИ94m
2026-05-18 14:47:32,603 INFO n=6990  26.85V  +4.90A  +132W  SOC 89-90%  state=charging  remainтЙИ95m
2026-05-18 14:52:51,265 INFO n=7020  26.84V  +5.80A  +156W  SOC 89-90%  state=charging  remainтЙИ114m
2026-05-18 14:57:04,803 WARNING read #7044 failed (1 in a row): RuntimeError: battery 6EC69980-CA43-7DEF-519B-6235C8C535B7 not found in scan
2026-05-18 14:57:10,676 INFO BLE recovered after 1 errors
2026-05-18 14:58:11,474 INFO n=7050  26.79V  +2.50A  +67W  SOC 90-90%  state=charging  remainтЙИ256m
2026-05-18 15:03:22,014 INFO n=7080  26.79V  +2.90A  +78W  SOC 90-90%  state=charging  remainтЙИ198m
2026-05-18 15:08:22,719 INFO n=7110  26.84V  +5.90A  +158W  SOC 90-91%  state=charging  remainтЙИ87m
2026-05-18 15:13:33,295 INFO n=7140  26.85V  +6.00A  +161W  SOC 90-91%  state=charging  remainтЙИ82m
2026-05-18 15:18:28,044 INFO n=7170  26.89V  +7.50A  +202W  SOC 91-91%  state=charging  remainтЙИ54m
2026-05-18 15:23:25,735 INFO n=7200  26.86V  +3.60A  +97W  SOC 91-92%  state=charging  remainтЙИ55m
2026-05-18 15:28:27,312 INFO n=7230  26.86V  +2.60A  +70W  SOC 91-92%  state=charging  remainтЙИ63m
2026-05-18 15:32:15,127 WARNING read #7251 failed (1 in a row): RuntimeError: battery 6EC69980-CA43-7DEF-519B-6235C8C535B7 not found in scan
2026-05-18 15:32:18,291 INFO BLE recovered after 1 errors
2026-05-18 15:33:52,734 INFO n=7260  26.81V  +4.30A  +115W  SOC 91-92%  state=charging  remainтЙИ105m
2026-05-18 15:39:03,370 INFO n=7290  26.87V  +6.90A  +185W  SOC 92-92%  state=charging  remainтЙИ56m
2026-05-18 15:43:57,630 INFO n=7320  26.91V  +7.40A  +199W  SOC 92-93%  state=charging  remainтЙИ27m
2026-05-18 15:48:57,399 INFO n=7350  26.88V  +6.70A  +180W  SOC 92-93%  state=charging  remainтЙИ38m
2026-05-18 15:53:57,416 INFO n=7380  26.91V  +9.60A  +258W  SOC 93-93%  state=charging  remainтЙИ30m
2026-05-18 15:59:15,500 INFO n=7410  26.76V  +0.00A  +0W  SOC 93-93%  state=idle  remainтЙИтАФ
2026-05-18 16:00:35,586 WARNING read #7417 failed (1 in a row): RuntimeError: battery 6EC69980-CA43-7DEF-519B-6235C8C535B7 not found in scan
2026-05-18 16:00:36,854 INFO BLE recovered after 1 errors
2026-05-18 16:04:36,871 INFO n=7440  26.76V  +2.00A  +54W  SOC 93-93%  state=charging  remainтЙИ195m
2026-05-18 16:09:33,260 INFO n=7470  26.78V  +2.30A  +62W  SOC 93-93%  state=charging  remainтЙИ112m
2026-05-18 16:14:35,027 INFO n=7500  26.78V  +1.40A  +37W  SOC 93-94%  state=charging  remainтЙИ63m
2026-05-18 16:19:36,279 INFO n=7530  26.76V  +0.00A  +0W  SOC 93-94%  state=idle  remainтЙИтАФ
2026-05-18 16:22:00,830 WARNING read #7542 failed (1 in a row): RuntimeError: battery 9058AE7F-F98B-D0F6-237D-6769894DE118 not found in scan
2026-05-18 16:22:03,661 INFO BLE recovered after 1 errors
2026-05-18 16:25:02,929 INFO n=7560  26.69V  -2.30A  -61W  SOC 93-94%  state=discharging  remainтЙИ4944m
2026-05-18 16:30:19,682 INFO n=7590  26.67V  -1.50A  -40W  SOC 93-93%  state=discharging  remainтЙИ6124m
2026-05-18 16:35:30,458 WARNING read #7619 failed (1 in a row): RuntimeError: battery 6EC69980-CA43-7DEF-519B-6235C8C535B7 not found in scan
2026-05-18 16:35:38,169 INFO BLE recovered after 1 errors
2026-05-18 16:35:42,354 INFO n=7620  26.71V  +2.20A  +59W  SOC 93-93%  state=charging  remainтЙИ180m
2026-05-18 16:41:00,704 INFO n=7650  26.77V  +3.10A  +83W  SOC 93-94%  state=charging  remainтЙИ41m
2026-05-18 16:45:56,526 INFO n=7680  26.79V  +3.20A  +86W  SOC 93-94%  state=charging  remainтЙИ38m
2026-05-18 16:51:05,569 INFO n=7710  26.78V  +1.80A  +48W  SOC 93-94%  state=charging  remainтЙИ68m
2026-05-18 16:56:05,325 INFO n=7740  26.69V  -1.80A  -48W  SOC 93-94%  state=discharging  remainтЙИ5997m
2026-05-18 17:00:13,070 ERROR V-12V200AH-0667|535B7: TX BLE request error (BleakError)
2026-05-18 17:00:13,072 ERROR V-12V200AH-0667|535B7: TX BLE request error (BleakError)
2026-05-18 17:00:13,073 WARNING read #7764 failed (1 in a row): TimeoutError: 
2026-05-18 17:01:07,576 WARNING read #7764 failed (2 in a row): BleakConnectionError: 9058AE7F-F98B-D0F6-237D-6769894DE118 - 9058AE7F-F98B-D0F6-237D-6769894DE118: Failed to connect after 4 attempt(s): disconnected
2026-05-18 17:02:32,042 WARNING read #7764 failed (3 in a row): BleakNotFoundError: 9058AE7F-F98B-D0F6-237D-6769894DE118 - 9058AE7F-F98B-D0F6-237D-6769894DE118: Failed to connect after 4 attempt(s): TimeoutError
2026-05-18 17:04:00,442 WARNING read #7764 failed (4 in a row): BleakNotFoundError: 9058AE7F-F98B-D0F6-237D-6769894DE118 - 9058AE7F-F98B-D0F6-237D-6769894DE118: Failed to connect after 4 attempt(s): TimeoutError
2026-05-18 17:05:47,991 WARNING read #7764 failed (5 in a row): BleakNotFoundError: 9058AE7F-F98B-D0F6-237D-6769894DE118 - 9058AE7F-F98B-D0F6-237D-6769894DE118: Failed to connect after 4 attempt(s): TimeoutError
2026-05-18 17:07:35,038 WARNING read #7764 failed (6 in a row): BleakNotFoundError: 9058AE7F-F98B-D0F6-237D-6769894DE118 - 9058AE7F-F98B-D0F6-237D-6769894DE118: Failed to connect after 4 attempt(s): TimeoutError
2026-05-18 17:08:57,588 WARNING read #7764 failed (7 in a row): BleakConnectionError: 6EC69980-CA43-7DEF-519B-6235C8C535B7 - 6EC69980-CA43-7DEF-519B-6235C8C535B7: Failed to connect after 4 attempt(s): disconnected
2026-05-18 17:09:43,739 ERROR V-12V200AH-0667|535B7: TX BLE request error (BleakError)
2026-05-18 17:09:43,745 ERROR V-12V200AH-0667|535B7: TX BLE request error (BleakError)
2026-05-18 17:09:43,746 WARNING read #7764 failed (8 in a row): TimeoutError: 
2026-05-18 17:11:01,096 WARNING read #7764 failed (9 in a row): BleakConnectionError: 6EC69980-CA43-7DEF-519B-6235C8C535B7 - 6EC69980-CA43-7DEF-519B-6235C8C535B7: Failed to connect after 4 attempt(s): disconnected
2026-05-18 17:12:17,823 ERROR V-12V200AH-0667|535B7: TX BLE request error (BleakError)
2026-05-18 17:12:17,825 ERROR V-12V200AH-0667|535B7: TX BLE request error (BleakError)
2026-05-18 17:12:17,826 WARNING read #7764 failed (10 in a row): TimeoutError: 
2026-05-18 17:13:27,896 WARNING read #7764 failed (11 in a row): RuntimeError: battery 9058AE7F-F98B-D0F6-237D-6769894DE118 not found in scan
2026-05-18 17:15:14,929 ERROR V-12V200AH-0533|DE118: TX BLE request error (BleakError)
2026-05-18 17:15:14,931 ERROR V-12V200AH-0533|DE118: TX BLE request error (BleakError)
2026-05-18 17:15:14,932 WARNING read #7764 failed (12 in a row): TimeoutError: 
2026-05-18 17:15:23,447 ERROR V-12V200AH-0667|535B7: TX BLE request error (BleakError)
2026-05-18 17:15:23,447 ERROR V-12V200AH-0667|535B7: TX BLE request error (BleakError)
2026-05-18 17:16:17,132 ERROR V-12V200AH-0667|535B7: TX BLE request error (BleakError)
2026-05-18 17:16:17,133 ERROR V-12V200AH-0667|535B7: TX BLE request error (BleakError)
2026-05-18 17:16:17,134 WARNING read #7764 failed (13 in a row): TimeoutError: 
2026-05-18 17:16:17,575 ERROR V-12V200AH-0533|DE118: TX BLE request error (BleakError)
2026-05-18 17:16:17,576 ERROR V-12V200AH-0533|DE118: TX BLE request error (BleakError)
2026-05-18 17:17:22,187 INFO BLE recovered after 13 errors
2026-05-18 17:18:18,784 INFO n=7770  26.70V  +0.00A  +0W  SOC 93-94%  state=idle  remainтЙИтАФ
2026-05-18 17:23:23,287 INFO n=7800  26.66V  -2.60A  -69W  SOC 93-94%  state=discharging  remainтЙИ5140m
2026-05-18 17:28:24,242 INFO n=7830  26.63V  -2.20A  -59W  SOC 93-94%  state=discharging  remainтЙИ4703m
2026-05-18 17:33:24,481 INFO n=7860  26.61V  -2.60A  -69W  SOC 93-94%  state=discharging  remainтЙИ3843m
2026-05-18 17:38:27,666 INFO n=7890  26.64V  +0.00A  +0W  SOC 93-93%  state=idle  remainтЙИтАФ
2026-05-18 17:43:28,441 INFO n=7920  26.63V  +0.00A  +0W  SOC 93-93%  state=idle  remainтЙИтАФ
2026-05-18 17:48:28,232 INFO n=7950  26.63V  +0.00A  +0W  SOC 93-93%  state=idle  remainтЙИтАФ
2026-05-18 17:53:43,854 INFO n=7980  26.59V  -3.50A  -93W  SOC 93-93%  state=discharging  remainтЙИ3322m
2026-05-18 17:58:39,013 INFO n=8010  26.57V  -3.20A  -85W  SOC 93-93%  state=discharging  remainтЙИ2925m
2026-05-18 18:03:43,536 INFO n=8040  26.59V  +0.00A  +0W  SOC 93-93%  state=discharging  remainтЙИ8598m
2026-05-18 18:08:51,376 INFO n=8070  26.63V  +0.00A  +0W  SOC 93-93%  state=idle  remainтЙИтАФ
2026-05-18 18:10:53,021 WARNING read #8081 failed (1 in a row): RuntimeError: battery 9058AE7F-F98B-D0F6-237D-6769894DE118 not found in scan
2026-05-18 18:10:58,659 INFO BLE recovered after 1 errors
2026-05-18 18:14:18,786 INFO n=8100  26.64V  +0.00A  +0W  SOC 93-93%  state=idle  remainтЙИтАФ
2026-05-18 18:19:20,778 INFO n=8130  26.66V  +0.00A  +0W  SOC 93-93%  state=idle  remainтЙИтАФ
2026-05-18 18:24:29,564 INFO n=8160  26.65V  +0.00A  +0W  SOC 93-93%  state=idle  remainтЙИтАФ
2026-05-18 18:29:41,475 INFO n=8190  26.77V  +7.30A  +195W  SOC 93-93%  state=charging  remainтЙИ46m
2026-05-18 18:34:42,558 INFO n=8220  26.93V  +9.90A  +267W  SOC 93-94%  state=charging  remainтЙИ12m
2026-05-18 18:39:41,680 INFO n=8250  26.80V  +0.00A  +0W  SOC 93-94%  state=charging  remainтЙИ222m
2026-05-18 18:45:01,378 INFO n=8280  26.72V  +0.00A  +0W  SOC 93-94%  state=idle  remainтЙИтАФ
2026-05-18 18:49:59,924 INFO n=8310  26.62V  -4.40A  -117W  SOC 93-94%  state=discharging  remainтЙИ2387m
2026-05-18 18:55:12,757 INFO n=8340  26.58V  -3.80A  -101W  SOC 93-93%  state=discharging  remainтЙИ2529m
2026-05-18 19:00:07,115 INFO n=8370  26.56V  -4.00A  -106W  SOC 93-93%  state=discharging  remainтЙИ2612m
2026-05-18 19:05:09,524 INFO n=8400  26.59V  -1.80A  -48W  SOC 93-93%  state=discharging  remainтЙИ7565m
2026-05-18 19:10:15,082 INFO n=8430  26.58V  -1.90A  -50W  SOC 93-93%  state=discharging  remainтЙИ4942m
2026-05-18 19:15:29,225 INFO n=8460  26.57V  -2.30A  -61W  SOC 92-93%  state=discharging  remainтЙИ4439m
2026-05-18 19:20:30,348 INFO n=8490  26.51V  -6.10A  -162W  SOC 92-93%  state=discharging  remainтЙИ1718m
2026-05-18 19:25:29,389 INFO n=8520  26.48V  -6.90A  -183W  SOC 92-93%  state=discharging  remainтЙИ1462m
2026-05-18 19:30:32,191 INFO n=8550  26.50V  -4.10A  -109W  SOC 92-92%  state=discharging  remainтЙИ2178m
2026-05-18 19:35:44,689 INFO n=8580  26.52V  -3.20A  -85W  SOC 92-92%  state=discharging  remainтЙИ2753m
2026-05-18 19:40:41,644 INFO n=8610  26.52V  -3.40A  -90W  SOC 91-92%  state=discharging  remainтЙИ2732m
2026-05-18 19:45:52,333 INFO n=8640  26.50V  -7.00A  -185W  SOC 91-92%  state=discharging  remainтЙИ2018m
2026-05-18 19:50:50,649 INFO n=8670  26.48V  -5.80A  -154W  SOC 91-92%  state=discharging  remainтЙИ1596m
2026-05-18 19:55:56,010 INFO n=8700  26.48V  -5.90A  -156W  SOC 91-91%  state=discharging  remainтЙИ1605m
2026-05-18 20:00:56,442 INFO n=8730  26.51V  -3.60A  -95W  SOC 91-91%  state=discharging  remainтЙИ2767m
2026-05-18 20:05:58,291 INFO n=8760  26.51V  -3.50A  -93W  SOC 90-91%  state=discharging  remainтЙИ2591m
2026-05-18 20:11:06,923 INFO n=8790  26.51V  -3.60A  -95W  SOC 90-91%  state=discharging  remainтЙИ2607m
2026-05-18 20:16:19,420 INFO n=8820  26.47V  -6.50A  -172W  SOC 90-91%  state=discharging  remainтЙИ1477m
2026-05-18 20:21:13,771 INFO n=8850  26.47V  -6.00A  -159W  SOC 90-90%  state=discharging  remainтЙИ1552m
2026-05-18 20:23:11,992 WARNING read #8860 failed (1 in a row): RuntimeError: battery 9058AE7F-F98B-D0F6-237D-6769894DE118 not found in scan
2026-05-18 20:23:15,684 INFO BLE recovered after 1 errors
2026-05-18 20:26:39,692 INFO n=8880  26.48V  -3.90A  -103W  SOC 89-90%  state=discharging  remainтЙИ1644m
2026-05-18 20:31:42,361 INFO n=8910  26.50V  -4.10A  -109W  SOC 89-90%  state=discharging  remainтЙИ2402m
2026-05-18 20:32:32,839 WARNING read #8913 failed (1 in a row): RuntimeError: battery 9058AE7F-F98B-D0F6-237D-6769894DE118 not found in scan
2026-05-18 20:32:37,501 INFO BLE recovered after 1 errors
2026-05-18 20:37:19,232 INFO n=8940  26.50V  -4.00A  -106W  SOC 89-90%  state=discharging  remainтЙИ2424m
2026-05-18 20:42:24,355 INFO n=8970  26.50V  -3.80A  -101W  SOC 89-90%  state=discharging  remainтЙИ2493m
2026-05-18 20:47:20,133 INFO n=9000  26.46V  -6.70A  -177W  SOC 89-89%  state=discharging  remainтЙИ1397m
2026-05-18 20:52:41,089 INFO n=9030  26.44V  -8.80A  -233W  SOC 88-89%  state=discharging  remainтЙИ1197m
2026-05-18 20:57:48,047 INFO n=9060  26.46V  -5.70A  -151W  SOC 88-89%  state=discharging  remainтЙИ1406m
2026-05-18 21:02:48,141 INFO n=9090  26.48V  -4.60A  -122W  SOC 88-89%  state=discharging  remainтЙИ1984m
2026-05-18 21:07:54,500 INFO n=9120  26.48V  -4.90A  -130W  SOC 87-88%  state=discharging  remainтЙИ1941m
2026-05-18 21:12:49,212 INFO n=9150  26.48V  -4.70A  -124W  SOC 87-88%  state=discharging  remainтЙИ2000m
2026-05-18 21:17:53,548 INFO n=9180  26.45V  -7.50A  -198W  SOC 87-88%  state=discharging  remainтЙИ1251m
2026-05-18 21:22:57,136 INFO n=9210  26.45V  -7.30A  -193W  SOC 87-88%  state=discharging  remainтЙИ1281m
2026-05-18 21:27:58,962 INFO n=9240  26.46V  -4.30A  -114W  SOC 86-87%  state=discharging  remainтЙИ1525m
2026-05-18 21:33:02,320 INFO n=9270  26.48V  -4.40A  -116W  SOC 86-87%  state=discharging  remainтЙИ2041m
2026-05-18 21:38:00,857 INFO n=9300  26.48V  -4.20A  -111W  SOC 86-87%  state=discharging  remainтЙИ2102m
2026-05-18 21:43:10,826 INFO n=9330  26.48V  -4.60A  -122W  SOC 86-87%  state=discharging  remainтЙИ2032m
2026-05-18 21:48:11,044 INFO n=9360  26.45V  -7.90A  -209W  SOC 86-87%  state=discharging  remainтЙИ1338m
2026-05-18 21:53:16,948 INFO n=9390  26.44V  -7.40A  -196W  SOC 85-86%  state=discharging  remainтЙИ1223m
2026-05-18 21:58:21,309 INFO n=9420  26.45V  -6.80A  -180W  SOC 85-86%  state=discharging  remainтЙИ1283m
2026-05-18 22:03:21,653 INFO n=9450  26.47V  -4.30A  -114W  SOC 85-86%  state=discharging  remainтЙИ2047m
2026-05-18 22:08:22,874 INFO n=9480  26.48V  -4.10A  -109W  SOC 85-86%  state=discharging  remainтЙИ2043m
2026-05-18 22:13:24,838 INFO n=9510  26.47V  -4.40A  -116W  SOC 84-85%  state=discharging  remainтЙИ1968m
2026-05-18 22:18:25,759 INFO n=9540  26.45V  -7.60A  -201W  SOC 84-85%  state=discharging  remainтЙИ1565m
2026-05-18 22:23:25,924 INFO n=9570  26.43V  -7.40A  -196W  SOC 84-85%  state=discharging  remainтЙИ1224m
2026-05-18 22:28:24,650 INFO n=9600  26.43V  -7.10A  -188W  SOC 83-85%  state=discharging  remainтЙИ1238m
2026-05-18 22:33:28,744 INFO n=9630  26.46V  -4.40A  -116W  SOC 83-84%  state=discharging  remainтЙИ1957m
2026-05-18 22:38:27,539 INFO n=9660  26.47V  -4.30A  -114W  SOC 83-84%  state=discharging  remainтЙИ2021m
2026-05-18 22:43:28,483 INFO n=9690  26.47V  -4.40A  -116W  SOC 83-84%  state=discharging  remainтЙИ1995m
2026-05-18 22:48:35,668 INFO n=9720  26.47V  -4.70A  -124W  SOC 83-84%  state=discharging  remainтЙИ1940m
2026-05-18 22:50:44,180 WARNING read #9731 failed (1 in a row): RuntimeError: battery 9058AE7F-F98B-D0F6-237D-6769894DE118 not found in scan
2026-05-18 22:50:47,434 INFO BLE recovered after 1 errors
2026-05-18 22:54:10,420 INFO n=9750  26.43V  -7.10A  -188W  SOC 82-83%  state=discharging  remainтЙИ1189m
2026-05-18 22:59:23,789 INFO n=9780  26.42V  -6.90A  -182W  SOC 82-83%  state=discharging  remainтЙИ1226m
2026-05-18 23:04:32,203 INFO n=9810  26.46V  -4.50A  -119W  SOC 82-83%  state=discharging  remainтЙИ1937m
2026-05-18 23:09:37,257 INFO n=9840  26.46V  -4.60A  -122W  SOC 82-83%  state=discharging  remainтЙИ1992m
2026-05-18 23:14:39,836 INFO n=9870  26.46V  -4.50A  -119W  SOC 81-83%  state=discharging  remainтЙИ1913m
2026-05-18 23:19:46,777 INFO n=9900  26.46V  -4.40A  -116W  SOC 81-82%  state=discharging  remainтЙИ1954m
2026-05-18 23:24:54,562 INFO n=9930  26.42V  -7.50A  -198W  SOC 81-82%  state=discharging  remainтЙИ1148m
2026-05-18 23:29:57,656 INFO n=9960  26.42V  -6.90A  -182W  SOC 81-82%  state=discharging  remainтЙИ1213m
2026-05-18 23:34:57,871 INFO n=9990  26.45V  -4.20A  -111W  SOC 80-82%  state=discharging  remainтЙИ1846m
2026-05-18 23:40:13,980 INFO n=10020  26.45V  -4.30A  -114W  SOC 80-81%  state=discharging  remainтЙИ1905m
2026-05-18 23:45:17,637 INFO n=10050  26.45V  -4.20A  -111W  SOC 80-81%  state=discharging  remainтЙИ1924m
2026-05-18 23:50:20,219 INFO n=10080  26.45V  -4.40A  -116W  SOC 80-81%  state=discharging  remainтЙИ1956m
2026-05-18 23:55:23,917 INFO n=10110  26.42V  -7.50A  -198W  SOC 79-81%  state=discharging  remainтЙИ1155m
2026-05-19 00:00:36,726 INFO n=10140  26.41V  -6.90A  -182W  SOC 79-80%  state=discharging  remainтЙИ1164m
2026-05-19 00:05:39,659 INFO n=10170  26.43V  -4.20A  -111W  SOC 79-80%  state=discharging  remainтЙИ1601m
2026-05-19 00:10:53,505 INFO n=10200  26.44V  -4.40A  -116W  SOC 79-80%  state=discharging  remainтЙИ1899m
2026-05-19 00:15:47,509 INFO n=10230  26.44V  -4.50A  -119W  SOC 78-80%  state=discharging  remainтЙИ1862m
2026-05-19 00:20:49,240 INFO n=10260  26.44V  -4.30A  -114W  SOC 78-80%  state=discharging  remainтЙИ1871m
2026-05-19 00:25:53,105 INFO n=10290  26.41V  -7.70A  -203W  SOC 78-79%  state=discharging  remainтЙИ1314m
2026-05-19 00:31:07,379 INFO n=10320  26.39V  -6.90A  -182W  SOC 78-79%  state=discharging  remainтЙИ1130m
2026-05-19 00:36:09,566 INFO n=10350  26.39V  -6.90A  -182W  SOC 77-79%  state=discharging  remainтЙИ1158m
2026-05-19 00:41:20,270 INFO n=10380  26.42V  -4.30A  -114W  SOC 77-79%  state=discharging  remainтЙИ1815m
2026-05-19 00:46:23,157 INFO n=10410  26.42V  -4.40A  -116W  SOC 77-78%  state=discharging  remainтЙИ1823m
2026-05-19 00:51:21,672 INFO n=10440  26.42V  -4.30A  -114W  SOC 77-78%  state=discharging  remainтЙИ1857m
2026-05-19 00:56:32,206 INFO n=10470  26.42V  -4.30A  -114W  SOC 77-78%  state=discharging  remainтЙИ1843m
2026-05-19 01:01:29,769 INFO n=10500  26.37V  -7.20A  -190W  SOC 76-78%  state=discharging  remainтЙИ1084m
2026-05-19 01:06:41,125 INFO n=10530  26.36V  -7.10A  -187W  SOC 76-77%  state=discharging  remainтЙИ1125m
2026-05-19 01:11:40,174 INFO n=10560  26.39V  -4.30A  -113W  SOC 76-77%  state=discharging  remainтЙИ1801m
2026-05-19 01:16:39,303 INFO n=10590  26.39V  -4.40A  -116W  SOC 75-77%  state=discharging  remainтЙИ1770m
2026-05-19 01:21:38,670 INFO n=10620  26.38V  -4.20A  -111W  SOC 75-77%  state=discharging  remainтЙИ1797m
2026-05-19 01:26:55,691 INFO n=10650  26.38V  -4.30A  -113W  SOC 75-77%  state=discharging  remainтЙИ1757m
2026-05-19 01:32:12,229 INFO n=10680  26.33V  -7.30A  -192W  SOC 75-76%  state=discharging  remainтЙИ1072m
2026-05-19 01:37:15,799 INFO n=10710  26.31V  -7.00A  -184W  SOC 74-76%  state=discharging  remainтЙИ1091m
2026-05-19 01:42:19,222 INFO n=10740  26.33V  -4.50A  -118W  SOC 74-76%  state=discharging  remainтЙИ1660m
2026-05-19 01:47:28,194 INFO n=10770  26.33V  -4.40A  -116W  SOC 74-76%  state=discharging  remainтЙИ1729m
2026-05-19 01:52:41,754 INFO n=10800  26.32V  -4.50A  -118W  SOC 74-75%  state=discharging  remainтЙИ1727m
2026-05-19 01:57:38,084 INFO n=10830  26.32V  -4.40A  -116W  SOC 74-75%  state=discharging  remainтЙИ1777m
2026-05-19 02:02:47,226 INFO n=10860  26.27V  -7.70A  -202W  SOC 73-75%  state=discharging  remainтЙИ1074m
2026-05-19 02:07:44,179 INFO n=10890  26.24V  -6.90A  -181W  SOC 73-75%  state=discharging  remainтЙИ1070m
2026-05-19 02:12:59,218 INFO n=10920  26.25V  -4.50A  -118W  SOC 73-74%  state=discharging  remainтЙИ1440m
2026-05-19 02:18:02,587 INFO n=10950  26.26V  -4.40A  -116W  SOC 73-74%  state=discharging  remainтЙИ1701m
2026-05-19 02:22:59,821 INFO n=10980  26.25V  -4.30A  -113W  SOC 72-74%  state=discharging  remainтЙИ1708m
2026-05-19 02:28:04,480 INFO n=11010  26.24V  -4.50A  -118W  SOC 72-74%  state=discharging  remainтЙИ1692m
2026-05-19 02:33:13,189 INFO n=11040  26.22V  -6.60A  -173W  SOC 72-74%  state=discharging  remainтЙИ1532m
2026-05-19 02:38:06,579 INFO n=11070  26.18V  -7.40A  -194W  SOC 72-73%  state=discharging  remainтЙИ1024m
2026-05-19 02:43:12,175 INFO n=11100  26.18V  -4.20A  -110W  SOC 71-73%  state=discharging  remainтЙИ1103m
2026-05-19 02:48:15,755 INFO n=11130  26.20V  -4.30A  -113W  SOC 71-73%  state=discharging  remainтЙИ1654m
2026-05-19 02:53:22,222 INFO n=11160  26.22V  -2.90A  -76W  SOC 71-73%  state=discharging  remainтЙИ2400m
2026-05-19 02:58:16,523 INFO n=11190  26.23V  -2.90A  -76W  SOC 71-73%  state=discharging  remainтЙИ2663m
2026-05-19 03:03:21,134 INFO n=11220  26.22V  -2.80A  -73W  SOC 71-73%  state=discharging  remainтЙИ2617m
2026-05-19 03:08:24,500 INFO n=11250  26.18V  -5.70A  -149W  SOC 70-72%  state=discharging  remainтЙИ1245m
2026-05-19 03:13:24,425 INFO n=11280  26.18V  -5.30A  -139W  SOC 70-72%  state=discharging  remainтЙИ1312m
2026-05-19 03:15:23,228 WARNING read #11290 failed (1 in a row): RuntimeError: battery 6EC69980-CA43-7DEF-519B-6235C8C535B7 not found in scan
2026-05-19 03:15:26,000 INFO BLE recovered after 1 errors
2026-05-19 03:18:51,332 INFO n=11310  26.20V  -2.90A  -76W  SOC 70-72%  state=discharging  remainтЙИ2439m
2026-05-19 03:23:51,728 INFO n=11340  26.21V  -3.10A  -81W  SOC 70-72%  state=discharging  remainтЙИ2436m
2026-05-19 03:29:13,485 INFO n=11370  26.21V  -3.00A  -79W  SOC 70-72%  state=discharging  remainтЙИ2436m
2026-05-19 03:34:15,792 INFO n=11400  26.21V  -2.80A  -73W  SOC 70-72%  state=discharging  remainтЙИ2582m
2026-05-19 03:39:22,089 INFO n=11430  26.17V  -6.10A  -160W  SOC 69-71%  state=discharging  remainтЙИ1203m
2026-05-19 03:44:36,262 INFO n=11460  26.16V  -5.50A  -144W  SOC 69-71%  state=discharging  remainтЙИ1281m
2026-05-19 03:49:38,067 INFO n=11490  26.19V  -2.80A  -73W  SOC 69-71%  state=discharging  remainтЙИ2195m
2026-05-19 03:54:39,882 INFO n=11520  26.20V  -2.80A  -73W  SOC 69-71%  state=discharging  remainтЙИ2496m
2026-05-19 03:59:45,925 INFO n=11550  26.20V  -2.60A  -68W  SOC 69-71%  state=discharging  remainтЙИ2468m
2026-05-19 04:04:43,017 INFO n=11580  26.20V  -2.80A  -73W  SOC 69-71%  state=discharging  remainтЙИ2493m
2026-05-19 04:09:43,543 INFO n=11610  26.20V  -3.00A  -79W  SOC 68-70%  state=discharging  remainтЙИ2468m
2026-05-19 04:14:44,257 INFO n=11640  26.16V  -5.70A  -149W  SOC 68-70%  state=discharging  remainтЙИ1196m
2026-05-19 04:19:48,208 INFO n=11670  26.15V  -5.90A  -154W  SOC 68-70%  state=discharging  remainтЙИ1233m
2026-05-19 04:24:59,908 INFO n=11700  26.18V  -3.30A  -86W  SOC 68-70%  state=discharging  remainтЙИ2291m
2026-05-19 04:29:58,563 INFO n=11730  26.19V  -3.30A  -86W  SOC 68-70%  state=discharging  remainтЙИ2300m
2026-05-19 04:34:58,239 INFO n=11760  26.19V  -3.00A  -79W  SOC 68-70%  state=discharging  remainтЙИ2339m
2026-05-19 04:39:58,824 INFO n=11790  26.19V  -2.80A  -73W  SOC 67-69%  state=discharging  remainтЙИ2357m
2026-05-19 04:45:01,047 INFO n=11820  26.15V  -6.30A  -165W  SOC 67-69%  state=discharging  remainтЙИ1304m
2026-05-19 04:49:01,071 WARNING read #11841 failed (1 in a row): RuntimeError: battery 6EC69980-CA43-7DEF-519B-6235C8C535B7 not found in scan
2026-05-19 04:49:11,918 INFO BLE recovered after 1 errors
2026-05-19 04:50:37,150 INFO n=11850  26.14V  -5.80A  -152W  SOC 67-69%  state=discharging  remainтЙИ1204m
2026-05-19 04:55:34,474 INFO n=11880  26.17V  -2.80A  -73W  SOC 67-69%  state=discharging  remainтЙИ2033m
2026-05-19 05:00:45,088 INFO n=11910  26.18V  -2.90A  -76W  SOC 67-69%  state=discharging  remainтЙИ2360m
2026-05-19 05:05:53,894 INFO n=11940  26.18V  -2.80A  -73W  SOC 67-69%  state=discharging  remainтЙИ2390m
2026-05-19 05:10:48,790 INFO n=11970  26.19V  -2.90A  -76W  SOC 66-68%  state=discharging  remainтЙИ2325m
2026-05-19 05:15:54,168 INFO n=12000  26.19V  -2.80A  -73W  SOC 66-68%  state=discharging  remainтЙИ2373m
2026-05-19 05:20:55,557 INFO n=12030  26.14V  -5.80A  -152W  SOC 66-68%  state=discharging  remainтЙИ1159m
2026-05-19 05:26:00,724 INFO n=12060  26.13V  -5.50A  -144W  SOC 66-68%  state=discharging  remainтЙИ1196m
2026-05-19 05:26:50,791 WARNING read #12064 failed (1 in a row): RuntimeError: battery 6EC69980-CA43-7DEF-519B-6235C8C535B7 not found in scan
2026-05-19 05:26:56,382 INFO BLE recovered after 1 errors
2026-05-19 05:31:26,095 INFO n=12090  26.17V  -2.90A  -76W  SOC 66-68%  state=discharging  remainтЙИ2328m
2026-05-19 05:36:27,432 INFO n=12120  26.18V  -2.50A  -65W  SOC 65-68%  state=discharging  remainтЙИ2612m
2026-06-29 23:24:29,079 INFO starting: csv=data/pack.csv interval=10.0s a=09:01:00:14:7E:DC b=09:01:00:11:55:DF
2026-06-29 23:24:29,089 WARNING CSV schema drift: archived old file with 22 cols тЖТ pack.csv.v1-2324; new file will use the current 32-col schema
2026-06-29 23:24:29,153 WARNING read #1 failed (1 in a row): BleakDBusError: [org.bluez.Error.InProgress] Operation already in progress
2026-06-29 23:24:39,122 WARNING read #1 failed (2 in a row): BleakDBusError: [org.bluez.Error.InProgress] Operation already in progress
2026-06-29 23:24:49,129 WARNING read #1 failed (3 in a row): BleakDBusError: [org.bluez.Error.InProgress] Operation already in progress
2026-06-29 23:24:59,124 WARNING read #1 failed (4 in a row): BleakDBusError: [org.bluez.Error.InProgress] Operation already in progress
2026-06-29 23:25:19,158 WARNING read #1 failed (5 in a row): BleakDBusError: [org.bluez.Error.InProgress] Operation already in progress
2026-06-29 23:25:44,187 WARNING read #1 failed (6 in a row): BleakDBusError: [org.bluez.Error.InProgress] Operation already in progress
2026-06-29 23:26:14,233 WARNING read #1 failed (7 in a row): BleakDBusError: [org.bluez.Error.InProgress] Operation already in progress
2026-06-29 23:34:45,512 INFO starting: csv=data/pack.csv interval=10.0s a=09:01:00:14:7E:DC b=09:01:00:11:55:DF
2026-06-29 23:34:56,381 INFO n=1  26.41V  -8.80A  -232W  SOC 74-84%  state=discharging  remainтЙИ873m
2026-06-29 23:38:28,235 ERROR V-12V200AH-0667|55DF: TX BLE request error (BleakGATTProtocolError)
2026-06-29 23:38:28,242 ERROR V-12V200AH-0667|55DF: TX BLE request error (BleakDBusError)
2026-06-29 23:38:30,286 WARNING read #13 failed (1 in a row): TimeoutError: 
2026-06-29 23:38:41,368 INFO BLE recovered after 1 errors
2026-06-29 23:39:01,401 WARNING read #14 failed (1 in a row): RuntimeError: battery 09:01:00:11:55:DF not found in scan
2026-06-29 23:39:11,368 INFO BLE recovered after 1 errors
2026-06-29 23:41:51,437 WARNING read #23 failed (1 in a row): RuntimeError: battery 09:01:00:14:7E:DC not found in scan
2026-06-29 23:42:02,376 INFO BLE recovered after 1 errors
2026-06-29 23:43:54,370 INFO n=30  26.40V  -8.40A  -222W  SOC 73-83%  state=discharging  remainтЙИ880m
2026-06-29 23:50:37,866 INFO starting: csv=data/pack.csv interval=10.0s a=09:01:00:14:7E:DC b=09:01:00:11:55:DF
2026-06-29 23:50:48,402 INFO n=1  26.43V  -6.00A  -159W  SOC 73-83%  state=discharging  remainтЙИ1260m
2026-06-29 23:51:29,828 WARNING read #3 failed (1 in a row): BleakNotFoundError: 09:01:00:11:55:DF - 09:01:00:11:55:DF: Failed to connect after 4 attempt(s): device 'dev_09_01_00_11_55_DF' not found: The device disappeared; Try restarting the scanner or moving the device closer
2026-06-29 23:51:49,907 WARNING read #3 failed (2 in a row): RuntimeError: battery 09:01:00:11:55:DF not found in scan
2026-06-29 23:52:09,968 WARNING read #3 failed (3 in a row): RuntimeError: battery 09:01:00:11:55:DF not found in scan
2026-06-29 23:52:30,022 WARNING read #3 failed (4 in a row): RuntimeError: battery 09:01:00:11:55:DF not found in scan
2026-06-29 23:53:10,072 WARNING read #3 failed (5 in a row): RuntimeError: battery 09:01:00:11:55:DF not found in scan
2026-06-29 23:53:55,131 WARNING read #3 failed (6 in a row): RuntimeError: battery 09:01:00:11:55:DF not found in scan
2026-06-29 23:54:45,190 WARNING read #3 failed (7 in a row): RuntimeError: battery 09:01:00:11:55:DF not found in scan
2026-06-29 23:55:40,245 WARNING read #3 failed (8 in a row): RuntimeError: battery 09:01:00:11:55:DF not found in scan
2026-06-29 23:56:40,318 WARNING read #3 failed (9 in a row): RuntimeError: battery 09:01:00:11:55:DF not found in scan
2026-06-29 23:57:45,393 WARNING read #3 failed (10 in a row): RuntimeError: battery 09:01:00:11:55:DF not found in scan
2026-06-29 23:58:55,470 WARNING read #3 failed (11 in a row): RuntimeError: battery 09:01:00:11:55:DF not found in scan
2026-06-30 00:00:44,522 INFO starting: csv=data/pack.csv interval=10.0s a=09:01:00:14:7E:DC b=09:01:00:11:55:DF
2026-06-30 00:01:04,598 WARNING read #1 failed (1 in a row): RuntimeError: battery 09:01:00:11:55:DF not found in scan
2026-06-30 00:01:24,649 WARNING read #1 failed (2 in a row): RuntimeError: battery 09:01:00:11:55:DF not found in scan
2026-06-30 00:01:44,752 WARNING read #1 failed (3 in a row): RuntimeError: battery 09:01:00:11:55:DF not found in scan
2026-06-30 00:02:04,850 WARNING read #1 failed (4 in a row): RuntimeError: battery 09:01:00:11:55:DF not found in scan
2026-06-30 00:02:44,910 WARNING read #1 failed (5 in a row): RuntimeError: battery 09:01:00:11:55:DF not found in scan
2026-06-30 00:03:29,962 WARNING read #1 failed (6 in a row): RuntimeError: battery 09:01:00:11:55:DF not found in scan
2026-06-30 00:04:59,087 INFO starting: csv=data/pack.csv interval=10.0s a=09:01:00:14:7E:DC b=09:01:00:11:55:DF
2026-06-30 00:05:19,179 WARNING read #1 failed (1 in a row): RuntimeError: battery 09:01:00:11:55:DF not found in scan
2026-06-30 00:05:39,229 WARNING read #1 failed (2 in a row): RuntimeError: battery 09:01:00:11:55:DF not found in scan
2026-06-30 00:05:59,279 WARNING read #1 failed (3 in a row): RuntimeError: battery 09:01:00:11:55:DF not found in scan
2026-06-30 00:06:19,330 WARNING read #1 failed (4 in a row): RuntimeError: battery 09:01:00:11:55:DF not found in scan
2026-06-30 00:06:59,415 WARNING read #1 failed (5 in a row): RuntimeError: battery 09:01:00:11:55:DF not found in scan
2026-06-30 00:07:44,755 WARNING read #1 failed (6 in a row): RuntimeError: battery 09:01:00:11:55:DF not found in scan
2026-06-30 00:09:33,096 INFO starting: csv=data/pack.csv interval=10.0s a=09:01:00:14:7E:DC b=09:01:00:11:55:DF
2026-06-30 00:09:53,195 WARNING read #1 failed (1 in a row): RuntimeError: battery 09:01:00:11:55:DF not found in scan
2026-06-30 00:10:13,235 WARNING read #1 failed (2 in a row): RuntimeError: battery 09:01:00:11:55:DF not found in scan
2026-06-30 00:10:33,283 WARNING read #1 failed (3 in a row): RuntimeError: battery 09:01:00:11:55:DF not found in scan
2026-06-30 00:10:53,340 WARNING read #1 failed (4 in a row): RuntimeError: battery 09:01:00:11:55:DF not found in scan
2026-06-30 00:11:33,399 WARNING read #1 failed (5 in a row): RuntimeError: battery 09:01:00:11:55:DF not found in scan
2026-06-30 00:12:18,500 WARNING read #1 failed (6 in a row): RuntimeError: battery 09:01:00:11:55:DF not found in scan
2026-06-30 00:12:39,207 INFO starting: csv=data/pack.csv interval=10.0s a=09:01:00:14:7E:DC b=09:01:00:11:55:DF
                                                                                                                       2026-06-30 00:14:12,028 INFO starting: csv=data/pack.csv interval=10.0s a=09:01:00:14:7E:DC b=09:01:00:11:55:DF
2026-06-30 00:14:32,130 WARNING read #1 failed (1 in a row): RuntimeError: battery 09:01:00:11:55:DF not found in scan
2026-06-30 00:14:52,159 WARNING read #1 failed (2 in a row): RuntimeError: battery 09:01:00:11:55:DF not found in scan
2026-06-30 00:15:12,188 WARNING read #1 failed (3 in a row): RuntimeError: battery 09:01:00:11:55:DF not found in scan
2026-06-30 00:15:32,211 WARNING read #1 failed (4 in a row): RuntimeError: battery 09:01:00:11:55:DF not found in scan
2026-06-30 00:16:12,262 WARNING read #1 failed (5 in a row): RuntimeError: battery 09:01:00:11:55:DF not found in scan
2026-06-30 00:16:57,318 WARNING read #1 failed (6 in a row): RuntimeError: battery 09:01:00:11:55:DF not found in scan
2026-06-30 00:17:47,349 WARNING read #1 failed (7 in a row): RuntimeError: battery 09:01:00:11:55:DF not found in scan
2026-06-30 00:18:42,393 WARNING read #1 failed (8 in a row): RuntimeError: battery 09:01:00:11:55:DF not found in scan
2026-06-30 00:19:42,448 WARNING read #1 failed (9 in a row): RuntimeError: battery 09:01:00:11:55:DF not found in scan
2026-06-30 00:20:47,487 WARNING read #1 failed (10 in a row): RuntimeError: battery 09:01:00:11:55:DF not found in scan
2026-06-30 00:21:57,677 WARNING read #1 failed (11 in a row): RuntimeError: battery 09:01:00:11:55:DF not found in scan
2026-06-30 00:23:12,742 WARNING read #1 failed (12 in a row): RuntimeError: battery 09:01:00:11:55:DF not found in scan
2026-06-30 00:24:32,811 WARNING read #1 failed (13 in a row): RuntimeError: battery 09:01:00:11:55:DF not found in scan
2026-06-30 00:25:52,875 WARNING read #1 failed (14 in a row): RuntimeError: battery 09:01:00:11:55:DF not found in scan
2026-06-30 00:27:12,931 WARNING read #1 failed (15 in a row): RuntimeError: battery 09:01:00:11:55:DF not found in scan
2026-06-30 00:28:33,001 WARNING read #1 failed (16 in a row): RuntimeError: battery 09:01:00:11:55:DF not found in scan
2026-06-30 00:29:53,073 WARNING read #1 failed (17 in a row): RuntimeError: battery 09:01:00:11:55:DF not found in scan
2026-06-30 00:29:57,311 INFO starting: csv=data/pack.csv interval=10.0s a=09:01:00:14:7E:DC b=09:01:00:11:55:DF
2026-06-30 00:30:22,897 WARNING battery presence: A=up B=DOWN  (partial row тАФ pack totals unavailable)
2026-06-30 00:30:22,898 INFO n=1  0.00V  -7.20A  +0W  SOC 80-80%  state=discharging  remainтЙИ1167m
2026-06-30 00:39:01,679 INFO starting: csv=data/pack.csv interval=10.0s a=09:01:00:14:7E:DC b=09:01:00:11:55:DF
2026-06-30 00:39:25,903 WARNING battery presence: A=up B=DOWN  (partial row тАФ pack totals unavailable)
2026-06-30 00:39:25,904 INFO n=1  0.00V  -9.80A  +0W  SOC 80-80%  state=discharging  remainтЙИ857m
2026-06-30 00:42:37,143 INFO starting: csv=data/pack.csv interval=10.0s a=09:01:00:14:7E:DC b=09:01:00:11:55:DF
2026-06-30 00:43:00,875 WARNING battery presence: A=up B=DOWN  (partial row тАФ pack totals unavailable)
2026-06-30 00:43:00,876 INFO n=1  0.00V  -9.60A  +0W  SOC 79-79%  state=discharging  remainтЙИ862m
2026-06-30 00:54:39,886 INFO n=30  0.00V  -6.40A  +0W  SOC 78-78%  state=discharging  remainтЙИ1082m
2026-06-30 01:06:41,891 INFO n=60  0.00V  -6.00A  +0W  SOC 78-78%  state=discharging  remainтЙИ1326m
2026-06-30 01:18:41,880 INFO n=90  0.00V  -9.20A  +0W  SOC 77-77%  state=discharging  remainтЙИ886m
2026-06-30 01:30:42,881 INFO n=120  0.00V  -6.40A  +0W  SOC 76-76%  state=discharging  remainтЙИ1185m
2026-06-30 01:42:45,891 INFO n=150  0.00V  -8.40A  +0W  SOC 76-76%  state=discharging  remainтЙИ1208m
2026-06-30 01:54:46,883 INFO n=180  0.00V  -9.00A  +0W  SOC 75-75%  state=discharging  remainтЙИ873m
2026-06-30 02:06:46,886 INFO n=210  0.00V  -6.00A  +0W  SOC 74-74%  state=discharging  remainтЙИ1241m
2026-06-30 02:18:54,889 INFO n=240  0.00V  -9.20A  +0W  SOC 73-73%  state=discharging  remainтЙИ847m
2026-06-30 02:30:58,890 INFO n=270  0.00V  -6.20A  +0W  SOC 73-73%  state=discharging  remainтЙИ1092m
2026-06-30 02:43:04,890 INFO n=300  0.00V  -6.00A  +0W  SOC 72-72%  state=discharging  remainтЙИ1213m
2026-06-30 02:55:12,881 INFO n=330  0.00V  -8.80A  +0W  SOC 71-71%  state=discharging  remainтЙИ827m
2026-06-30 03:07:18,877 INFO n=360  0.00V  -4.80A  +0W  SOC 70-70%  state=discharging  remainтЙИ1427m
2026-06-30 03:19:20,881 INFO n=390  0.00V  -8.00A  +0W  SOC 70-70%  state=discharging  remainтЙИ997m
2026-06-30 03:31:24,885 INFO n=420  0.00V  -4.60A  +0W  SOC 69-69%  state=discharging  remainтЙИ1154m
2026-06-30 03:43:24,887 INFO n=450  0.00V  -4.80A  +0W  SOC 69-69%  state=discharging  remainтЙИ1471m
2026-06-30 03:55:32,878 INFO n=480  0.00V  -7.20A  +0W  SOC 68-68%  state=discharging  remainтЙИ934m
2026-06-30 04:07:34,878 INFO n=510  0.00V  -4.60A  +0W  SOC 67-67%  state=discharging  remainтЙИ1385m
2026-06-30 04:19:37,888 INFO n=540  0.00V  -8.00A  +0W  SOC 67-67%  state=discharging  remainтЙИ1100m
2026-06-30 04:31:38,884 INFO n=570  0.00V  -4.60A  +0W  SOC 66-66%  state=discharging  remainтЙИ1001m
2026-06-30 04:43:40,878 INFO n=600  0.00V  -5.00A  +0W  SOC 66-66%  state=discharging  remainтЙИ1390m
2026-06-30 04:54:49,916 WARNING read #628 failed (1 in a row): RuntimeError: neither battery found in scan (a=09:01:00:14:7E:DC b=09:01:00:11:55:DF)
2026-06-30 04:55:12,887 INFO BLE recovered after 1 errors
2026-06-30 04:56:00,887 INFO n=630  0.00V  -7.80A  +0W  SOC 65-65%  state=discharging  remainтЙИ879m
2026-06-30 05:08:08,886 INFO n=660  0.00V  -4.80A  +0W  SOC 64-64%  state=discharging  remainтЙИ1309m
2026-06-30 05:20:10,880 INFO n=690  0.00V  -4.80A  +0W  SOC 64-64%  state=discharging  remainтЙИ1355m
2026-06-30 05:32:10,904 INFO n=720  0.00V  -7.60A  +0W  SOC 63-63%  state=discharging  remainтЙИ852m
2026-06-30 05:44:11,878 INFO n=750  0.00V  -4.60A  +0W  SOC 63-63%  state=discharging  remainтЙИ1344m
2026-06-30 05:56:13,886 INFO n=780  0.00V  -6.60A  +0W  SOC 62-62%  state=discharging  remainтЙИ920m
2026-06-30 06:08:13,879 INFO n=810  0.00V  -3.40A  +0W  SOC 62-62%  state=discharging  remainтЙИ1593m
2026-06-30 06:20:13,879 INFO n=840  0.00V  -3.40A  +0W  SOC 61-61%  state=discharging  remainтЙИ1873m
2026-06-30 06:32:14,900 INFO n=870  0.00V  -5.40A  +0W  SOC 61-61%  state=discharging  remainтЙИ1083m
2026-06-30 06:44:15,892 INFO n=900  0.00V  -2.60A  +0W  SOC 60-60%  state=discharging  remainтЙИ2276m
2026-06-30 06:56:15,886 INFO n=930  0.00V  -6.20A  +0W  SOC 60-60%  state=discharging  remainтЙИ393m
2026-06-30 07:08:24,592 INFO n=960  0.00V  -2.60A  +0W  SOC 58-58%  state=discharging  remainтЙИ1502m
2026-06-30 07:20:24,879 INFO n=990  0.00V  -3.20A  +0W  SOC 58-58%  state=discharging  remainтЙИ1967m
2026-06-30 07:32:27,877 INFO n=1020  0.00V  -5.40A  +0W  SOC 57-57%  state=discharging  remainтЙИ1006m
2026-06-30 07:42:54,907 WARNING battery presence: A=up B=up
2026-06-30 07:43:32,882 INFO n=1050  25.91V  -62.90A  -1630W  SOC 45-57%  state=discharging  remainтЙИ402m
2026-06-30 07:48:40,886 INFO n=1080  26.12V  +0.00A  +0W  SOC 44-56%  state=discharging  remainтЙИ2563m
2026-06-30 07:53:48,880 INFO n=1110  26.17V  -1.40A  -37W  SOC 44-56%  state=idle  remainтЙИтАФ
2026-06-30 07:58:58,893 INFO n=1140  26.15V  -2.70A  -71W  SOC 44-56%  state=discharging  remainтЙИ1553m
2026-06-30 08:03:58,887 INFO n=1170  26.15V  -2.20A  -58W  SOC 44-56%  state=discharging  remainтЙИ1731m
2026-06-30 08:09:25,883 INFO n=1200  26.19V  +0.00A  +0W  SOC 44-56%  state=idle  remainтЙИтАФ
2026-06-30 08:13:00,391 INFO starting: csv=data/pack.csv interval=10.0s a=09:01:00:14:7E:DC b=09:01:00:11:55:DF
2026-06-30 08:13:08,840 WARNING battery presence: A=up B=up
2026-06-30 08:13:08,841 INFO n=1  26.26V  +3.70A  +97W  SOC 44-56%  state=charging  remainтЙИ1265m
2026-06-30 08:25:30,560 INFO n=30  26.25V  +1.70A  +45W  SOC 44-56%  state=charging  remainтЙИ3788m
2026-06-30 08:30:29,553 INFO n=60  26.09V  -12.20A  -318W  SOC 44-56%  state=discharging  remainтЙИ366m
2026-06-30 08:35:31,553 INFO n=90  26.24V  +3.30A  +87W  SOC 44-56%  state=charging  remainтЙИ1836m
2026-06-30 08:40:32,554 INFO n=120  26.28V  +3.50A  +92W  SOC 44-56%  state=charging  remainтЙИ1229m
2026-06-30 08:45:30,554 INFO n=150  26.28V  +3.00A  +79W  SOC 44-56%  state=charging  remainтЙИ1353m
2026-06-30 08:50:30,593 INFO n=180  26.29V  +3.60A  +95W  SOC 44-56%  state=charging  remainтЙИ1299m
2026-06-30 08:55:33,562 INFO n=210  26.24V  +0.00A  +0W  SOC 44-56%  state=idle  remainтЙИтАФ
2026-06-30 09:00:40,567 INFO n=240  26.19V  +0.00A  +0W  SOC 44-56%  state=discharging  remainтЙИ2208m
2026-06-30 09:05:52,559 INFO n=270  26.03V  +1.90A  +49W  SOC 44-56%  state=discharging  remainтЙИ283m
2026-06-30 09:08:02,640 WARNING read #282 failed (1 in a row): RuntimeError: neither battery found in scan (a=09:01:00:14:7E:DC b=09:01:00:11:55:DF)
2026-06-30 09:08:10,566 INFO BLE recovered after 1 errors
2026-06-30 09:11:18,569 INFO n=300  26.07V  +2.10A  +55W  SOC 44-56%  state=discharging  remainтЙИ1671m
2026-06-30 09:16:29,582 INFO n=330  26.20V  +4.20A  +110W  SOC 43-55%  state=charging  remainтЙИ1483m
2026-06-30 09:21:41,563 INFO n=360  26.23V  +0.60A  +16W  SOC 43-55%  state=charging  remainтЙИ3751m
2026-06-30 09:24:50,566 WARNING battery presence: A=up B=DOWN  (partial row тАФ pack totals unavailable)
2026-06-30 09:28:30,556 INFO n=390  0.00V  +2.20A  +0W  SOC 55-55%  state=charging  remainтЙИ2438m
2026-06-30 09:38:29,563 INFO n=420  0.00V  +4.20A  +0W  SOC 55-55%  state=charging  remainтЙИ2028m
2026-06-30 09:47:40,560 INFO n=450  0.00V  +4.20A  +0W  SOC 56-56%  state=charging  remainтЙИ1101m
2026-06-30 09:57:07,950 INFO V-12V200AH-0667|55DF: failed to initialize BMS connection (BleakDBusError)
2026-06-30 09:57:13,079 INFO n=480  0.00V  +4.40A  +0W  SOC 56-56%  state=charging  remainтЙИ806m
2026-06-30 09:57:34,800 WARNING battery presence: A=up B=up
2026-06-30 10:01:42,741 ERROR V-12V200AH-0667|55DF: TX BLE request error (BleakDBusError)
2026-06-30 10:01:57,150 WARNING battery presence: A=up B=DOWN  (partial row тАФ pack totals unavailable)
2026-06-30 10:02:26,478 WARNING battery presence: A=up B=up
2026-06-30 10:03:28,532 WARNING battery presence: A=up B=DOWN  (partial row тАФ pack totals unavailable)
2026-06-30 10:03:56,069 WARNING battery presence: A=up B=up
2026-06-30 10:06:46,042 WARNING battery presence: A=up B=DOWN  (partial row тАФ pack totals unavailable)
2026-06-30 10:08:22,084 WARNING battery presence: A=up B=up
2026-06-30 10:09:58,769 WARNING read #502 failed (1 in a row): RuntimeError: neither battery found in scan (a=09:01:00:14:7E:DC b=09:01:00:11:55:DF)
2026-06-30 10:12:20,672 WARNING read #502 failed (2 in a row): RuntimeError: neither battery found in scan (a=09:01:00:14:7E:DC b=09:01:00:11:55:DF)
2026-06-30 10:12:51,278 WARNING read #502 failed (3 in a row): BleakDBusError: [org.bluez.Error.InProgress] Operation already in progress
2026-06-30 10:13:53,725 WARNING read #502 failed (4 in a row): BleakDBusError: [org.bluez.Error.InProgress] Operation already in progress
2026-06-30 10:15:47,974 WARNING read #502 failed (5 in a row): BleakDBusError: [org.bluez.Error.InProgress] Operation already in progress
2026-06-30 10:17:38,016 WARNING read #502 failed (6 in a row): BleakDBusError: [org.bluez.Error.InProgress] Operation already in progress
2026-06-30 10:18:45,359 WARNING read #502 failed (7 in a row): BleakDBusError: [org.bluez.Error.InProgress] Operation already in progress
2026-06-30 10:20:30,735 WARNING read #502 failed (8 in a row): BleakDBusError: [org.bluez.Error.InProgress] Operation already in progress
2026-06-30 10:21:50,607 WARNING read #502 failed (9 in a row): BleakDBusError: [org.bluez.Error.InProgress] Operation already in progress
2026-06-30 10:23:15,887 WARNING read #502 failed (10 in a row): BleakDBusError: [org.bluez.Error.InProgress] Operation already in progress
2026-06-30 10:24:28,937 WARNING read #502 failed (11 in a row): BleakDBusError: [org.bluez.Error.InProgress] Operation already in progress
2026-06-30 10:25:47,033 WARNING read #502 failed (12 in a row): BleakDBusError: [org.bluez.Error.InProgress] Operation already in progress
2026-06-30 10:27:11,964 WARNING read #502 failed (13 in a row): BleakDBusError: [org.bluez.Error.InProgress] Operation already in progress
2026-06-30 10:29:05,133 WARNING read #502 failed (14 in a row): BleakDBusError: [org.bluez.Error.InProgress] Operation already in progress
2026-06-30 10:31:00,822 WARNING read #502 failed (15 in a row): BleakDBusError: [org.bluez.Error.InProgress] Operation already in progress
2026-06-30 10:33:52,184 WARNING read #502 failed (16 in a row): BleakDBusError: [org.bluez.Error.InProgress] Operation already in progress
2026-06-30 10:35:46,966 WARNING read #502 failed (17 in a row): BleakDBusError: [org.bluez.Error.InProgress] Operation already in progress
2026-06-30 10:37:17,091 WARNING read #502 failed (18 in a row): BleakDBusError: [org.bluez.Error.InProgress] Operation already in progress
2026-06-30 10:38:46,309 WARNING read #502 failed (19 in a row): BleakDBusError: [org.bluez.Error.InProgress] Operation already in progress
2026-06-30 10:40:08,960 WARNING read #502 failed (20 in a row): BleakDBusError: [org.bluez.Error.InProgress] Operation already in progress
2026-06-30 10:40:57,021 INFO starting: csv=data/pack.csv interval=10.0s a=09:01:00:14:7E:DC b=09:01:00:11:55:DF
2026-06-30 10:41:17,081 WARNING read #1 failed (1 in a row): BleakDBusError: [org.bluez.Error.InProgress] Operation already in progress
2026-06-30 10:41:37,115 WARNING read #1 failed (2 in a row): BleakDBusError: [org.bluez.Error.InProgress] Operation already in progress
2026-06-30 10:41:57,143 WARNING read #1 failed (3 in a row): BleakDBusError: [org.bluez.Error.InProgress] Operation already in progress
2026-06-30 10:42:17,157 WARNING read #1 failed (4 in a row): BleakDBusError: [org.bluez.Error.InProgress] Operation already in progress
2026-06-30 10:42:57,188 WARNING read #1 failed (5 in a row): BleakDBusError: [org.bluez.Error.InProgress] Operation already in progress
2026-06-30 10:43:42,248 WARNING read #1 failed (6 in a row): BleakDBusError: [org.bluez.Error.InProgress] Operation already in progress
2026-06-30 10:44:32,300 WARNING read #1 failed (7 in a row): BleakDBusError: [org.bluez.Error.InProgress] Operation already in progress
2026-06-30 10:45:20,597 INFO starting: csv=data/pack.csv interval=10.0s a=09:01:00:14:7E:DC b=09:01:00:11:55:DF
2026-06-30 10:45:40,659 WARNING read #1 failed (1 in a row): BleakDBusError: [org.bluez.Error.InProgress] Operation already in progress
2026-06-30 10:46:00,692 WARNING read #1 failed (2 in a row): BleakDBusError: [org.bluez.Error.InProgress] Operation already in progress
2026-06-30 10:46:20,705 WARNING read #1 failed (3 in a row): BleakDBusError: [org.bluez.Error.InProgress] Operation already in progress
2026-06-30 10:46:40,730 WARNING read #1 failed (4 in a row): BleakDBusError: [org.bluez.Error.InProgress] Operation already in progress
2026-06-30 10:47:14,050 INFO starting: csv=data/pack.csv interval=10.0s a=09:01:00:14:7E:DC b=09:01:00:11:55:DF
2026-06-30 10:47:22,564 WARNING battery presence: A=up B=up
2026-06-30 10:47:22,565 INFO n=1  26.40V  +4.30A  +114W  SOC 45-57%  state=charging  remainтЙИ1060m
2026-06-30 10:49:18,100 INFO starting: csv=data/pack.csv interval=10.0s a=09:01:00:14:7E:DC b=09:01:00:11:55:DF
2026-06-30 10:49:45,607 WARNING battery presence: A=DOWN B=up  (partial row тАФ pack totals unavailable)
2026-06-30 10:49:45,608 WARNING BLE wedge: 09:01:00:14:7E:DC absent from discovery but still connected (leaked link, FM-8) тАФ streak 1/6
2026-06-30 10:49:45,609 INFO n=1  0.00V  +4.40A  +0W  SOC 45-45%  state=charging  remainтЙИ1364m
2026-06-30 10:49:53,578 WARNING battery presence: A=up B=up
2026-06-30 10:55:04,561 INFO n=30  26.40V  +3.80A  +100W  SOC 45-57%  state=charging  remainтЙИ1149m
2026-06-30 11:00:38,564 INFO n=60  26.36V  +0.00A  +0W  SOC 45-57%  state=charging  remainтЙИ8702m
2026-06-30 11:03:33,064 INFO starting: csv=data/pack.csv interval=10.0s a=09:01:00:14:7E:DC b=09:01:00:11:55:DF
2026-06-30 11:03:41,655 WARNING battery presence: A=up B=up
2026-06-30 11:03:41,656 INFO n=1  26.37V  +2.90A  +76W  SOC 45-57%  state=charging  remainтЙИ1572m
2026-06-30 11:08:55,608 INFO n=30  26.47V  +7.80A  +206W  SOC 45-57%  state=charging  remainтЙИ656m
2026-06-30 11:12:43,902 INFO starting: csv=data/pack.csv interval=10.0s a=09:01:00:14:7E:DC b=09:01:00:11:55:DF
2026-06-30 11:12:54,401 WARNING battery presence: A=up B=up
2026-06-30 11:12:54,402 INFO n=1  26.63V  +18.80A  +501W  SOC 46-58%  state=charging  remainтЙИ236m
2026-06-30 11:17:43,251 INFO n=30  26.34V  +11.70A  +308W  SOC 46-58%  state=discharging  remainтЙИ431m
2026-06-30 11:22:53,272 INFO n=60  26.51V  +7.90A  +209W  SOC 46-58%  state=charging  remainтЙИ408m
2026-06-30 11:28:03,255 INFO n=90  26.55V  +13.90A  +369W  SOC 47-59%  state=charging  remainтЙИ407m
2026-06-30 11:33:15,269 WARNING battery presence: A=up B=DOWN  (partial row тАФ pack totals unavailable)
2026-06-30 11:35:06,335 WARNING read #113 failed (1 in a row): RuntimeError: neither battery found in scan (a=09:01:00:14:7E:DC b=09:01:00:11:55:DF)
2026-06-30 11:35:41,268 WARNING read #113 failed (2 in a row): RuntimeError: neither battery found in scan (a=09:01:00:14:7E:DC b=09:01:00:11:55:DF)
2026-06-30 11:36:10,258 WARNING read #113 failed (3 in a row): RuntimeError: neither battery found in scan (a=09:01:00:14:7E:DC b=09:01:00:11:55:DF)
2026-06-30 11:36:39,258 WARNING read #113 failed (4 in a row): RuntimeError: neither battery found in scan (a=09:01:00:14:7E:DC b=09:01:00:11:55:DF)
2026-06-30 11:37:17,268 INFO BLE recovered after 4 errors
2026-06-30 11:39:25,263 INFO n=120  0.00V  +4.20A  +0W  SOC 60-60%  state=charging  remainтЙИ647m
2026-06-30 11:48:18,269 INFO n=150  0.00V  +2.40A  +0W  SOC 60-60%  state=charging  remainтЙИ1330m
2026-06-30 11:57:47,266 INFO n=180  0.00V  +18.40A  +0W  SOC 61-61%  state=charging  remainтЙИ232m
2026-06-30 12:07:15,270 INFO n=210  0.00V  +13.40A  +0W  SOC 62-62%  state=charging  remainтЙИ292m
2026-06-30 12:16:40,263 INFO n=240  0.00V  +10.40A  +0W  SOC 63-63%  state=charging  remainтЙИ333m
2026-06-30 12:26:03,264 INFO n=270  0.00V  +12.20A  +0W  SOC 64-64%  state=charging  remainтЙИ298m
2026-06-30 12:36:10,264 INFO n=300  0.00V  +1.20A  +0W  SOC 64-64%  state=charging  remainтЙИ4523m
2026-06-30 12:44:47,114 WARNING read #325 failed (1 in a row): RuntimeError: neither battery found in scan (a=09:01:00:14:7E:DC b=09:01:00:11:55:DF)
2026-06-30 12:44:47,223 WARNING discovery wedged (#325, 1 scan-errors in a row): BleakDBusError: [org.bluez.Error.InProgress] Operation already in progress
2026-06-30 12:45:27,462 WARNING discovery wedged (#325, 2 scan-errors in a row): BleakDBusError: [org.bluez.Error.InProgress] Operation already in progress
2026-06-30 12:45:38,892 WARNING discovery wedged (#325, 3 scan-errors in a row): BleakDBusError: [org.bluez.Error.InProgress] Operation already in progress
2026-06-30 12:45:40,126 ERROR discovery wedged 3├Ч тАФ resetting the HCI controller
2026-06-30 12:46:07,206 INFO adapter recovery (soft): hciconfig hci0 reset
2026-06-30 12:47:11,877 WARNING discovery wedged (#325, 4 scan-errors in a row): BleakDBusError: [org.bluez.Error.InProgress] Operation already in progress
2026-06-30 15:43:01,118 WARNING read #325 failed (2 in a row): RuntimeError: neither battery found in scan (a=09:01:00:14:7E:DC b=09:01:00:11:55:DF)
2026-06-30 15:53:32,687 WARNING read #325 failed (3 in a row): RuntimeError: neither battery found in scan (a=09:01:00:14:7E:DC b=09:01:00:11:55:DF)
2026-06-30 15:55:26,547 WARNING read #325 failed (4 in a row): RuntimeError: neither battery found in scan (a=09:01:00:14:7E:DC b=09:01:00:11:55:DF)
2026-06-30 16:05:33,173 WARNING read #325 failed (5 in a row): RuntimeError: neither battery found in scan (a=09:01:00:14:7E:DC b=09:01:00:11:55:DF)
2026-06-30 16:08:41,713 WARNING discovery wedged (#325, 1 scan-errors in a row): BleakDBusError: [org.freedesktop.DBus.Error.TimedOut] Failed to activate service 'org.bluez': timed out (service_start_timeout=25000ms)
2026-06-30 16:08:42,365 WARNING discovery wedged (#325, 2 scan-errors in a row): BleakBluetoothNotAvailableError: ('No Bluetooth adapters found.', <BleakBluetoothNotAvailableReason.NO_BLUETOOTH: 1>)
2026-06-30 16:08:52,930 WARNING discovery wedged (#325, 3 scan-errors in a row): BleakBluetoothNotAvailableError: ('No Bluetooth adapters found.', <BleakBluetoothNotAvailableReason.NO_BLUETOOTH: 1>)
2026-06-30 16:08:53,040 ERROR discovery wedged 3├Ч тАФ resetting the HCI controller
2026-06-30 16:09:08,041 INFO adapter recovery (soft): hciconfig hci0 reset
2026-06-30 16:09:08,363 WARNING discovery wedged (#325, 4 scan-errors in a row): BleakBluetoothNotAvailableError: ('No Bluetooth adapters found.', <BleakBluetoothNotAvailableReason.NO_BLUETOOTH: 1>)
2026-06-30 16:22:52,803 INFO starting: csv=data/pack.csv interval=10.0s a=09:01:00:14:7E:DC b=09:01:00:11:55:DF
2026-06-30 16:23:04,363 WARNING battery presence: A=up B=up
2026-06-30 16:23:04,364 INFO n=1  26.23V  +0.70A  +18W  SOC 49-61%  state=charging  remainтЙИ5829m
2026-06-30 16:24:19,638 INFO starting: csv=data/pack.csv interval=10.0s a=09:01:00:14:7E:DC b=09:01:00:11:55:DF
2026-06-30 16:24:32,052 WARNING battery presence: A=up B=up
2026-06-30 16:24:32,053 INFO n=1  26.21V  -2.20A  -58W  SOC 49-61%  state=discharging  remainтЙИ2127m
2026-06-30 16:31:02,480 INFO n=30  26.19V  -1.70A  -45W  SOC 49-61%  state=discharging  remainтЙИ3577m
2026-06-30 16:31:26,483 WARNING battery presence: A=DOWN B=up  (partial row тАФ pack totals unavailable)
2026-06-30 16:31:41,498 WARNING battery presence: A=up B=up
2026-06-30 16:33:18,534 WARNING battery presence: A=up B=DOWN  (partial row тАФ pack totals unavailable)
2026-06-30 16:33:39,670 ERROR V-12V200AH-0533|7EDC: TX BLE request error (BleakDBusError)
2026-06-30 16:33:39,682 ERROR V-12V200AH-0533|7EDC: TX BLE request error (BleakDBusError)
2026-06-30 16:33:55,561 WARNING read #40 failed (1 in a row): RuntimeError: neither battery found in scan (a=09:01:00:14:7E:DC b=09:01:00:11:55:DF)
2026-06-30 16:34:39,566 INFO BLE recovered after 1 errors
2026-06-30 16:37:10,309 WARNING read #45 failed (1 in a row): RuntimeError: neither battery found in scan (a=09:01:00:14:7E:DC b=09:01:00:11:55:DF)
2026-06-30 16:37:29,497 INFO BLE recovered after 1 errors
2026-06-30 16:42:37,508 INFO n=60  0.00V  +0.00A  +0W  SOC 61-61%  state=idle  remainтЙИтАФ
